 64 215  87  79   0   0  79  87 215 215  87  79   0 215  87   0  79  87  79   0 215   0  87 215  79  79 215  87   0 215  79  87   0 215  87  79   0  87   0 215  79   0  79 215  87  79 215   0  87   0  87 215  79   0  79  87 215 215  79   0  87 215   0  79  87 
 64 207  79 159   0   0 159  79 207 207  79 159   0 207  79   0 159  79 159   0 207   0  79 207 159 159 207  79   0 207 159  79   0 207  79 159   0  79   0 207 159   0 159 207  79 159 207   0  79   0  79 207 159   0 159  79 207 207 159   0  79 207   0 159  79 
 64 199  71 239   0   0 239  71 199 199  71 239   0 199  71   0 239  71 239   0 199   0  71 199 239 239 199  71   0 199 239  71   0 199  71 239   0  71   0 199 239   0 239 199  71 239 199   0  71   0  71 199 239   0 239  71 199 199 239   0  71 199   0 239  71 
 64 191  63 255   0   0 255  63 191 191  63 255   0 191  63   0 255  63 255   0 191   0  63 191 255 255 191  63   0 191 255  63   0 191  63 255   0  63   0 191 255   0 255 191  63 255 191   0  63   0  63 191 255   0 255  63 191 191 255   0  63 191   0 255  63 
 64 183  55 255   0   0 255  55 183 183  55 255   0 183  55   0 255  55 255   0 183   0  55 183 255 255 183  55   0 183 255  55   0 183  55 255   0  55   0 183 255   0 255 183  55 255 183   0  55   0  55 183 255   0 255  55 183 183 255   0  55 183   0 255  55 
 64 175  47 255   0   0 255  47 175 175  47 255   0 175  47   0 255  47 255   0 175   0  47 175 255 255 175  47   0 175 255  47   0 175  47 255   0  47   0 175 255   0 255 175  47 255 175   0  47   0  47 175 255   0 255  47 175 175 255   0  47 175   0 255  47 
 64 167  39 255   0   0 255  39 167 167  39 255   0 167  39   0 255  39 255   0 167   0  39 167 255 255 167  39   0 167 255  39   0 167  39 255   0  39   0 167 255   0 255 167  39 255 167   0  39   0  39 167 255   0 255  39 167 167 255   0  39 167   0 255  39 
 64 159  31 255   0   0 255  31 159 159  31 255   0 159  31   0 255  31 255   0 159   0  31 159 255 255 159  31   0 159 255  31   0 159  31 255   0  31   0 159 255   0 255 159  31 255 159   0  31   0  31 159 255   0 255  31 159 159 255   0  31 159   0 255  31 
 64 151  23 255   0   0 255  23 151 151  23 255   0 151  23   0 255  23 255   0 151   0  23 151 255 255 151  23   0 151 255  23   0 151  23 255   0  23   0 151 255   0 255 151  23 255 151   0  23   0  23 151 255   0 255  23 151 151 255   0  23 151   0 255  23 
 64 143  15 255   0   0 255  15 143 143  15 255   0 143  15   0 255  15 255   0 143   0  15 143 255 255 143  15   0 143 255  15   0 143  15 255   0  15   0 143 255   0 255 143  15 255 143   0  15   0  15 143 255   0 255  15 143 143 255   0  15 143   0 255  15 
 64 135   7 255   0   0 255   7 135 135   7 255   0 135   7   0 255   7 255   0 135   0   7 135 255 255 135   7   0 135 255   7   0 135   7 255   0   7   0 135 255   0 255 135   7 255 135   0   7   0   7 135 255   0 255   7 135 135 255   0   7 135   0 255   7 
 64 127   0 255   0   0 255   0 127 127   0 255   0 127   0   0 255   0 255   0 127   0   0 127 255 255 127   0   0 127 255   0   0 127   0 255   0   0   0 127 255   0 255 127   0 255 127   0   0   0   0 127 255   0 255   0 127 127 255   0   0 127   0 255   0 
 64 119   0 255   0   0 255   0 119 119   0 255   0 119   0   0 255   0 255   0 119   0   0 119 255 255 119   0   0 119 255   0   0 119   0 255   0   0   0 119 255   0 255 119   0 255 119   0   0   0   0 119 255   0 255   0 119 119 255   0   0 119   0 255   0 
 64 111   0 255   0   0 255   0 111 111   0 255   0 111   0   0 255   0 255   0 111   0   0 111 255 255 111   0   0 111 255   0   0 111   0 255   0   0   0 111 255   0 255 111   0 255 111   0   0   0   0 111 255   0 255   0 111 111 255   0   0 111   0 255   0 
 64 103   0 255   0   0 255   0 103 103   0 255   0 103   0   0 255   0 255   0 103   0   0 103 255 255 103   0   0 103 255   0   0 103   0 255   0   0   0 103 255   0 255 103   0 255 103   0   0   0   0 103 255   0 255   0 103 103 255   0   0 103   0 255   0 
 64  95   0 223   0   0 223   0  95  95   0 223   0  95   0   0 223   0 223   0  95   0   0  95 223 223  95   0   0  95 223   0   0  95   0 223   0   0   0  95 223   0 223  95   0 223  95   0   0   0   0  95 223   0 223   0  95  95 223   0   0  95   0 223   0 
 64  87   0 215  79  79 215   0  87  87   0 215  79  87   0  79 215   0 215  79  87  79   0  87 215 215  87   0  79  87 215   0  79  87   0 215  79   0  79  87 215  79 215  87   0 215  87  79   0  79   0  87 215  79 215   0  87  87 215  79   0  87  79 215   0 
 64  79   0 207 159 159 207   0  79  79   0 207 159  79   0 159 207   0 207 159  79 159   0  79 207 207  79   0 159  79 207   0 159  79   0 207 159   0 159  79 207 159 207  79   0 207  79 159   0 159   0  79 207 159 207   0  79  79 207 159   0  79 159 207   0 
 64  71   0 199 239 239 199   0  71  71   0 199 239  71   0 239 199   0 199 239  71 239   0  71 199 199  71   0 239  71 199   0 239  71   0 199 239   0 239  71 199 239 199  71   0 199  71 239   0 239   0  71 199 239 199   0  71  71 199 239   0  71 239 199   0 
 64  63   0 191 255 255 191   0  63  63   0 191 255  63   0 255 191   0 191 255  63 255   0  63 191 191  63   0 255  63 191   0 255  63   0 191 255   0 255  63 191 255 191  63   0 191  63 255   0 255   0  63 191 255 191   0  63  63 191 255   0  63 255 191   0 
 64  55   0 183 255 255 183   0  55  55   0 183 255  55   0 255 183   0 183 255  55 255   0  55 183 183  55   0 255  55 183   0 255  55   0 183 255   0 255  55 183 255 183  55   0 183  55 255   0 255   0  55 183 255 183   0  55  55 183 255   0  55 255 183   0 
 64  47   0 175 255 255 175   0  47  47   0 175 255  47   0 255 175   0 175 255  47 255   0  47 175 175  47   0 255  47 175   0 255  47   0 175 255   0 255  47 175 255 175  47   0 175  47 255   0 255   0  47 175 255 175   0  47  47 175 255   0  47 255 175   0 
 64  39   0 167 255 255 167   0  39  39   0 167 255  39   0 255 167   0 167 255  39 255   0  39 167 167  39   0 255  39 167   0 255  39   0 167 255   0 255  39 167 255 167  39   0 167  39 255   0 255   0  39 167 255 167   0  39  39 167 255   0  39 255 167   0 
 64  31   0 159 255 255 159   0  31  31   0 159 255  31   0 255 159   0 159 255  31 255   0  31 159 159  31   0 255  31 159   0 255  31   0 159 255   0 255  31 159 255 159  31   0 159  31 255   0 255   0  31 159 255 159   0  31  31 159 255   0  31 255 159   0 
 64  23   0 151 255 255 151   0  23  23   0 151 255  23   0 255 151   0 151 255  23 255   0  23 151 151  23   0 255  23 151   0 255  23   0 151 255   0 255  23 151 255 151  23   0 151  23 255   0 255   0  23 151 255 151   0  23  23 151 255   0  23 255 151   0 
 64  15   0 143 255 255 143   0  15  15   0 143 255  15   0 255 143   0 143 255  15 255   0  15 143 143  15   0 255  15 143   0 255  15   0 143 255   0 255  15 143 255 143  15   0 143  15 255   0 255   0  15 143 255 143   0  15  15 143 255   0  15 255 143   0 
 64   7   0 135 255 255 135   0   7   7   0 135 255   7   0 255 135   0 135 255   7 255   0   7 135 135   7   0 255   7 135   0 255   7   0 135 255   0 255   7 135 255 135   7   0 135   7 255   0 255   0   7 135 255 135   0   7   7 135 255   0   7 255 135   0 
 64   0   0 127 255 255 127   0   0   0   0 127 255   0   0 255 127   0 127 255   0 255   0   0 127 127   0   0 255   0 127   0 255   0   0 127 255   0 255   0 127 255 127   0   0 127   0 255   0 255   0   0 127 255 127   0   0   0 127 255   0   0 255 127   0 
 64   0   0 119 255 255 119   0   0   0   0 119 255   0   0 255 119   0 119 255   0 255   0   0 119 119   0   0 255   0 119   0 255   0   0 119 255   0 255   0 119 255 119   0   0 119   0 255   0 255   0   0 119 255 119   0   0   0 119 255   0   0 255 119   0 
 64   0   0 111 255 255 111   0   0   0   0 111 255   0   0 255 111   0 111 255   0 255   0   0 111 111   0   0 255   0 111   0 255   0   0 111 255   0 255   0 111 255 111   0   0 111   0 255   0 255   0   0 111 255 111   0   0   0 111 255   0   0 255 111   0 
 64   0   0 103 255 255 103   0   0   0   0 103 255   0   0 255 103   0 103 255   0 255   0   0 103 103   0   0 255   0 103   0 255   0   0 103 255   0 255   0 103 255 103   0   0 103   0 255   0 255   0   0 103 255 103   0   0   0 103 255   0   0 255 103   0 
 64   0   0  95 223 223  95   0   0   0   0  95 223   0   0 223  95   0  95 223   0 223   0   0  95  95   0   0 223   0  95   0 223   0   0  95 223   0 223   0  95 223  95   0   0  95   0 223   0 223   0   0  95 223  95   0   0   0  95 223   0   0 223  95   0 
 64   0  79  87 215 215  87  79   0   0  79  87 215   0  79 215  87  79  87 215   0 215  79   0  87  87   0  79 215   0  87  79 215   0  79  87 215  79 215   0  87 215  87   0  79  87   0 215  79 215  79   0  87 215  87  79   0   0  87 215  79   0 215  87  79 
 64   0 159  79 207 207  79 159   0   0 159  79 207   0 159 207  79 159  79 207   0 207 159   0  79  79   0 159 207   0  79 159 207   0 159  79 207 159 207   0  79 207  79   0 159  79   0 207 159 207 159   0  79 207  79 159   0   0  79 207 159   0 207  79 159 
 64   0 239  71 199 199  71 239   0   0 239  71 199   0 239 199  71 239  71 199   0 199 239   0  71  71   0 239 199   0  71 239 199   0 239  71 199 239 199   0  71 199  71   0 239  71   0 199 239 199 239   0  71 199  71 239   0   0  71 199 239   0 199  71 239 
 64   0 255  63 191 191  63 255   0   0 255  63 191   0 255 191  63 255  63 191   0 191 255   0  63  63   0 255 191   0  63 255 191   0 255  63 191 255 191   0  63 191  63   0 255  63   0 191 255 191 255   0  63 191  63 255   0   0  63 191 255   0 191  63 255 
 64   0 255  55 183 183  55 255   0   0 255  55 183   0 255 183  55 255  55 183   0 183 255   0  55  55   0 255 183   0  55 255 183   0 255  55 183 255 183   0  55 183  55   0 255  55   0 183 255 183 255   0  55 183  55 255   0   0  55 183 255   0 183  55 255 
 64   0 255  47 175 175  47 255   0   0 255  47 175   0 255 175  47 255  47 175   0 175 255   0  47  47   0 255 175   0  47 255 175   0 255  47 175 255 175   0  47 175  47   0 255  47   0 175 255 175 255   0  47 175  47 255   0   0  47 175 255   0 175  47 255 
 64   0 255  39 167 167  39 255   0   0 255  39 167   0 255 167  39 255  39 167   0 167 255   0  39  39   0 255 167   0  39 255 167   0 255  39 167 255 167   0  39 167  39   0 255  39   0 167 255 167 255   0  39 167  39 255   0   0  39 167 255   0 167  39 255 
 64   0 255  31 159 159  31 255   0   0 255  31 159   0 255 159  31 255  31 159   0 159 255   0  31  31   0 255 159   0  31 255 159   0 255  31 159 255 159   0  31 159  31   0 255  31   0 159 255 159 255   0  31 159  31 255   0   0  31 159 255   0 159  31 255 
 64   0 255  23 151 151  23 255   0   0 255  23 151   0 255 151  23 255  23 151   0 151 255   0  23  23   0 255 151   0  23 255 151   0 255  23 151 255 151   0  23 151  23   0 255  23   0 151 255 151 255   0  23 151  23 255   0   0  23 151 255   0 151  23 255 
 64   0 255  15 143 143  15 255   0   0 255  15 143   0 255 143  15 255  15 143   0 143 255   0  15  15   0 255 143   0  15 255 143   0 255  15 143 255 143   0  15 143  15   0 255  15   0 143 255 143 255   0  15 143  15 255   0   0  15 143 255   0 143  15 255 
 64   0 255   7 135 135   7 255   0   0 255   7 135   0 255 135   7 255   7 135   0 135 255   0   7   7   0 255 135   0   7 255 135   0 255   7 135 255 135   0   7 135   7   0 255   7   0 135 255 135 255   0   7 135   7 255   0   0   7 135 255   0 135   7 255 
 64   0 255   0 127 127   0 255   0   0 255   0 127   0 255 127   0 255   0 127   0 127 255   0   0   0   0 255 127   0   0 255 127   0 255   0 127 255 127   0   0 127   0   0 255   0   0 127 255 127 255   0   0 127   0 255   0   0   0 127 255   0 127   0 255 
 64   0 255   0 119 119   0 255   0   0 255   0 119   0 255 119   0 255   0 119   0 119 255   0   0   0   0 255 119   0   0 255 119   0 255   0 119 255 119   0   0 119   0   0 255   0   0 119 255 119 255   0   0 119   0 255   0   0   0 119 255   0 119   0 255 
 64   0 255   0 111 111   0 255   0   0 255   0 111   0 255 111   0 255   0 111   0 111 255   0   0   0   0 255 111   0   0 255 111   0 255   0 111 255 111   0   0 111   0   0 255   0   0 111 255 111 255   0   0 111   0 255   0   0   0 111 255   0 111   0 255 
 64   0 255   0 103 103   0 255   0   0 255   0 103   0 255 103   0 255   0 103   0 103 255   0   0   0   0 255 103   0   0 255 103   0 255   0 103 255 103   0   0 103   0   0 255   0   0 103 255 103 255   0   0 103   0 255   0   0   0 103 255   0 103   0 255 
 64   0 223   0  95  95   0 223   0   0 223   0  95   0 223  95   0 223   0  95   0  95 223   0   0   0   0 223  95   0   0 223  95   0 223   0  95 223  95   0   0  95   0   0 223   0   0  95 223  95 223   0   0  95   0 223   0   0   0  95 223   0  95   0 223 
 64  79 215   0  87  87   0 215  79  79 215   0  87  79 215  87   0 215   0  87  79  87 215  79   0   0  79 215  87  79   0 215  87  79 215   0  87 215  87  79   0  87   0  79 215   0  79  87 215  87 215  79   0  87   0 215  79  79   0  87 215  79  87   0 215 
 64 159 207   0  79  79   0 207 159 159 207   0  79 159 207  79   0 207   0  79 159  79 207 159   0   0 159 207  79 159   0 207  79 159 207   0  79 207  79 159   0  79   0 159 207   0 159  79 207  79 207 159   0  79   0 207 159 159   0  79 207 159  79   0 207 
 64 239 199   0  71  71   0 199 239 239 199   0  71 239 199  71   0 199   0  71 239  71 199 239   0   0 239 199  71 239   0 199  71 239 199   0  71 199  71 239   0  71   0 239 199   0 239  71 199  71 199 239   0  71   0 199 239 239   0  71 199 239  71   0 199 
 64 255 191   0  63  63   0 191 255 255 191   0  63 255 191  63   0 191   0  63 255  63 191 255   0   0 255 191  63 255   0 191  63 255 191   0  63 191  63 255   0  63   0 255 191   0 255  63 191  63 191 255   0  63   0 191 255 255   0  63 191 255  63   0 191 
 64 255 183   0  55  55   0 183 255 255 183   0  55 255 183  55   0 183   0  55 255  55 183 255   0   0 255 183  55 255   0 183  55 255 183   0  55 183  55 255   0  55   0 255 183   0 255  55 183  55 183 255   0  55   0 183 255 255   0  55 183 255  55   0 183 
 64 255 175   0  47  47   0 175 255 255 175   0  47 255 175  47   0 175   0  47 255  47 175 255   0   0 255 175  47 255   0 175  47 255 175   0  47 175  47 255   0  47   0 255 175   0 255  47 175  47 175 255   0  47   0 175 255 255   0  47 175 255  47   0 175 
 64 255 167   0  39  39   0 167 255 255 167   0  39 255 167  39   0 167   0  39 255  39 167 255   0   0 255 167  39 255   0 167  39 255 167   0  39 167  39 255   0  39   0 255 167   0 255  39 167  39 167 255   0  39   0 167 255 255   0  39 167 255  39   0 167 
 64 255 159   0  31  31   0 159 255 255 159   0  31 255 159  31   0 159   0  31 255  31 159 255   0   0 255 159  31 255   0 159  31 255 159   0  31 159  31 255   0  31   0 255 159   0 255  31 159  31 159 255   0  31   0 159 255 255   0  31 159 255  31   0 159 
 64 255 151   0  23  23   0 151 255 255 151   0  23 255 151  23   0 151   0  23 255  23 151 255   0   0 255 151  23 255   0 151  23 255 151   0  23 151  23 255   0  23   0 255 151   0 255  23 151  23 151 255   0  23   0 151 255 255   0  23 151 255  23   0 151 
 64 255 143   0  15  15   0 143 255 255 143   0  15 255 143  15   0 143   0  15 255  15 143 255   0   0 255 143  15 255   0 143  15 255 143   0  15 143  15 255   0  15   0 255 143   0 255  15 143  15 143 255   0  15   0 143 255 255   0  15 143 255  15   0 143 
 64 255 135   0   7   7   0 135 255 255 135   0   7 255 135   7   0 135   0   7 255   7 135 255   0   0 255 135   7 255   0 135   7 255 135   0   7 135   7 255   0   7   0 255 135   0 255   7 135   7 135 255   0   7   0 135 255 255   0   7 135 255   7   0 135 
 64 255 127   0   0   0   0 127 255 255 127   0   0 255 127   0   0 127   0   0 255   0 127 255   0   0 255 127   0 255   0 127   0 255 127   0   0 127   0 255   0   0   0 255 127   0 255   0 127   0 127 255   0   0   0 127 255 255   0   0 127 255   0   0 127 
 64 255 119   0   0   0   0 119 255 255 119   0   0 255 119   0   0 119   0   0 255   0 119 255   0   0 255 119   0 255   0 119   0 255 119   0   0 119   0 255   0   0   0 255 119   0 255   0 119   0 119 255   0   0   0 119 255 255   0   0 119 255   0   0 119 
 64 255 111   0   0   0   0 111 255 255 111   0   0 255 111   0   0 111   0   0 255   0 111 255   0   0 255 111   0 255   0 111   0 255 111   0   0 111   0 255   0   0   0 255 111   0 255   0 111   0 111 255   0   0   0 111 255 255   0   0 111 255   0   0 111 
 64 255 103   0   0   0   0 103 255 255 103   0   0 255 103   0   0 103   0   0 255   0 103 255   0   0 255 103   0 255   0 103   0 255 103   0   0 103   0 255   0   0   0 255 103   0 255   0 103   0 103 255   0   0   0 103 255 255   0   0 103 255   0   0 103 
 64 223  95   0   0   0   0  95 223 223  95   0   0 223  95   0   0  95   0   0 223   0  95 223   0   0 223  95   0 223   0  95   0 223  95   0   0  95   0 223   0   0   0 223  95   0 223   0  95   0  95 223   0   0   0  95 223 223   0   0  95 223   0   0  95 
 64 215  87  79   0   0  79  87 215 215  87  79   0 215  87   0  79  87  79   0 215   0  87 215  79  79 215  87   0 215  79  87   0 215  87  79   0  87   0 215  79   0  79 215  87  79 215   0  87   0  87 215  79   0  79  87 215 215  79   0  87 215   0  79  87 
 64 207  79 159   0   0 159  79 207 207  79 159   0 207  79   0 159  79 159   0 207   0  79 207 159 159 207  79   0 207 159  79   0 207  79 159   0  79   0 207 159   0 159 207  79 159 207   0  79   0  79 207 159   0 159  79 207 207 159   0  79 207   0 159  79 
 64 199  71 239   0   0 239  71 199 199  71 239   0 199  71   0 239  71 239   0 199   0  71 199 239 239 199  71   0 199 239  71   0 199  71 239   0  71   0 199 239   0 239 199  71 239 199   0  71   0  71 199 239   0 239  71 199 199 239   0  71 199   0 239  71 
 64 191  63 255   0   0 255  63 191 191  63 255   0 191  63   0 255  63 255   0 191   0  63 191 255 255 191  63   0 191 255  63   0 191  63 255   0  63   0 191 255   0 255 191  63 255 191   0  63   0  63 191 255   0 255  63 191 191 255   0  63 191   0 255  63 
 64 183  55 255   0   0 255  55 183 183  55 255   0 183  55   0 255  55 255   0 183   0  55 183 255 255 183  55   0 183 255  55   0 183  55 255   0  55   0 183 255   0 255 183  55 255 183   0  55   0  55 183 255   0 255  55 183 183 255   0  55 183   0 255  55 
 64 175  47 255   0   0 255  47 175 175  47 255   0 175  47   0 255  47 255   0 175   0  47 175 255 255 175  47   0 175 255  47   0 175  47 255   0  47   0 175 255   0 255 175  47 255 175   0  47   0  47 175 255   0 255  47 175 175 255   0  47 175   0 255  47 
 64 167  39 255   0   0 255  39 167 167  39 255   0 167  39   0 255  39 255   0 167   0  39 167 255 255 167  39   0 167 255  39   0 167  39 255   0  39   0 167 255   0 255 167  39 255 167   0  39   0  39 167 255   0 255  39 167 167 255   0  39 167   0 255  39 
 64 159  31 255   0   0 255  31 159 159  31 255   0 159  31   0 255  31 255   0 159   0  31 159 255 255 159  31   0 159 255  31   0 159  31 255   0  31   0 159 255   0 255 159  31 255 159   0  31   0  31 159 255   0 255  31 159 159 255   0  31 159   0 255  31 
 64 151  23 255   0   0 255  23 151 151  23 255   0 151  23   0 255  23 255   0 151   0  23 151 255 255 151  23   0 151 255  23   0 151  23 255   0  23   0 151 255   0 255 151  23 255 151   0  23   0  23 151 255   0 255  23 151 151 255   0  23 151   0 255  23 
 64 143  15 255   0   0 255  15 143 143  15 255   0 143  15   0 255  15 255   0 143   0  15 143 255 255 143  15   0 143 255  15   0 143  15 255   0  15   0 143 255   0 255 143  15 255 143   0  15   0  15 143 255   0 255  15 143 143 255   0  15 143   0 255  15 
 64 135   7 255   0   0 255   7 135 135   7 255   0 135   7   0 255   7 255   0 135   0   7 135 255 255 135   7   0 135 255   7   0 135   7 255   0   7   0 135 255   0 255 135   7 255 135   0   7   0   7 135 255   0 255   7 135 135 255   0   7 135   0 255   7 
 64 127   0 255   0   0 255   0 127 127   0 255   0 127   0   0 255   0 255   0 127   0   0 127 255 255 127   0   0 127 255   0   0 127   0 255   0   0   0 127 255   0 255 127   0 255 127   0   0   0   0 127 255   0 255   0 127 127 255   0   0 127   0 255   0 
 64 119   0 255   0   0 255   0 119 119   0 255   0 119   0   0 255   0 255   0 119   0   0 119 255 255 119   0   0 119 255   0   0 119   0 255   0   0   0 119 255   0 255 119   0 255 119   0   0   0   0 119 255   0 255   0 119 119 255   0   0 119   0 255   0 
 64 111   0 255   0   0 255   0 111 111   0 255   0 111   0   0 255   0 255   0 111   0   0 111 255 255 111   0   0 111 255   0   0 111   0 255   0   0   0 111 255   0 255 111   0 255 111   0   0   0   0 111 255   0 255   0 111 111 255   0   0 111   0 255   0 
 64 103   0 255   0   0 255   0 103 103   0 255   0 103   0   0 255   0 255   0 103   0   0 103 255 255 103   0   0 103 255   0   0 103   0 255   0   0   0 103 255   0 255 103   0 255 103   0   0   0   0 103 255   0 255   0 103 103 255   0   0 103   0 255   0 
 64  95   0 223   0   0 223   0  95  95   0 223   0  95   0   0 223   0 223   0  95   0   0  95 223 223  95   0   0  95 223   0   0  95   0 223   0   0   0  95 223   0 223  95   0 223  95   0   0   0   0  95 223   0 223   0  95  95 223   0   0  95   0 223   0 
 64  87   0 215  79  79 215   0  87  87   0 215  79  87   0  79 215   0 215  79  87  79   0  87 215 215  87   0  79  87 215   0  79  87   0 215  79   0  79  87 215  79 215  87   0 215  87  79   0  79   0  87 215  79 215   0  87  87 215  79   0  87  79 215   0 
 64  79   0 207 159 159 207   0  79  79   0 207 159  79   0 159 207   0 207 159  79 159   0  79 207 207  79   0 159  79 207   0 159  79   0 207 159   0 159  79 207 159 207  79   0 207  79 159   0 159   0  79 207 159 207   0  79  79 207 159   0  79 159 207   0 
 64  71   0 199 239 239 199   0  71  71   0 199 239  71   0 239 199   0 199 239  71 239   0  71 199 199  71   0 239  71 199   0 239  71   0 199 239   0 239  71 199 239 199  71   0 199  71 239   0 239   0  71 199 239 199   0  71  71 199 239   0  71 239 199   0 
 64  63   0 191 255 255 191   0  63  63   0 191 255  63   0 255 191   0 191 255  63 255   0  63 191 191  63   0 255  63 191   0 255  63   0 191 255   0 255  63 191 255 191  63   0 191  63 255   0 255   0  63 191 255 191   0  63  63 191 255   0  63 255 191   0 
 64  55   0 183 255 255 183   0  55  55   0 183 255  55   0 255 183   0 183 255  55 255   0  55 183 183  55   0 255  55 183   0 255  55   0 183 255   0 255  55 183 255 183  55   0 183  55 255   0 255   0  55 183 255 183   0  55  55 183 255   0  55 255 183   0 
 64  47   0 175 255 255 175   0  47  47   0 175 255  47   0 255 175   0 175 255  47 255   0  47 175 175  47   0 255  47 175   0 255  47   0 175 255   0 255  47 175 255 175  47   0 175  47 255   0 255   0  47 175 255 175   0  47  47 175 255   0  47 255 175   0 
 64  39   0 167 255 255 167   0  39  39   0 167 255  39   0 255 167   0 167 255  39 255   0  39 167 167  39   0 255  39 167   0 255  39   0 167 255   0 255  39 167 255 167  39   0 167  39 255   0 255   0  39 167 255 167   0  39  39 167 255   0  39 255 167   0 
 64  31   0 159 255 255 159   0  31  31   0 159 255  31   0 255 159   0 159 255  31 255   0  31 159 159  31   0 255  31 159   0 255  31   0 159 255   0 255  31 159 255 159  31   0 159  31 255   0 255   0  31 159 255 159   0  31  31 159 255   0  31 255 159   0 
 64  23   0 151 255 255 151   0  23  23   0 151 255  23   0 255 151   0 151 255  23 255   0  23 151 151  23   0 255  23 151   0 255  23   0 151 255   0 255  23 151 255 151  23   0 151  23 255   0 255   0  23 151 255 151   0  23  23 151 255   0  23 255 151   0 
 64  15   0 143 255 255 143   0  15  15   0 143 255  15   0 255 143   0 143 255  15 255   0  15 143 143  15   0 255  15 143   0 255  15   0 143 255   0 255  15 143 255 143  15   0 143  15 255   0 255   0  15 143 255 143   0  15  15 143 255   0  15 255 143   0 
 64   7   0 135 255 255 135   0   7   7   0 135 255   7   0 255 135   0 135 255   7 255   0   7 135 135   7   0 255   7 135   0 255   7   0 135 255   0 255   7 135 255 135   7   0 135   7 255   0 255   0   7 135 255 135   0   7   7 135 255   0   7 255 135   0 
 64   0   0 127 255 255 127   0   0   0   0 127 255   0   0 255 127   0 127 255   0 255   0   0 127 127   0   0 255   0 127   0 255   0   0 127 255   0 255   0 127 255 127   0   0 127   0 255   0 255   0   0 127 255 127   0   0   0 127 255   0   0 255 127   0 
 64   0   0 119 255 255 119   0   0   0   0 119 255   0   0 255 119   0 119 255   0 255   0   0 119 119   0   0 255   0 119   0 255   0   0 119 255   0 255   0 119 255 119   0   0 119   0 255   0 255   0   0 119 255 119   0   0   0 119 255   0   0 255 119   0 
 64   0   0 111 255 255 111   0   0   0   0 111 255   0   0 255 111   0 111 255   0 255   0   0 111 111   0   0 255   0 111   0 255   0   0 111 255   0 255   0 111 255 111   0   0 111   0 255   0 255   0   0 111 255 111   0   0   0 111 255   0   0 255 111   0 
 64   0   0 103 255 255 103   0   0   0   0 103 255   0   0 255 103   0 103 255   0 255   0   0 103 103   0   0 255   0 103   0 255   0   0 103 255   0 255   0 103 255 103   0   0 103   0 255   0 255   0   0 103 255 103   0   0   0 103 255   0   0 255 103   0 
 64   0   0  95 223 223  95   0   0   0   0  95 223   0   0 223  95   0  95 223   0 223   0   0  95  95   0   0 223   0  95   0 223   0   0  95 223   0 223   0  95 223  95   0   0  95   0 223   0 223   0   0  95 223  95   0   0   0  95 223   0   0 223  95   0 
 64   0  79  87 215 215  87  79   0   0  79  87 215   0  79 215  87  79  87 215   0 215  79   0  87  87   0  79 215   0  87  79 215   0  79  87 215  79 215   0  87 215  87   0  79  87   0 215  79 215  79   0  87 215  87  79   0   0  87 215  79   0 215  87  79 
 64   0 159  79 207 207  79 159   0   0 159  79 207   0 159 207  79 159  79 207   0 207 159   0  79  79   0 159 207   0  79 159 207   0 159  79 207 159 207   0  79 207  79   0 159  79   0 207 159 207 159   0  79 207  79 159   0   0  79 207 159   0 207  79 159 
 64   0 239  71 199 199  71 239   0   0 239  71 199   0 239 199  71 239  71 199   0 199 239   0  71  71   0 239 199   0  71 239 199   0 239  71 199 239 199   0  71 199  71   0 239  71   0 199 239 199 239   0  71 199  71 239   0   0  71 199 239   0 199  71 239 
 64   0 255  63 191 191  63 255   0   0 255  63 191   0 255 191  63 255  63 191   0 191 255   0  63  63   0 255 191   0  63 255 191   0 255  63 191 255 191   0  63 191  63   0 255  63   0 191 255 191 255   0  63 191  63 255   0   0  63 191 255   0 191  63 255 
 64   0 255  55 183 183  55 255   0   0 255  55 183   0 255 183  55 255  55 183   0 183 255   0  55  55   0 255 183   0  55 255 183   0 255  55 183 255 183   0  55 183  55   0 255  55   0 183 255 183 255   0  55 183  55 255   0   0  55 183 255   0 183  55 255 
 64   0 255  47 175 175  47 255   0   0 255  47 175   0 255 175  47 255  47 175   0 175 255   0  47  47   0 255 175   0  47 255 175   0 255  47 175 255 175   0  47 175  47   0 255  47   0 175 255 175 255   0  47 175  47 255   0   0  47 175 255   0 175  47 255 
 64   0 255  39 167 167  39 255   0   0 255  39 167   0 255 167  39 255  39 167   0 167 255   0  39  39   0 255 167   0  39 255 167   0 255  39 167 255 167   0  39 167  39   0 255  39   0 167 255 167 255   0  39 167  39 255   0   0  39 167 255   0 167  39 255 
 64   0 255  31 159 159  31 255   0   0 255  31 159   0 255 159  31 255  31 159   0 159 255   0  31  31   0 255 159   0  31 255 159   0 255  31 159 255 159   0  31 159  31   0 255  31   0 159 255 159 255   0  31 159  31 255   0   0  31 159 255   0 159  31 255 
 64   0 255  23 151 151  23 255   0   0 255  23 151   0 255 151  23 255  23 151   0 151 255   0  23  23   0 255 151   0  23 255 151   0 255  23 151 255 151   0  23 151  23   0 255  23   0 151 255 151 255   0  23 151  23 255   0   0  23 151 255   0 151  23 255 
 64   0 255  15 143 143  15 255   0   0 255  15 143   0 255 143  15 255  15 143   0 143 255   0  15  15   0 255 143   0  15 255 143   0 255  15 143 255 143   0  15 143  15   0 255  15   0 143 255 143 255   0  15 143  15 255   0   0  15 143 255   0 143  15 255 
 64   0 255   7 135 135   7 255   0   0 255   7 135   0 255 135   7 255   7 135   0 135 255   0   7   7   0 255 135   0   7 255 135   0 255   7 135 255 135   0   7 135   7   0 255   7   0 135 255 135 255   0   7 135   7 255   0   0   7 135 255   0 135   7 255 
 64   0 255   0 127 127   0 255   0   0 255   0 127   0 255 127   0 255   0 127   0 127 255   0   0   0   0 255 127   0   0 255 127   0 255   0 127 255 127   0   0 127   0   0 255   0   0 127 255 127 255   0   0 127   0 255   0   0   0 127 255   0 127   0 255 
 64   0 255   0 119 119   0 255   0   0 255   0 119   0 255 119   0 255   0 119   0 119 255   0   0   0   0 255 119   0   0 255 119   0 255   0 119 255 119   0   0 119   0   0 255   0   0 119 255 119 255   0   0 119   0 255   0   0   0 119 255   0 119   0 255 
 64   0 255   0 111 111   0 255   0   0 255   0 111   0 255 111   0 255   0 111   0 111 255   0   0   0   0 255 111   0   0 255 111   0 255   0 111 255 111   0   0 111   0   0 255   0   0 111 255 111 255   0   0 111   0 255   0   0   0 111 255   0 111   0 255 
 64   0 255   0 103 103   0 255   0   0 255   0 103   0 255 103   0 255   0 103   0 103 255   0   0   0   0 255 103   0   0 255 103   0 255   0 103 255 103   0   0 103   0   0 255   0   0 103 255 103 255   0   0 103   0 255   0   0   0 103 255   0 103   0 255 
 64   0 223   0  95  95   0 223   0   0 223   0  95   0 223  95   0 223   0  95   0  95 223   0   0   0   0 223  95   0   0 223  95   0 223   0  95 223  95   0   0  95   0   0 223   0   0  95 223  95 223   0   0  95   0 223   0   0   0  95 223   0  95   0 223 
 64  79 215   0  87  87   0 215  79  79 215   0  87  79 215  87   0 215   0  87  79  87 215  79   0   0  79 215  87  79   0 215  87  79 215   0  87 215  87  79   0  87   0  79 215   0  79  87 215  87 215  79   0  87   0 215  79  79   0  87 215  79  87   0 215 
 64 159 207   0  79  79   0 207 159 159 207   0  79 159 207  79   0 207   0  79 159  79 207 159   0   0 159 207  79 159   0 207  79 159 207   0  79 207  79 159   0  79   0 159 207   0 159  79 207  79 207 159   0  79   0 207 159 159   0  79 207 159  79   0 207 
 64 239 199   0  71  71   0 199 239 239 199   0  71 239 199  71   0 199   0  71 239  71 199 239   0   0 239 199  71 239   0 199  71 239 199   0  71 199  71 239   0  71   0 239 199   0 239  71 199  71 199 239   0  71   0 199 239 239   0  71 199 239  71   0 199 
 64 255 191   0  63  63   0 191 255 255 191   0  63 255 191  63   0 191   0  63 255  63 191 255   0   0 255 191  63 255   0 191  63 255 191   0  63 191  63 255   0  63   0 255 191   0 255  63 191  63 191 255   0  63   0 191 255 255   0  63 191 255  63   0 191 
 64 255 183   0  55  55   0 183 255 255 183   0  55 255 183  55   0 183   0  55 255  55 183 255   0   0 255 183  55 255   0 183  55 255 183   0  55 183  55 255   0  55   0 255 183   0 255  55 183  55 183 255   0  55   0 183 255 255   0  55 183 255  55   0 183 
 64 255 175   0  47  47   0 175 255 255 175   0  47 255 175  47   0 175   0  47 255  47 175 255   0   0 255 175  47 255   0 175  47 255 175   0  47 175  47 255   0  47   0 255 175   0 255  47 175  47 175 255   0  47   0 175 255 255   0  47 175 255  47   0 175 
 64 255 167   0  39  39   0 167 255 255 167   0  39 255 167  39   0 167   0  39 255  39 167 255   0   0 255 167  39 255   0 167  39 255 167   0  39 167  39 255   0  39   0 255 167   0 255  39 167  39 167 255   0  39   0 167 255 255   0  39 167 255  39   0 167 
 64 255 159   0  31  31   0 159 255 255 159   0  31 255 159  31   0 159   0  31 255  31 159 255   0   0 255 159  31 255   0 159  31 255 159   0  31 159  31 255   0  31   0 255 159   0 255  31 159  31 159 255   0  31   0 159 255 255   0  31 159 255  31   0 159 
 64 255 151   0  23  23   0 151 255 255 151   0  23 255 151  23   0 151   0  23 255  23 151 255   0   0 255 151  23 255   0 151  23 255 151   0  23 151  23 255   0  23   0 255 151   0 255  23 151  23 151 255   0  23   0 151 255 255   0  23 151 255  23   0 151 
 64 255 143   0  15  15   0 143 255 255 143   0  15 255 143  15   0 143   0  15 255  15 143 255   0   0 255 143  15 255   0 143  15 255 143   0  15 143  15 255   0  15   0 255 143   0 255  15 143  15 143 255   0  15   0 143 255 255   0  15 143 255  15   0 143 
 64 255 135   0   7   7   0 135 255 255 135   0   7 255 135   7   0 135   0   7 255   7 135 255   0   0 255 135   7 255   0 135   7 255 135   0   7 135   7 255   0   7   0 255 135   0 255   7 135   7 135 255   0   7   0 135 255 255   0   7 135 255   7   0 135 
 64 255 127   0   0   0   0 127 255 255 127   0   0 255 127   0   0 127   0   0 255   0 127 255   0   0 255 127   0 255   0 127   0 255 127   0   0 127   0 255   0   0   0 255 127   0 255   0 127   0 127 255   0   0   0 127 255 255   0   0 127 255   0   0 127 
 64 255 119   0   0   0   0 119 255 255 119   0   0 255 119   0   0 119   0   0 255   0 119 255   0   0 255 119   0 255   0 119   0 255 119   0   0 119   0 255   0   0   0 255 119   0 255   0 119   0 119 255   0   0   0 119 255 255   0   0 119 255   0   0 119 
 64 255 111   0   0   0   0 111 255 255 111   0   0 255 111   0   0 111   0   0 255   0 111 255   0   0 255 111   0 255   0 111   0 255 111   0   0 111   0 255   0   0   0 255 111   0 255   0 111   0 111 255   0   0   0 111 255 255   0   0 111 255   0   0 111 
 64 255 103   0   0   0   0 103 255 255 103   0   0 255 103   0   0 103   0   0 255   0 103 255   0   0 255 103   0 255   0 103   0 255 103   0   0 103   0 255   0   0   0 255 103   0 255   0 103   0 103 255   0   0   0 103 255 255   0   0 103 255   0   0 103 
 64 223  95   0   0   0   0  95 223 223  95   0   0 223  95   0   0  95   0   0 223   0  95 223   0   0 223  95   0 223   0  95   0 223  95   0   0  95   0 223   0   0   0 223  95   0 223   0  95   0  95 223   0   0   0  95 223 223   0   0  95 223   0   0  95 
 64 215  87  79   0   0  79  87 215 215  87  79   0 215  87   0  79  87  79   0 215   0  87 215  79  79 215  87   0 215  79  87   0 215  87  79   0  87   0 215  79   0  79 215  87  79 215   0  87   0  87 215  79   0  79  87 215 215  79   0  87 215   0  79  87 
 64 207  79 159   0   0 159  79 207 207  79 159   0 207  79   0 159  79 159   0 207   0  79 207 159 159 207  79   0 207 159  79   0 207  79 159   0  79   0 207 159   0 159 207  79 159 207   0  79   0  79 207 159   0 159  79 207 207 159   0  79 207   0 159  79 
 64 199  71 239   0   0 239  71 199 199  71 239   0 199  71   0 239  71 239   0 199   0  71 199 239 239 199  71   0 199 239  71   0 199  71 239   0  71   0 199 239   0 239 199  71 239 199   0  71   0  71 199 239   0 239  71 199 199 239   0  71 199   0 239  71 
 64 191  63 255   0   0 255  63 191 191  63 255   0 191  63   0 255  63 255   0 191   0  63 191 255 255 191  63   0 191 255  63   0 191  63 255   0  63   0 191 255   0 255 191  63 255 191   0  63   0  63 191 255   0 255  63 191 191 255   0  63 191   0 255  63 
 64 183  55 255   0   0 255  55 183 183  55 255   0 183  55   0 255  55 255   0 183   0  55 183 255 255 183  55   0 183 255  55   0 183  55 255   0  55   0 183 255   0 255 183  55 255 183   0  55   0  55 183 255   0 255  55 183 183 255   0  55 183   0 255  55 
 64 175  47 255   0   0 255  47 175 175  47 255   0 175  47   0 255  47 255   0 175   0  47 175 255 255 175  47   0 175 255  47   0 175  47 255   0  47   0 175 255   0 255 175  47 255 175   0  47   0  47 175 255   0 255  47 175 175 255   0  47 175   0 255  47 
 64 167  39 255   0   0 255  39 167 167  39 255   0 167  39   0 255  39 255   0 167   0  39 167 255 255 167  39   0 167 255  39   0 167  39 255   0  39   0 167 255   0 255 167  39 255 167   0  39   0  39 167 255   0 255  39 167 167 255   0  39 167   0 255  39 
 64 159  31 255   0   0 255  31 159 159  31 255   0 159  31   0 255  31 255   0 159   0  31 159 255 255 159  31   0 159 255  31   0 159  31 255   0  31   0 159 255   0 255 159  31 255 159   0  31   0  31 159 255   0 255  31 159 159 255   0  31 159   0 255  31 
 64 151  23 255   0   0 255  23 151 151  23 255   0 151  23   0 255  23 255   0 151   0  23 151 255 255 151  23   0 151 255  23   0 151  23 255   0  23   0 151 255   0 255 151  23 255 151   0  23   0  23 151 255   0 255  23 151 151 255   0  23 151   0 255  23 
 64 143  15 255   0   0 255  15 143 143  15 255   0 143  15   0 255  15 255   0 143   0  15 143 255 255 143  15   0 143 255  15   0 143  15 255   0  15   0 143 255   0 255 143  15 255 143   0  15   0  15 143 255   0 255  15 143 143 255   0  15 143   0 255  15 
 64 135   7 255   0   0 255   7 135 135   7 255   0 135   7   0 255   7 255   0 135   0   7 135 255 255 135   7   0 135 255   7   0 135   7 255   0   7   0 135 255   0 255 135   7 255 135   0   7   0   7 135 255   0 255   7 135 135 255   0   7 135   0 255   7 
 64 127   0 255   0   0 255   0 127 127   0 255   0 127   0   0 255   0 255   0 127   0   0 127 255 255 127   0   0 127 255   0   0 127   0 255   0   0   0 127 255   0 255 127   0 255 127   0   0   0   0 127 255   0 255   0 127 127 255   0   0 127   0 255   0 
 64 119   0 255   0   0 255   0 119 119   0 255   0 119   0   0 255   0 255   0 119   0   0 119 255 255 119   0   0 119 255   0   0 119   0 255   0   0   0 119 255   0 255 119   0 255 119   0   0   0   0 119 255   0 255   0 119 119 255   0   0 119   0 255   0 
 64 111   0 255   0   0 255   0 111 111   0 255   0 111   0   0 255   0 255   0 111   0   0 111 255 255 111   0   0 111 255   0   0 111   0 255   0   0   0 111 255   0 255 111   0 255 111   0   0   0   0 111 255   0 255   0 111 111 255   0   0 111   0 255   0 
 64 103   0 255   0   0 255   0 103 103   0 255   0 103   0   0 255   0 255   0 103   0   0 103 255 255 103   0   0 103 255   0   0 103   0 255   0   0   0 103 255   0 255 103   0 255 103   0   0   0   0 103 255   0 255   0 103 103 255   0   0 103   0 255   0 
 64  95   0 223   0   0 223   0  95  95   0 223   0  95   0   0 223   0 223   0  95   0   0  95 223 223  95   0   0  95 223   0   0  95   0 223   0   0   0  95 223   0 223  95   0 223  95   0   0   0   0  95 223   0 223   0  95  95 223   0   0  95   0 223   0 
 64  87   0 215  79  79 215   0  87  87   0 215  79  87   0  79 215   0 215  79  87  79   0  87 215 215  87   0  79  87 215   0  79  87   0 215  79   0  79  87 215  79 215  87   0 215  87  79   0  79   0  87 215  79 215   0  87  87 215  79   0  87  79 215   0 
 64  79   0 207 159 159 207   0  79  79   0 207 159  79   0 159 207   0 207 159  79 159   0  79 207 207  79   0 159  79 207   0 159  79   0 207 159   0 159  79 207 159 207  79   0 207  79 159   0 159   0  79 207 159 207   0  79  79 207 159   0  79 159 207   0 
 64  71   0 199 239 239 199   0  71  71   0 199 239  71   0 239 199   0 199 239  71 239   0  71 199 199  71   0 239  71 199   0 239  71   0 199 239   0 239  71 199 239 199  71   0 199  71 239   0 239   0  71 199 239 199   0  71  71 199 239   0  71 239 199   0 
 64  63   0 191 255 255 191   0  63  63   0 191 255  63   0 255 191   0 191 255  63 255   0  63 191 191  63   0 255  63 191   0 255  63   0 191 255   0 255  63 191 255 191  63   0 191  63 255   0 255   0  63 191 255 191   0  63  63 191 255   0  63 255 191   0 
 64  55   0 183 255 255 183   0  55  55   0 183 255  55   0 255 183   0 183 255  55 255   0  55 183 183  55   0 255  55 183   0 255  55   0 183 255   0 255  55 183 255 183  55   0 183  55 255   0 255   0  55 183 255 183   0  55  55 183 255   0  55 255 183   0 
 64  47   0 175 255 255 175   0  47  47   0 175 255  47   0 255 175   0 175 255  47 255   0  47 175 175  47   0 255  47 175   0 255  47   0 175 255   0 255  47 175 255 175  47   0 175  47 255   0 255   0  47 175 255 175   0  47  47 175 255   0  47 255 175   0 
 64  39   0 167 255 255 167   0  39  39   0 167 255  39   0 255 167   0 167 255  39 255   0  39 167 167  39   0 255  39 167   0 255  39   0 167 255   0 255  39 167 255 167  39   0 167  39 255   0 255   0  39 167 255 167   0  39  39 167 255   0  39 255 167   0 
 64  31   0 159 255 255 159   0  31  31   0 159 255  31   0 255 159   0 159 255  31 255   0  31 159 159  31   0 255  31 159   0 255  31   0 159 255   0 255  31 159 255 159  31   0 159  31 255   0 255   0  31 159 255 159   0  31  31 159 255   0  31 255 159   0 
 64  23   0 151 255 255 151   0  23  23   0 151 255  23   0 255 151   0 151 255  23 255   0  23 151 151  23   0 255  23 151   0 255  23   0 151 255   0 255  23 151 255 151  23   0 151  23 255   0 255   0  23 151 255 151   0  23  23 151 255   0  23 255 151   0 
 64  15   0 143 255 255 143   0  15  15   0 143 255  15   0 255 143   0 143 255  15 255   0  15 143 143  15   0 255  15 143   0 255  15   0 143 255   0 255  15 143 255 143  15   0 143  15 255   0 255   0  15 143 255 143   0  15  15 143 255   0  15 255 143   0 
 64   7   0 135 255 255 135   0   7   7   0 135 255   7   0 255 135   0 135 255   7 255   0   7 135 135   7   0 255   7 135   0 255   7   0 135 255   0 255   7 135 255 135   7   0 135   7 255   0 255   0   7 135 255 135   0   7   7 135 255   0   7 255 135   0 
 64   0   0 127 255 255 127   0   0   0   0 127 255   0   0 255 127   0 127 255   0 255   0   0 127 127   0   0 255   0 127   0 255   0   0 127 255   0 255   0 127 255 127   0   0 127   0 255   0 255   0   0 127 255 127   0   0   0 127 255   0   0 255 127   0 
 64   0   0 119 255 255 119   0   0   0   0 119 255   0   0 255 119   0 119 255   0 255   0   0 119 119   0   0 255   0 119   0 255   0   0 119 255   0 255   0 119 255 119   0   0 119   0 255   0 255   0   0 119 255 119   0   0   0 119 255   0   0 255 119   0 
 64   0   0 111 255 255 111   0   0   0   0 111 255   0   0 255 111   0 111 255   0 255   0   0 111 111   0   0 255   0 111   0 255   0   0 111 255   0 255   0 111 255 111   0   0 111   0 255   0 255   0   0 111 255 111   0   0   0 111 255   0   0 255 111   0 
 64   0   0 103 255 255 103   0   0   0   0 103 255   0   0 255 103   0 103 255   0 255   0   0 103 103   0   0 255   0 103   0 255   0   0 103 255   0 255   0 103 255 103   0   0 103   0 255   0 255   0   0 103 255 103   0   0   0 103 255   0   0 255 103   0 
 64   0   0  95 223 223  95   0   0   0   0  95 223   0   0 223  95   0  95 223   0 223   0   0  95  95   0   0 223   0  95   0 223   0   0  95 223   0 223   0  95 223  95   0   0  95   0 223   0 223   0   0  95 223  95   0   0   0  95 223   0   0 223  95   0 
 64   0  79  87 215 215  87  79   0   0  79  87 215   0  79 215  87  79  87 215   0 215  79   0  87  87   0  79 215   0  87  79 215   0  79  87 215  79 215   0  87 215  87   0  79  87   0 215  79 215  79   0  87 215  87  79   0   0  87 215  79   0 215  87  79 
 64   0 159  79 207 207  79 159   0   0 159  79 207   0 159 207  79 159  79 207   0 207 159   0  79  79   0 159 207   0  79 159 207   0 159  79 207 159 207   0  79 207  79   0 159  79   0 207 159 207 159   0  79 207  79 159   0   0  79 207 159   0 207  79 159 
 64   0 239  71 199 199  71 239   0   0 239  71 199   0 239 199  71 239  71 199   0 199 239   0  71  71   0 239 199   0  71 239 199   0 239  71 199 239 199   0  71 199  71   0 239  71   0 199 239 199 239   0  71 199  71 239   0   0  71 199 239   0 199  71 239 
 64   0 255  63 191 191  63 255   0   0 255  63 191   0 255 191  63 255  63 191   0 191 255   0  63  63   0 255 191   0  63 255 191   0 255  63 191 255 191   0  63 191  63   0 255  63   0 191 255 191 255   0  63 191  63 255   0   0  63 191 255   0 191  63 255 
 64   0 255  55 183 183  55 255   0   0 255  55 183   0 255 183  55 255  55 183   0 183 255   0  55  55   0 255 183   0  55 255 183   0 255  55 183 255 183   0  55 183  55   0 255  55   0 183 255 183 255   0  55 183  55 255   0   0  55 183 255   0 183  55 255 
 64   0 255  47 175 175  47 255   0   0 255  47 175   0 255 175  47 255  47 175   0 175 255   0  47  47   0 255 175   0  47 255 175   0 255  47 175 255 175   0  47 175  47   0 255  47   0 175 255 175 255   0  47 175  47 255   0   0  47 175 255   0 175  47 255 
 64   0 255  39 167 167  39 255   0   0 255  39 167   0 255 167  39 255  39 167   0 167 255   0  39  39   0 255 167   0  39 255 167   0 255  39 167 255 167   0  39 167  39   0 255  39   0 167 255 167 255   0  39 167  39 255   0   0  39 167 255   0 167  39 255 
 64   0 255  31 159 159  31 255   0   0 255  31 159   0 255 159  31 255  31 159   0 159 255   0  31  31   0 255 159   0  31 255 159   0 255  31 159 255 159   0  31 159  31   0 255  31   0 159 255 159 255   0  31 159  31 255   0   0  31 159 255   0 159  31 255 
 64   0 255  23 151 151  23 255   0   0 255  23 151   0 255 151  23 255  23 151   0 151 255   0  23  23   0 255 151   0  23 255 151   0 255  23 151 255 151   0  23 151  23   0 255  23   0 151 255 151 255   0  23 151  23 255   0   0  23 151 255   0 151  23 255 
 64   0 255  15 143 143  15 255   0   0 255  15 143   0 255 143  15 255  15 143   0 143 255   0  15  15   0 255 143   0  15 255 143   0 255  15 143 255 143   0  15 143  15   0 255  15   0 143 255 143 255   0  15 143  15 255   0   0  15 143 255   0 143  15 255 
 64   0 255   7 135 135   7 255   0   0 255   7 135   0 255 135   7 255   7 135   0 135 255   0   7   7   0 255 135   0   7 255 135   0 255   7 135 255 135   0   7 135   7   0 255   7   0 135 255 135 255   0   7 135   7 255   0   0   7 135 255   0 135   7 255 
 64   0 255   0 127 127   0 255   0   0 255   0 127   0 255 127   0 255   0 127   0 127 255   0   0   0   0 255 127   0   0 255 127   0 255   0 127 255 127   0   0 127   0   0 255   0   0 127 255 127 255   0   0 127   0 255   0   0   0 127 255   0 127   0 255 
 64   0 255   0 119 119   0 255   0   0 255   0 119   0 255 119   0 255   0 119   0 119 255   0   0   0   0 255 119   0   0 255 119   0 255   0 119 255 119   0   0 119   0   0 255   0   0 119 255 119 255   0   0 119   0 255   0   0   0 119 255   0 119   0 255 
 64   0 255   0 111 111   0 255   0   0 255   0 111   0 255 111   0 255   0 111   0 111 255   0   0   0   0 255 111   0   0 255 111   0 255   0 111 255 111   0   0 111   0   0 255   0   0 111 255 111 255   0   0 111   0 255   0   0   0 111 255   0 111   0 255 
 64   0 255   0 103 103   0 255   0   0 255   0 103   0 255 103   0 255   0 103   0 103 255   0   0   0   0 255 103   0   0 255 103   0 255   0 103 255 103   0   0 103   0   0 255   0   0 103 255 103 255   0   0 103   0 255   0   0   0 103 255   0 103   0 255 
 64   0 223   0  95  95   0 223   0   0 223   0  95   0 223  95   0 223   0  95   0  95 223   0   0   0   0 223  95   0   0 223  95   0 223   0  95 223  95   0   0  95   0   0 223   0   0  95 223  95 223   0   0  95   0 223   0   0   0  95 223   0  95   0 223 
 64  79 215   0  87  87   0 215  79  79 215   0  87  79 215  87   0 215   0  87  79  87 215  79   0   0  79 215  87  79   0 215  87  79 215   0  87 215  87  79   0  87   0  79 215   0  79  87 215  87 215  79   0  87   0 215  79  79   0  87 215  79  87   0 215 
 64 159 207   0  79  79   0 207 159 159 207   0  79 159 207  79   0 207   0  79 159  79 207 159   0   0 159 207  79 159   0 207  79 159 207   0  79 207  79 159   0  79   0 159 207   0 159  79 207  79 207 159   0  79   0 207 159 159   0  79 207 159  79   0 207 
 64 239 199   0  71  71   0 199 239 239 199   0  71 239 199  71   0 199   0  71 239  71 199 239   0   0 239 199  71 239   0 199  71 239 199   0  71 199  71 239   0  71   0 239 199   0 239  71 199  71 199 239   0  71   0 199 239 239   0  71 199 239  71   0 199 
 64 255 191   0  63  63   0 191 255 255 191   0  63 255 191  63   0 191   0  63 255  63 191 255   0   0 255 191  63 255   0 191  63 255 191   0  63 191  63 255   0  63   0 255 191   0 255  63 191  63 191 255   0  63   0 191 255 255   0  63 191 255  63   0 191 
 64 255 183   0  55  55   0 183 255 255 183   0  55 255 183  55   0 183   0  55 255  55 183 255   0   0 255 183  55 255   0 183  55 255 183   0  55 183  55 255   0  55   0 255 183   0 255  55 183  55 183 255   0  55   0 183 255 255   0  55 183 255  55   0 183 
 64 255 175   0  47  47   0 175 255 255 175   0  47 255 175  47   0 175   0  47 255  47 175 255   0   0 255 175  47 255   0 175  47 255 175   0  47 175  47 255   0  47   0 255 175   0 255  47 175  47 175 255   0  47   0 175 255 255   0  47 175 255  47   0 175 
 64 255 167   0  39  39   0 167 255 255 167   0  39 255 167  39   0 167   0  39 255  39 167 255   0   0 255 167  39 255   0 167  39 255 167   0  39 167  39 255   0  39   0 255 167   0 255  39 167  39 167 255   0  39   0 167 255 255   0  39 167 255  39   0 167 
 64 255 159   0  31  31   0 159 255 255 159   0  31 255 159  31   0 159   0  31 255  31 159 255   0   0 255 159  31 255   0 159  31 255 159   0  31 159  31 255   0  31   0 255 159   0 255  31 159  31 159 255   0  31   0 159 255 255   0  31 159 255  31   0 159 
 64 255 151   0  23  23   0 151 255 255 151   0  23 255 151  23   0 151   0  23 255  23 151 255   0   0 255 151  23 255   0 151  23 255 151   0  23 151  23 255   0  23   0 255 151   0 255  23 151  23 151 255   0  23   0 151 255 255   0  23 151 255  23   0 151 
 64 255 143   0  15  15   0 143 255 255 143   0  15 255 143  15   0 143   0  15 255  15 143 255   0   0 255 143  15 255   0 143  15 255 143   0  15 143  15 255   0  15   0 255 143   0 255  15 143  15 143 255   0  15   0 143 255 255   0  15 143 255  15   0 143 
 64 255 135   0   7   7   0 135 255 255 135   0   7 255 135   7   0 135   0   7 255   7 135 255   0   0 255 135   7 255   0 135   7 255 135   0   7 135   7 255   0   7   0 255 135   0 255   7 135   7 135 255   0   7   0 135 255 255   0   7 135 255   7   0 135 
 64 255 127   0   0   0   0 127 255 255 127   0   0 255 127   0   0 127   0   0 255   0 127 255   0   0 255 127   0 255   0 127   0 255 127   0   0 127   0 255   0   0   0 255 127   0 255   0 127   0 127 255   0   0   0 127 255 255   0   0 127 255   0   0 127 
 64 255 119   0   0   0   0 119 255 255 119   0   0 255 119   0   0 119   0   0 255   0 119 255   0   0 255 119   0 255   0 119   0 255 119   0   0 119   0 255   0   0   0 255 119   0 255   0 119   0 119 255   0   0   0 119 255 255   0   0 119 255   0   0 119 
 64 255 111   0   0   0   0 111 255 255 111   0   0 255 111   0   0 111   0   0 255   0 111 255   0   0 255 111   0 255   0 111   0 255 111   0   0 111   0 255   0   0   0 255 111   0 255   0 111   0 111 255   0   0   0 111 255 255   0   0 111 255   0   0 111 
 64 255 103   0   0   0   0 103 255 255 103   0   0 255 103   0   0 103   0   0 255   0 103 255   0   0 255 103   0 255   0 103   0 255 103   0   0 103   0 255   0   0   0 255 103   0 255   0 103   0 103 255   0   0   0 103 255 255   0   0 103 255   0   0 103 
 64 223  95   0   0   0   0  95 223 223  95   0   0 223  95   0   0  95   0   0 223   0  95 223   0   0 223  95   0 223   0  95   0 223  95   0   0  95   0 223   0   0   0 223  95   0 223   0  95   0  95 223   0   0   0  95 223 223   0   0  95 223   0   0  95 
 64 215  87  79   0   0  79  87 215 215  87  79   0 215  87   0  79  87  79   0 215   0  87 215  79  79 215  87   0 215  79  87   0 215  87  79   0  87   0 215  79   0  79 215  87  79 215   0  87   0  87 215  79   0  79  87 215 215  79   0  87 215   0  79  87 
 64 207  79 159   0   0 159  79 207 207  79 159   0 207  79   0 159  79 159   0 207   0  79 207 159 159 207  79   0 207 159  79   0 207  79 159   0  79   0 207 159   0 159 207  79 159 207   0  79   0  79 207 159   0 159  79 207 207 159   0  79 207   0 159  79 
 64 199  71 239   0   0 239  71 199 199  71 239   0 199  71   0 239  71 239   0 199   0  71 199 239 239 199  71   0 199 239  71   0 199  71 239   0  71   0 199 239   0 239 199  71 239 199   0  71   0  71 199 239   0 239  71 199 199 239   0  71 199   0 239  71 
 64 191  63 255   0   0 255  63 191 191  63 255   0 191  63   0 255  63 255   0 191   0  63 191 255 255 191  63   0 191 255  63   0 191  63 255   0  63   0 191 255   0 255 191  63 255 191   0  63   0  63 191 255   0 255  63 191 191 255   0  63 191   0 255  63 
 64 183  55 255   0   0 255  55 183 183  55 255   0 183  55   0 255  55 255   0 183   0  55 183 255 255 183  55   0 183 255  55   0 183  55 255   0  55   0 183 255   0 255 183  55 255 183   0  55   0  55 183 255   0 255  55 183 183 255   0  55 183   0 255  55 
 64 175  47 255   0   0 255  47 175 175  47 255   0 175  47   0 255  47 255   0 175   0  47 175 255 255 175  47   0 175 255  47   0 175  47 255   0  47   0 175 255   0 255 175  47 255 175   0  47   0  47 175 255   0 255  47 175 175 255   0  47 175   0 255  47 
 64 167  39 255   0   0 255  39 167 167  39 255   0 167  39   0 255  39 255   0 167   0  39 167 255 255 167  39   0 167 255  39   0 167  39 255   0  39   0 167 255   0 255 167  39 255 167   0  39   0  39 167 255   0 255  39 167 167 255   0  39 167   0 255  39 
 64 159  31 255   0   0 255  31 159 159  31 255   0 159  31   0 255  31 255   0 159   0  31 159 255 255 159  31   0 159 255  31   0 159  31 255   0  31   0 159 255   0 255 159  31 255 159   0  31   0  31 159 255   0 255  31 159 159 255   0  31 159   0 255  31 
 64 151  23 255   0   0 255  23 151 151  23 255   0 151  23   0 255  23 255   0 151   0  23 151 255 255 151  23   0 151 255  23   0 151  23 255   0  23   0 151 255   0 255 151  23 255 151   0  23   0  23 151 255   0 255  23 151 151 255   0  23 151   0 255  23 
 64 143  15 255   0   0 255  15 143 143  15 255   0 143  15   0 255  15 255   0 143   0  15 143 255 255 143  15   0 143 255  15   0 143  15 255   0  15   0 143 255   0 255 143  15 255 143   0  15   0  15 143 255   0 255  15 143 143 255   0  15 143   0 255  15 
 64 135   7 255   0   0 255   7 135 135   7 255   0 135   7   0 255   7 255   0 135   0   7 135 255 255 135   7   0 135 255   7   0 135   7 255   0   7   0 135 255   0 255 135   7 255 135   0   7   0   7 135 255   0 255   7 135 135 255   0   7 135   0 255   7 
 64 127   0 255   0   0 255   0 127 127   0 255   0 127   0   0 255   0 255   0 127   0   0 127 255 255 127   0   0 127 255   0   0 127   0 255   0   0   0 127 255   0 255 127   0 255 127   0   0   0   0 127 255   0 255   0 127 127 255   0   0 127   0 255   0 
 64 119   0 255   0   0 255   0 119 119   0 255   0 119   0   0 255   0 255   0 119   0   0 119 255 255 119   0   0 119 255   0   0 119   0 255   0   0   0 119 255   0 255 119   0 255 119   0   0   0   0 119 255   0 255   0 119 119 255   0   0 119   0 255   0 
 64 111   0 255   0   0 255   0 111 111   0 255   0 111   0   0 255   0 255   0 111   0   0 111 255 255 111   0   0 111 255   0   0 111   0 255   0   0   0 111 255   0 255 111   0 255 111   0   0   0   0 111 255   0 255   0 111 111 255   0   0 111   0 255   0 
 64 103   0 255   0   0 255   0 103 103   0 255   0 103   0   0 255   0 255   0 103   0   0 103 255 255 103   0   0 103 255   0   0 103   0 255   0   0   0 103 255   0 255 103   0 255 103   0   0   0   0 103 255   0 255   0 103 103 255   0   0 103   0 255   0 
 64  95   0 223   0   0 223   0  95  95   0 223   0  95   0   0 223   0 223   0  95   0   0  95 223 223  95   0   0  95 223   0   0  95   0 223   0   0   0  95 223   0 223  95   0 223  95   0   0   0   0  95 223   0 223   0  95  95 223   0   0  95   0 223   0 
 64  87   0 215  79  79 215   0  87  87   0 215  79  87   0  79 215   0 215  79  87  79   0  87 215 215  87   0  79  87 215   0  79  87   0 215  79   0  79  87 215  79 215  87   0 215  87  79   0  79   0  87 215  79 215   0  87  87 215  79   0  87  79 215   0 
 64  79   0 207 159 159 207   0  79  79   0 207 159  79   0 159 207   0 207 159  79 159   0  79 207 207  79   0 159  79 207   0 159  79   0 207 159   0 159  79 207 159 207  79   0 207  79 159   0 159   0  79 207 159 207   0  79  79 207 159   0  79 159 207   0 
 64  71   0 199 239 239 199   0  71  71   0 199 239  71   0 239 199   0 199 239  71 239   0  71 199 199  71   0 239  71 199   0 239  71   0 199 239   0 239  71 199 239 199  71   0 199  71 239   0 239   0  71 199 239 199   0  71  71 199 239   0  71 239 199   0 
 64  63   0 191 255 255 191   0  63  63   0 191 255  63   0 255 191   0 191 255  63 255   0  63 191 191  63   0 255  63 191   0 255  63   0 191 255   0 255  63 191 255 191  63   0 191  63 255   0 255   0  63 191 255 191   0  63  63 191 255   0  63 255 191   0 
 64  55   0 183 255 255 183   0  55  55   0 183 255  55   0 255 183   0 183 255  55 255   0  55 183 183  55   0 255  55 183   0 255  55   0 183 255   0 255  55 183 255 183  55   0 183  55 255   0 255   0  55 183 255 183   0  55  55 183 255   0  55 255 183   0 
 64  47   0 175 255 255 175   0  47  47   0 175 255  47   0 255 175   0 175 255  47 255   0  47 175 175  47   0 255  47 175   0 255  47   0 175 255   0 255  47 175 255 175  47   0 175  47 255   0 255   0  47 175 255 175   0  47  47 175 255   0  47 255 175   0 
 64  39   0 167 255 255 167   0  39  39   0 167 255  39   0 255 167   0 167 255  39 255   0  39 167 167  39   0 255  39 167   0 255  39   0 167 255   0 255  39 167 255 167  39   0 167  39 255   0 255   0  39 167 255 167   0  39  39 167 255   0  39 255 167   0 
 64  31   0 159 255 255 159   0  31  31   0 159 255  31   0 255 159   0 159 255  31 255   0  31 159 159  31   0 255  31 159   0 255  31   0 159 255   0 255  31 159 255 159  31   0 159  31 255   0 255   0  31 159 255 159   0  31  31 159 255   0  31 255 159   0 
 64  23   0 151 255 255 151   0  23  23   0 151 255  23   0 255 151   0 151 255  23 255   0  23 151 151  23   0 255  23 151   0 255  23   0 151 255   0 255  23 151 255 151  23   0 151  23 255   0 255   0  23 151 255 151   0  23  23 151 255   0  23 255 151   0 
 64  15   0 143 255 255 143   0  15  15   0 143 255  15   0 255 143   0 143 255  15 255   0  15 143 143  15   0 255  15 143   0 255  15   0 143 255   0 255  15 143 255 143  15   0 143  15 255   0 255   0  15 143 255 143   0  15  15 143 255   0  15 255 143   0 
 64   7   0 135 255 255 135   0   7   7   0 135 255   7   0 255 135   0 135 255   7 255   0   7 135 135   7   0 255   7 135   0 255   7   0 135 255   0 255   7 135 255 135   7   0 135   7 255   0 255   0   7 135 255 135   0   7   7 135 255   0   7 255 135   0 
 64   0   0 127 255 255 127   0   0   0   0 127 255   0   0 255 127   0 127 255   0 255   0   0 127 127   0   0 255   0 127   0 255   0   0 127 255   0 255   0 127 255 127   0   0 127   0 255   0 255   0   0 127 255 127   0   0   0 127 255   0   0 255 127   0 
 64   0   0 119 255 255 119   0   0   0   0 119 255   0   0 255 119   0 119 255   0 255   0   0 119 119   0   0 255   0 119   0 255   0   0 119 255   0 255   0 119 255 119   0   0 119   0 255   0 255   0   0 119 255 119   0   0   0 119 255   0   0 255 119   0 
 64   0   0 111 255 255 111   0   0   0   0 111 255   0   0 255 111   0 111 255   0 255   0   0 111 111   0   0 255   0 111   0 255   0   0 111 255   0 255   0 111 255 111   0   0 111   0 255   0 255   0   0 111 255 111   0   0   0 111 255   0   0 255 111   0 
 64   0   0 103 255 255 103   0   0   0   0 103 255   0   0 255 103   0 103 255   0 255   0   0 103 103   0   0 255   0 103   0 255   0   0 103 255   0 255   0 103 255 103   0   0 103   0 255   0 255   0   0 103 255 103   0   0   0 103 255   0   0 255 103   0 
 64   0   0  95 223 223  95   0   0   0   0  95 223   0   0 223  95   0  95 223   0 223   0   0  95  95   0   0 223   0  95   0 223   0   0  95 223   0 223   0  95 223  95   0   0  95   0 223   0 223   0   0  95 223  95   0   0   0  95 223   0   0 223  95   0 
 64   0  79  87 215 215  87  79   0   0  79  87 215   0  79 215  87  79  87 215   0 215  79   0  87  87   0  79 215   0  87  79 215   0  79  87 215  79 215   0  87 215  87   0  79  87   0 215  79 215  79   0  87 215  87  79   0   0  87 215  79   0 215  87  79 
 64   0 159  79 207 207  79 159   0   0 159  79 207   0 159 207  79 159  79 207   0 207 159   0  79  79   0 159 207   0  79 159 207   0 159  79 207 159 207   0  79 207  79   0 159  79   0 207 159 207 159   0  79 207  79 159   0   0  79 207 159   0 207  79 159 
 64   0 239  71 199 199  71 239   0   0 239  71 199   0 239 199  71 239  71 199   0 199 239   0  71  71   0 239 199   0  71 239 199   0 239  71 199 239 199   0  71 199  71   0 239  71   0 199 239 199 239   0  71 199  71 239   0   0  71 199 239   0 199  71 239 
 64   0 255  63 191 191  63 255   0   0 255  63 191   0 255 191  63 255  63 191   0 191 255   0  63  63   0 255 191   0  63 255 191   0 255  63 191 255 191   0  63 191  63   0 255  63   0 191 255 191 255   0  63 191  63 255   0   0  63 191 255   0 191  63 255 
 64   0 255  55 183 183  55 255   0   0 255  55 183   0 255 183  55 255  55 183   0 183 255   0  55  55   0 255 183   0  55 255 183   0 255  55 183 255 183   0  55 183  55   0 255  55   0 183 255 183 255   0  55 183  55 255   0   0  55 183 255   0 183  55 255 
 64   0 255  47 175 175  47 255   0   0 255  47 175   0 255 175  47 255  47 175   0 175 255   0  47  47   0 255 175   0  47 255 175   0 255  47 175 255 175   0  47 175  47   0 255  47   0 175 255 175 255   0  47 175  47 255   0   0  47 175 255   0 175  47 255 
 64   0 255  39 167 167  39 255   0   0 255  39 167   0 255 167  39 255  39 167   0 167 255   0  39  39   0 255 167   0  39 255 167   0 255  39 167 255 167   0  39 167  39   0 255  39   0 167 255 167 255   0  39 167  39 255   0   0  39 167 255   0 167  39 255 
 64   0 255  31 159 159  31 255   0   0 255  31 159   0 255 159  31 255  31 159   0 159 255   0  31  31   0 255 159   0  31 255 159   0 255  31 159 255 159   0  31 159  31   0 255  31   0 159 255 159 255   0  31 159  31 255   0   0  31 159 255   0 159  31 255 
 64   0 255  23 151 151  23 255   0   0 255  23 151   0 255 151  23 255  23 151   0 151 255   0  23  23   0 255 151   0  23 255 151   0 255  23 151 255 151   0  23 151  23   0 255  23   0 151 255 151 255   0  23 151  23 255   0   0  23 151 255   0 151  23 255 
 64   0 255  15 143 143  15 255   0   0 255  15 143   0 255 143  15 255  15 143   0 143 255   0  15  15   0 255 143   0  15 255 143   0 255  15 143 255 143   0  15 143  15   0 255  15   0 143 255 143 255   0  15 143  15 255   0   0  15 143 255   0 143  15 255 
 64   0 255   7 135 135   7 255   0   0 255   7 135   0 255 135   7 255   7 135   0 135 255   0   7   7   0 255 135   0   7 255 135   0 255   7 135 255 135   0   7 135   7   0 255   7   0 135 255 135 255   0   7 135   7 255   0   0   7 135 255   0 135   7 255 
 64   0 255   0 127 127   0 255   0   0 255   0 127   0 255 127   0 255   0 127   0 127 255   0   0   0   0 255 127   0   0 255 127   0 255   0 127 255 127   0   0 127   0   0 255   0   0 127 255 127 255   0   0 127   0 255   0   0   0 127 255   0 127   0 255 
 64   0 255   0 119 119   0 255   0   0 255   0 119   0 255 119   0 255   0 119   0 119 255   0   0   0   0 255 119   0   0 255 119   0 255   0 119 255 119   0   0 119   0   0 255   0   0 119 255 119 255   0   0 119   0 255   0   0   0 119 255   0 119   0 255 
 64   0 255   0 111 111   0 255   0   0 255   0 111   0 255 111   0 255   0 111   0 111 255   0   0   0   0 255 111   0   0 255 111   0 255   0 111 255 111   0   0 111   0   0 255   0   0 111 255 111 255   0   0 111   0 255   0   0   0 111 255   0 111   0 255 
 64   0 255   0 103 103   0 255   0   0 255   0 103   0 255 103   0 255   0 103   0 103 255   0   0   0   0 255 103   0   0 255 103   0 255   0 103 255 103   0   0 103   0   0 255   0   0 103 255 103 255   0   0 103   0 255   0   0   0 103 255   0 103   0 255 
 64   0 223   0  95  95   0 223   0   0 223   0  95   0 223  95   0 223   0  95   0  95 223   0   0   0   0 223  95   0   0 223  95   0 223   0  95 223  95   0   0  95   0   0 223   0   0  95 223  95 223   0   0  95   0 223   0   0   0  95 223   0  95   0 223 
 64  79 215   0  87  87   0 215  79  79 215   0  87  79 215  87   0 215   0  87  79  87 215  79   0   0  79 215  87  79   0 215  87  79 215   0  87 215  87  79   0  87   0  79 215   0  79  87 215  87 215  79   0  87   0 215  79  79   0  87 215  79  87   0 215 
 64 159 207   0  79  79   0 207 159 159 207   0  79 159 207  79   0 207   0  79 159  79 207 159   0   0 159 207  79 159   0 207  79 159 207   0  79 207  79 159   0  79   0 159 207   0 159  79 207  79 207 159   0  79   0 207 159 159   0  79 207 159  79   0 207 
 64 239 199   0  71  71   0 199 239 239 199   0  71 239 199  71   0 199   0  71 239  71 199 239   0   0 239 199  71 239   0 199  71 239 199   0  71 199  71 239   0  71   0 239 199   0 239  71 199  71 199 239   0  71   0 199 239 239   0  71 199 239  71   0 199 
 64 255 191   0  63  63   0 191 255 255 191   0  63 255 191  63   0 191   0  63 255  63 191 255   0   0 255 191  63 255   0 191  63 255 191   0  63 191  63 255   0  63   0 255 191   0 255  63 191  63 191 255   0  63   0 191 255 255   0  63 191 255  63   0 191 
 64 255 183   0  55  55   0 183 255 255 183   0  55 255 183  55   0 183   0  55 255  55 183 255   0   0 255 183  55 255   0 183  55 255 183   0  55 183  55 255   0  55   0 255 183   0 255  55 183  55 183 255   0  55   0 183 255 255   0  55 183 255  55   0 183 
 64 255 175   0  47  47   0 175 255 255 175   0  47 255 175  47   0 175   0  47 255  47 175 255   0   0 255 175  47 255   0 175  47 255 175   0  47 175  47 255   0  47   0 255 175   0 255  47 175  47 175 255   0  47   0 175 255 255   0  47 175 255  47   0 175 
 64 255 167   0  39  39   0 167 255 255 167   0  39 255 167  39   0 167   0  39 255  39 167 255   0   0 255 167  39 255   0 167  39 255 167   0  39 167  39 255   0  39   0 255 167   0 255  39 167  39 167 255   0  39   0 167 255 255   0  39 167 255  39   0 167 
 64 255 159   0  31  31   0 159 255 255 159   0  31 255 159  31   0 159   0  31 255  31 159 255   0   0 255 159  31 255   0 159  31 255 159   0  31 159  31 255   0  31   0 255 159   0 255  31 159  31 159 255   0  31   0 159 255 255   0  31 159 255  31   0 159 
 64 255 151   0  23  23   0 151 255 255 151   0  23 255 151  23   0 151   0  23 255  23 151 255   0   0 255 151  23 255   0 151  23 255 151   0  23 151  23 255   0  23   0 255 151   0 255  23 151  23 151 255   0  23   0 151 255 255   0  23 151 255  23   0 151 
 64 255 143   0  15  15   0 143 255 255 143   0  15 255 143  15   0 143   0  15 255  15 143 255   0   0 255 143  15 255   0 143  15 255 143   0  15 143  15 255   0  15   0 255 143   0 255  15 143  15 143 255   0  15   0 143 255 255   0  15 143 255  15   0 143 
 64 255 135   0   7   7   0 135 255 255 135   0   7 255 135   7   0 135   0   7 255   7 135 255   0   0 255 135   7 255   0 135   7 255 135   0   7 135   7 255   0   7   0 255 135   0 255   7 135   7 135 255   0   7   0 135 255 255   0   7 135 255   7   0 135 
 64 255 127   0   0   0   0 127 255 255 127   0   0 255 127   0   0 127   0   0 255   0 127 255   0   0 255 127   0 255   0 127   0 255 127   0   0 127   0 255   0   0   0 255 127   0 255   0 127   0 127 255   0   0   0 127 255 255   0   0 127 255   0   0 127 
 64 255 119   0   0   0   0 119 255 255 119   0   0 255 119   0   0 119   0   0 255   0 119 255   0   0 255 119   0 255   0 119   0 255 119   0   0 119   0 255   0   0   0 255 119   0 255   0 119   0 119 255   0   0   0 119 255 255   0   0 119 255   0   0 119 
 64 255 111   0   0   0   0 111 255 255 111   0   0 255 111   0   0 111   0   0 255   0 111 255   0   0 255 111   0 255   0 111   0 255 111   0   0 111   0 255   0   0   0 255 111   0 255   0 111   0 111 255   0   0   0 111 255 255   0   0 111 255   0   0 111 
 64 255 103   0   0   0   0 103 255 255 103   0   0 255 103   0   0 103   0   0 255   0 103 255   0   0 255 103   0 255   0 103   0 255 103   0   0 103   0 255   0   0   0 255 103   0 255   0 103   0 103 255   0   0   0 103 255 255   0   0 103 255   0   0 103 
 64 223  95   0   0   0   0  95 223 223  95   0   0 223  95   0   0  95   0   0 223   0  95 223   0   0 223  95   0 223   0  95   0 223  95   0   0  95   0 223   0   0   0 223  95   0 223   0  95   0  95 223   0   0   0  95 223 223   0   0  95 223   0   0  95 
 64 215  87  79   0   0  79  87 215 215  87  79   0 215  87   0  79  87  79   0 215   0  87 215  79  79 215  87   0 215  79  87   0 215  87  79   0  87   0 215  79   0  79 215  87  79 215   0  87   0  87 215  79   0  79  87 215 215  79   0  87 215   0  79  87 
 64 207  79 159   0   0 159  79 207 207  79 159   0 207  79   0 159  79 159   0 207   0  79 207 159 159 207  79   0 207 159  79   0 207  79 159   0  79   0 207 159   0 159 207  79 159 207   0  79   0  79 207 159   0 159  79 207 207 159   0  79 207   0 159  79 
 64 199  71 239   0   0 239  71 199 199  71 239   0 199  71   0 239  71 239   0 199   0  71 199 239 239 199  71   0 199 239  71   0 199  71 239   0  71   0 199 239   0 239 199  71 239 199   0  71   0  71 199 239   0 239  71 199 199 239   0  71 199   0 239  71 
 64 191  63 255   0   0 255  63 191 191  63 255   0 191  63   0 255  63 255   0 191   0  63 191 255 255 191  63   0 191 255  63   0 191  63 255   0  63   0 191 255   0 255 191  63 255 191   0  63   0  63 191 255   0 255  63 191 191 255   0  63 191   0 255  63 
 64 183  55 255   0   0 255  55 183 183  55 255   0 183  55   0 255  55 255   0 183   0  55 183 255 255 183  55   0 183 255  55   0 183  55 255   0  55   0 183 255   0 255 183  55 255 183   0  55   0  55 183 255   0 255  55 183 183 255   0  55 183   0 255  55 
 64 175  47 255   0   0 255  47 175 175  47 255   0 175  47   0 255  47 255   0 175   0  47 175 255 255 175  47   0 175 255  47   0 175  47 255   0  47   0 175 255   0 255 175  47 255 175   0  47   0  47 175 255   0 255  47 175 175 255   0  47 175   0 255  47 
 64 167  39 255   0   0 255  39 167 167  39 255   0 167  39   0 255  39 255   0 167   0  39 167 255 255 167  39   0 167 255  39   0 167  39 255   0  39   0 167 255   0 255 167  39 255 167   0  39   0  39 167 255   0 255  39 167 167 255   0  39 167   0 255  39 
 64 159  31 255   0   0 255  31 159 159  31 255   0 159  31   0 255  31 255   0 159   0  31 159 255 255 159  31   0 159 255  31   0 159  31 255   0  31   0 159 255   0 255 159  31 255 159   0  31   0  31 159 255   0 255  31 159 159 255   0  31 159   0 255  31 
 64 151  23 255   0   0 255  23 151 151  23 255   0 151  23   0 255  23 255   0 151   0  23 151 255 255 151  23   0 151 255  23   0 151  23 255   0  23   0 151 255   0 255 151  23 255 151   0  23   0  23 151 255   0 255  23 151 151 255   0  23 151   0 255  23 
 64 143  15 255   0   0 255  15 143 143  15 255   0 143  15   0 255  15 255   0 143   0  15 143 255 255 143  15   0 143 255  15   0 143  15 255   0  15   0 143 255   0 255 143  15 255 143   0  15   0  15 143 255   0 255  15 143 143 255   0  15 143   0 255  15 
 64 135   7 255   0   0 255   7 135 135   7 255   0 135   7   0 255   7 255   0 135   0   7 135 255 255 135   7   0 135 255   7   0 135   7 255   0   7   0 135 255   0 255 135   7 255 135   0   7   0   7 135 255   0 255   7 135 135 255   0   7 135   0 255   7 
 64 127   0 255   0   0 255   0 127 127   0 255   0 127   0   0 255   0 255   0 127   0   0 127 255 255 127   0   0 127 255   0   0 127   0 255   0   0   0 127 255   0 255 127   0 255 127   0   0   0   0 127 255   0 255   0 127 127 255   0   0 127   0 255   0 
 64 119   0 255   0   0 255   0 119 119   0 255   0 119   0   0 255   0 255   0 119   0   0 119 255 255 119   0   0 119 255   0   0 119   0 255   0   0   0 119 255   0 255 119   0 255 119   0   0   0   0 119 255   0 255   0 119 119 255   0   0 119   0 255   0 
 64 111   0 255   0   0 255   0 111 111   0 255   0 111   0   0 255   0 255   0 111   0   0 111 255 255 111   0   0 111 255   0   0 111   0 255   0   0   0 111 255   0 255 111   0 255 111   0   0   0   0 111 255   0 255   0 111 111 255   0   0 111   0 255   0 
 64 103   0 255   0   0 255   0 103 103   0 255   0 103   0   0 255   0 255   0 103   0   0 103 255 255 103   0   0 103 255   0   0 103   0 255   0   0   0 103 255   0 255 103   0 255 103   0   0   0   0 103 255   0 255   0 103 103 255   0   0 103   0 255   0 
 64  95   0 223   0   0 223   0  95  95   0 223   0  95   0   0 223   0 223   0  95   0   0  95 223 223  95   0   0  95 223   0   0  95   0 223   0   0   0  95 223   0 223  95   0 223  95   0   0   0   0  95 223   0 223   0  95  95 223   0   0  95   0 223   0 
 64  87   0 215  79  79 215   0  87  87   0 215  79  87   0  79 215   0 215  79  87  79   0  87 215 215  87   0  79  87 215   0  79  87   0 215  79   0  79  87 215  79 215  87   0 215  87  79   0  79   0  87 215  79 215   0  87  87 215  79   0  87  79 215   0 
 64  79   0 207 159 159 207   0  79  79   0 207 159  79   0 159 207   0 207 159  79 159   0  79 207 207  79   0 159  79 207   0 159  79   0 207 159   0 159  79 207 159 207  79   0 207  79 159   0 159   0  79 207 159 207   0  79  79 207 159   0  79 159 207   0 
 64  71   0 199 239 239 199   0  71  71   0 199 239  71   0 239 199   0 199 239  71 239   0  71 199 199  71   0 239  71 199   0 239  71   0 199 239   0 239  71 199 239 199  71   0 199  71 239   0 239   0  71 199 239 199   0  71  71 199 239   0  71 239 199   0 
 64  63   0 191 255 255 191   0  63  63   0 191 255  63   0 255 191   0 191 255  63 255   0  63 191 191  63   0 255  63 191   0 255  63   0 191 255   0 255  63 191 255 191  63   0 191  63 255   0 255   0  63 191 255 191   0  63  63 191 255   0  63 255 191   0 
 64  55   0 183 255 255 183   0  55  55   0 183 255  55   0 255 183   0 183 255  55 255   0  55 183 183  55   0 255  55 183   0 255  55   0 183 255   0 255  55 183 255 183  55   0 183  55 255   0 255   0  55 183 255 183   0  55  55 183 255   0  55 255 183   0 
 64  47   0 175 255 255 175   0  47  47   0 175 255  47   0 255 175   0 175 255  47 255   0  47 175 175  47   0 255  47 175   0 255  47   0 175 255   0 255  47 175 255 175  47   0 175  47 255   0 255   0  47 175 255 175   0  47  47 175 255   0  47 255 175   0 
 64  39   0 167 255 255 167   0  39  39   0 167 255  39   0 255 167   0 167 255  39 255   0  39 167 167  39   0 255  39 167   0 255  39   0 167 255   0 255  39 167 255 167  39   0 167  39 255   0 255   0  39 167 255 167   0  39  39 167 255   0  39 255 167   0 
 64  31   0 159 255 255 159   0  31  31   0 159 255  31   0 255 159   0 159 255  31 255   0  31 159 159  31   0 255  31 159   0 255  31   0 159 255   0 255  31 159 255 159  31   0 159  31 255   0 255   0  31 159 255 159   0  31  31 159 255   0  31 255 159   0 
 64  23   0 151 255 255 151   0  23  23   0 151 255  23   0 255 151   0 151 255  23 255   0  23 151 151  23   0 255  23 151   0 255  23   0 151 255   0 255  23 151 255 151  23   0 151  23 255   0 255   0  23 151 255 151   0  23  23 151 255   0  23 255 151   0 
 64  15   0 143 255 255 143   0  15  15   0 143 255  15   0 255 143   0 143 255  15 255   0  15 143 143  15   0 255  15 143   0 255  15   0 143 255   0 255  15 143 255 143  15   0 143  15 255   0 255   0  15 143 255 143   0  15  15 143 255   0  15 255 143   0 
 64   7   0 135 255 255 135   0   7   7   0 135 255   7   0 255 135   0 135 255   7 255   0   7 135 135   7   0 255   7 135   0 255   7   0 135 255   0 255   7 135 255 135   7   0 135   7 255   0 255   0   7 135 255 135   0   7   7 135 255   0   7 255 135   0 
 64   0   0 127 255 255 127   0   0   0   0 127 255   0   0 255 127   0 127 255   0 255   0   0 127 127   0   0 255   0 127   0 255   0   0 127 255   0 255   0 127 255 127   0   0 127   0 255   0 255   0   0 127 255 127   0   0   0 127 255   0   0 255 127   0 
 64   0   0 119 255 255 119   0   0   0   0 119 255   0   0 255 119   0 119 255   0 255   0   0 119 119   0   0 255   0 119   0 255   0   0 119 255   0 255   0 119 255 119   0   0 119   0 255   0 255   0   0 119 255 119   0   0   0 119 255   0   0 255 119   0 
 64   0   0 111 255 255 111   0   0   0   0 111 255   0   0 255 111   0 111 255   0 255   0   0 111 111   0   0 255   0 111   0 255   0   0 111 255   0 255   0 111 255 111   0   0 111   0 255   0 255   0   0 111 255 111   0   0   0 111 255   0   0 255 111   0 
 64   0   0 103 255 255 103   0   0   0   0 103 255   0   0 255 103   0 103 255   0 255   0   0 103 103   0   0 255   0 103   0 255   0   0 103 255   0 255   0 103 255 103   0   0 103   0 255   0 255   0   0 103 255 103   0   0   0 103 255   0   0 255 103   0 
 64   0   0  95 223 223  95   0   0   0   0  95 223   0   0 223  95   0  95 223   0 223   0   0  95  95   0   0 223   0  95   0 223   0   0  95 223   0 223   0  95 223  95   0   0  95   0 223   0 223   0   0  95 223  95   0   0   0  95 223   0   0 223  95   0 
 64   0  79  87 215 215  87  79   0   0  79  87 215   0  79 215  87  79  87 215   0 215  79   0  87  87   0  79 215   0  87  79 215   0  79  87 215  79 215   0  87 215  87   0  79  87   0 215  79 215  79   0  87 215  87  79   0   0  87 215  79   0 215  87  79 
 64   0 159  79 207 207  79 159   0   0 159  79 207   0 159 207  79 159  79 207   0 207 159   0  79  79   0 159 207   0  79 159 207   0 159  79 207 159 207   0  79 207  79   0 159  79   0 207 159 207 159   0  79 207  79 159   0   0  79 207 159   0 207  79 159 
 64   0 239  71 199 199  71 239   0   0 239  71 199   0 239 199  71 239  71 199   0 199 239   0  71  71   0 239 199   0  71 239 199   0 239  71 199 239 199   0  71 199  71   0 239  71   0 199 239 199 239   0  71 199  71 239   0   0  71 199 239   0 199  71 239 
 64   0 255  63 191 191  63 255   0   0 255  63 191   0 255 191  63 255  63 191   0 191 255   0  63  63   0 255 191   0  63 255 191   0 255  63 191 255 191   0  63 191  63   0 255  63   0 191 255 191 255   0  63 191  63 255   0   0  63 191 255   0 191  63 255 
 64   0 255  55 183 183  55 255   0   0 255  55 183   0 255 183  55 255  55 183   0 183 255   0  55  55   0 255 183   0  55 255 183   0 255  55 183 255 183   0  55 183  55   0 255  55   0 183 255 183 255   0  55 183  55 255   0   0  55 183 255   0 183  55 255 
 64   0 255  47 175 175  47 255   0   0 255  47 175   0 255 175  47 255  47 175   0 175 255   0  47  47   0 255 175   0  47 255 175   0 255  47 175 255 175   0  47 175  47   0 255  47   0 175 255 175 255   0  47 175  47 255   0   0  47 175 255   0 175  47 255 
 64   0 255  39 167 167  39 255   0   0 255  39 167   0 255 167  39 255  39 167   0 167 255   0  39  39   0 255 167   0  39 255 167   0 255  39 167 255 167   0  39 167  39   0 255  39   0 167 255 167 255   0  39 167  39 255   0   0  39 167 255   0 167  39 255 
 64   0 255  31 159 159  31 255   0   0 255  31 159   0 255 159  31 255  31 159   0 159 255   0  31  31   0 255 159   0  31 255 159   0 255  31 159 255 159   0  31 159  31   0 255  31   0 159 255 159 255   0  31 159  31 255   0   0  31 159 255   0 159  31 255 
 64   0 255  23 151 151  23 255   0   0 255  23 151   0 255 151  23 255  23 151   0 151 255   0  23  23   0 255 151   0  23 255 151   0 255  23 151 255 151   0  23 151  23   0 255  23   0 151 255 151 255   0  23 151  23 255   0   0  23 151 255   0 151  23 255 
 64   0 255  15 143 143  15 255   0   0 255  15 143   0 255 143  15 255  15 143   0 143 255   0  15  15   0 255 143   0  15 255 143   0 255  15 143 255 143   0  15 143  15   0 255  15   0 143 255 143 255   0  15 143  15 255   0   0  15 143 255   0 143  15 255 
 64   0 255   7 135 135   7 255   0   0 255   7 135   0 255 135   7 255   7 135   0 135 255   0   7   7   0 255 135   0   7 255 135   0 255   7 135 255 135   0   7 135   7   0 255   7   0 135 255 135 255   0   7 135   7 255   0   0   7 135 255   0 135   7 255 
 64   0 255   0 127 127   0 255   0   0 255   0 127   0 255 127   0 255   0 127   0 127 255   0   0   0   0 255 127   0   0 255 127   0 255   0 127 255 127   0   0 127   0   0 255   0   0 127 255 127 255   0   0 127   0 255   0   0   0 127 255   0 127   0 255 
 64   0 255   0 119 119   0 255   0   0 255   0 119   0 255 119   0 255   0 119   0 119 255   0   0   0   0 255 119   0   0 255 119   0 255   0 119 255 119   0   0 119   0   0 255   0   0 119 255 119 255   0   0 119   0 255   0   0   0 119 255   0 119   0 255 
 64   0 255   0 111 111   0 255   0   0 255   0 111   0 255 111   0 255   0 111   0 111 255   0   0   0   0 255 111   0   0 255 111   0 255   0 111 255 111   0   0 111   0   0 255   0   0 111 255 111 255   0   0 111   0 255   0   0   0 111 255   0 111   0 255 
 64   0 255   0 103 103   0 255   0   0 255   0 103   0 255 103   0 255   0 103   0 103 255   0   0   0   0 255 103   0   0 255 103   0 255   0 103 255 103   0   0 103   0   0 255   0   0 103 255 103 255   0   0 103   0 255   0   0   0 103 255   0 103   0 255 
 64   0 223   0  95  95   0 223   0   0 223   0  95   0 223  95   0 223   0  95   0  95 223   0   0   0   0 223  95   0   0 223  95   0 223   0  95 223  95   0   0  95   0   0 223   0   0  95 223  95 223   0   0  95   0 223   0   0   0  95 223   0  95   0 223 
 64  79 215   0  87  87   0 215  79  79 215   0  87  79 215  87   0 215   0  87  79  87 215  79   0   0  79 215  87  79   0 215  87  79 215   0  87 215  87  79   0  87   0  79 215   0  79  87 215  87 215  79   0  87   0 215  79  79   0  87 215  79  87   0 215 
 64 159 207   0  79  79   0 207 159 159 207   0  79 159 207  79   0 207   0  79 159  79 207 159   0   0 159 207  79 159   0 207  79 159 207   0  79 207  79 159   0  79   0 159 207   0 159  79 207  79 207 159   0  79   0 207 159 159   0  79 207 159  79   0 207 
 64 239 199   0  71  71   0 199 239 239 199   0  71 239 199  71   0 199   0  71 239  71 199 239   0   0 239 199  71 239   0 199  71 239 199   0  71 199  71 239   0  71   0 239 199   0 239  71 199  71 199 239   0  71   0 199 239 239   0  71 199 239  71   0 199 
 64 255 191   0  63  63   0 191 255 255 191   0  63 255 191  63   0 191   0  63 255  63 191 255   0   0 255 191  63 255   0 191  63 255 191   0  63 191  63 255   0  63   0 255 191   0 255  63 191  63 191 255   0  63   0 191 255 255   0  63 191 255  63   0 191 
 64 255 183   0  55  55   0 183 255 255 183   0  55 255 183  55   0 183   0  55 255  55 183 255   0   0 255 183  55 255   0 183  55 255 183   0  55 183  55 255   0  55   0 255 183   0 255  55 183  55 183 255   0  55   0 183 255 255   0  55 183 255  55   0 183 
 64 255 175   0  47  47   0 175 255 255 175   0  47 255 175  47   0 175   0  47 255  47 175 255   0   0 255 175  47 255   0 175  47 255 175   0  47 175  47 255   0  47   0 255 175   0 255  47 175  47 175 255   0  47   0 175 255 255   0  47 175 255  47   0 175 
 64 255 167   0  39  39   0 167 255 255 167   0  39 255 167  39   0 167   0  39 255  39 167 255   0   0 255 167  39 255   0 167  39 255 167   0  39 167  39 255   0  39   0 255 167   0 255  39 167  39 167 255   0  39   0 167 255 255   0  39 167 255  39   0 167 
 64 255 159   0  31  31   0 159 255 255 159   0  31 255 159  31   0 159   0  31 255  31 159 255   0   0 255 159  31 255   0 159  31 255 159   0  31 159  31 255   0  31   0 255 159   0 255  31 159  31 159 255   0  31   0 159 255 255   0  31 159 255  31   0 159 
 64 255 151   0  23  23   0 151 255 255 151   0  23 255 151  23   0 151   0  23 255  23 151 255   0   0 255 151  23 255   0 151  23 255 151   0  23 151  23 255   0  23   0 255 151   0 255  23 151  23 151 255   0  23   0 151 255 255   0  23 151 255  23   0 151 
 64 255 143   0  15  15   0 143 255 255 143   0  15 255 143  15   0 143   0  15 255  15 143 255   0   0 255 143  15 255   0 143  15 255 143   0  15 143  15 255   0  15   0 255 143   0 255  15 143  15 143 255   0  15   0 143 255 255   0  15 143 255  15   0 143 
 64 255 135   0   7   7   0 135 255 255 135   0   7 255 135   7   0 135   0   7 255   7 135 255   0   0 255 135   7 255   0 135   7 255 135   0   7 135   7 255   0   7   0 255 135   0 255   7 135   7 135 255   0   7   0 135 255 255   0   7 135 255   7   0 135 
 64 255 127   0   0   0   0 127 255 255 127   0   0 255 127   0   0 127   0   0 255   0 127 255   0   0 255 127   0 255   0 127   0 255 127   0   0 127   0 255   0   0   0 255 127   0 255   0 127   0 127 255   0   0   0 127 255 255   0   0 127 255   0   0 127 
 64 255 119   0   0   0   0 119 255 255 119   0   0 255 119   0   0 119   0   0 255   0 119 255   0   0 255 119   0 255   0 119   0 255 119   0   0 119   0 255   0   0   0 255 119   0 255   0 119   0 119 255   0   0   0 119 255 255   0   0 119 255   0   0 119 
 64 255 111   0   0   0   0 111 255 255 111   0   0 255 111   0   0 111   0   0 255   0 111 255   0   0 255 111   0 255   0 111   0 255 111   0   0 111   0 255   0   0   0 255 111   0 255   0 111   0 111 255   0   0   0 111 255 255   0   0 111 255   0   0 111 
 64 255 103   0   0   0   0 103 255 255 103   0   0 255 103   0   0 103   0   0 255   0 103 255   0   0 255 103   0 255   0 103   0 255 103   0   0 103   0 255   0   0   0 255 103   0 255   0 103   0 103 255   0   0   0 103 255 255   0   0 103 255   0   0 103 
 64 223  95   0   0   0   0  95 223 223  95   0   0 223  95   0   0  95   0   0 223   0  95 223   0   0 223  95   0 223   0  95   0 223  95   0   0  95   0 223   0   0   0 223  95   0 223   0  95   0  95 223   0   0   0  95 223 223   0   0  95 223   0   0  95 
