 64   0   0   0   0   0   0   0   0   0   0   0   0   0   0   0   0 207  79   0 159 159   0  79 207 159   0  79 207 159   0  79 207   0   0   0   0   0   0   0   0   0   0   0   0   0   0   0   0   0   0   0   0   0   0   0   0   0   0   0   0   0   0   0   0 
 64   0   0   0   0   0   0   0   0   0   0   0   0   0   0   0   0 191  63   0 255 255   0  63 191 255   0  63 191 255   0  63 191   0   0   0   0   0   0   0   0   0   0   0   0   0   0   0   0   0   0   0   0   0   0   0   0   0   0   0   0   0   0   0   0 
 64   0   0   0   0   0   0   0   0   0   0   0   0   0   0   0   0 175  47   0 255 255   0  47 175 255   0  47 175 255   0  47 175   0   0   0   0   0   0   0   0   0   0   0   0   0   0   0   0   0   0   0   0   0   0   0   0   0   0   0   0   0   0   0   0 
 64   0   0   0   0   0   0   0   0   0   0   0   0   0   0   0   0 159  31   0 255 255   0  31 159 255   0  31 159 255   0  31 159   0   0   0   0   0   0   0   0   0   0   0   0   0   0   0   0   0   0   0   0   0   0   0   0   0   0   0   0   0   0   0   0 
 64   0   0   0   0   0   0   0   0   0   0   0   0   0   0   0   0 143  15   0 255 255   0  15 143 255   0  15 143 255   0  15 143   0   0   0   0   0   0   0   0   0   0   0   0   0   0   0   0   0   0   0   0   0   0   0   0   0   0   0   0   0   0   0   0 
 64   0   0   0   0   0   0   0   0   0   0   0   0   0   0   0   0 127   0   0 255 255   0   0 127 255   0   0 127 255   0   0 127   0   0   0   0   0   0   0   0   0   0   0   0   0   0   0   0   0   0   0   0   0   0   0   0   0   0   0   0   0   0   0   0 
 64   0   0   0   0   0   0   0   0   0   0   0   0   0   0   0   0 111   0   0 255 255   0   0 111 255   0   0 111 255   0   0 111   0   0   0   0   0   0   0   0   0   0   0   0   0   0   0   0   0   0   0   0   0   0   0   0   0   0   0   0   0   0   0   0 
 64   0   0   0   0   0   0   0   0   0   0   0   0   0   0   0   0  95   0   0 223 223   0   0  95 223   0   0  95 223   0   0  95   0   0   0   0   0   0   0   0   0   0   0   0   0   0   0   0   0   0   0   0   0   0   0   0   0   0   0   0   0   0   0   0 
 64   0   0   0   0   0   0   0   0   0   0   0   0   0   0   0   0  79   0 159 207 207 159   0  79 207 159   0  79 207 159   0  79   0   0   0   0   0   0   0   0   0   0   0   0   0   0   0   0   0   0   0   0   0   0   0   0   0   0   0   0   0   0   0   0 
 64   0   0   0   0   0   0   0   0   0   0   0   0   0   0   0   0  63   0 255 191 191 255   0  63 191 255   0  63 191 255   0  63   0   0   0   0   0   0   0   0   0   0   0   0   0   0   0   0   0   0   0   0   0   0   0   0   0   0   0   0   0   0   0   0 
 64   0   0   0   0   0   0   0   0   0   0   0   0   0   0   0   0  47   0 255 175 175 255   0  47 175 255   0  47 175 255   0  47   0   0   0   0   0   0   0   0   0   0   0   0   0   0   0   0   0   0   0   0   0   0   0   0   0   0   0   0   0   0   0   0 
 64   0   0   0   0   0   0   0   0   0   0   0   0   0   0   0   0  31   0 255 159 159 255   0  31 159 255   0  31 159 255   0  31   0   0   0   0   0   0   0   0   0   0   0   0   0   0   0   0   0   0   0   0   0   0   0   0   0   0   0   0   0   0   0   0 
 64   0   0   0   0   0   0   0   0   0   0   0   0   0   0   0   0  15   0 255 143 143 255   0  15 143 255   0  15 143 255   0  15   0   0   0   0   0   0   0   0   0   0   0   0   0   0   0   0   0   0   0   0   0   0   0   0   0   0   0   0   0   0   0   0 
 64   0   0   0   0   0   0   0   0   0   0   0   0   0   0   0   0   0   0 255 127 127 255   0   0 127 255   0   0 127 255   0   0   0   0   0   0   0   0   0   0   0   0   0   0   0   0   0   0   0   0   0   0   0   0   0   0   0   0   0   0   0   0   0   0 
 64   0   0   0   0   0   0   0   0   0   0   0   0   0   0   0   0   0   0 255 111 111 255   0   0 111 255   0   0 111 255   0   0   0   0   0   0   0   0   0   0   0   0   0   0   0   0   0   0   0   0   0   0   0   0   0   0   0   0   0   0   0   0   0   0 
 64   0   0   0   0   0   0   0   0   0   0   0   0   0   0   0   0   0   0 223  95  95 223   0   0  95 223   0   0  95 223   0   0   0   0   0   0   0   0   0   0   0   0   0   0   0   0   0   0   0   0   0   0   0   0   0   0   0   0   0   0   0   0   0   0 
 64   0   0   0   0   0   0   0   0   0   0   0   0   0   0   0   0   0 159 207  79  79 207 159   0  79 207 159   0  79 207 159   0   0   0   0   0   0   0   0   0   0   0   0   0   0   0   0   0   0   0   0   0   0   0   0   0   0   0   0   0   0   0   0   0 
 64   0   0   0   0   0   0   0   0   0   0   0   0   0   0   0   0   0 255 191  63  63 191 255   0  63 191 255   0  63 191 255   0   0   0   0   0   0   0   0   0   0   0   0   0   0   0   0   0   0   0   0   0   0   0   0   0   0   0   0   0   0   0   0   0 
 64   0   0   0   0   0   0   0   0   0   0   0   0   0   0   0   0   0 255 175  47  47 175 255   0  47 175 255   0  47 175 255   0   0   0   0   0   0   0   0   0   0   0   0   0   0   0   0   0   0   0   0   0   0   0   0   0   0   0   0   0   0   0   0   0 
 64   0   0   0   0   0   0   0   0   0   0   0   0   0   0   0   0   0 255 159  31  31 159 255   0  31 159 255   0  31 159 255   0   0   0   0   0   0   0   0   0   0   0   0   0   0   0   0   0   0   0   0   0   0   0   0   0   0   0   0   0   0   0   0   0 
 64   0   0   0   0   0   0   0   0   0   0   0   0   0   0   0   0   0 255 143  15  15 143 255   0  15 143 255   0  15 143 255   0   0   0   0   0   0   0   0   0   0   0   0   0   0   0   0   0   0   0   0   0   0   0   0   0   0   0   0   0   0   0   0   0 
 64   0   0   0   0   0   0   0   0   0   0   0   0   0   0   0   0   0 255 127   0   0 127 255   0   0 127 255   0   0 127 255   0   0   0   0   0   0   0   0   0   0   0   0   0   0   0   0   0   0   0   0   0   0   0   0   0   0   0   0   0   0   0   0   0 
 64   0   0   0   0   0   0   0   0   0   0   0   0   0   0   0   0   0 255 111   0   0 111 255   0   0 111 255   0   0 111 255   0   0   0   0   0   0   0   0   0   0   0   0   0   0   0   0   0   0   0   0   0   0   0   0   0   0   0   0   0   0   0   0   0 
 64   0   0   0   0   0   0   0   0   0   0   0   0   0   0   0   0   0 223  95   0   0  95 223   0   0  95 223   0   0  95 223   0   0   0   0   0   0   0   0   0   0   0   0   0   0   0   0   0   0   0   0   0   0   0   0   0   0   0   0   0   0   0   0   0 
 64   0   0   0   0   0   0   0   0   0   0   0   0   0   0   0   0 159 207  79   0   0  79 207 159   0  79 207 159   0  79 207 159   0   0   0   0   0   0   0   0   0   0   0   0   0   0   0   0   0   0   0   0   0   0   0   0   0   0   0   0   0   0   0   0 
 64   0   0   0   0   0   0   0   0   0   0   0   0   0   0   0   0 255 191  63   0   0  63 191 255   0  63 191 255   0  63 191 255   0   0   0   0   0   0   0   0   0   0   0   0   0   0   0   0   0   0   0   0   0   0   0   0   0   0   0   0   0   0   0   0 
 64   0   0   0   0   0   0   0   0   0   0   0   0   0   0   0   0 255 175  47   0   0  47 175 255   0  47 175 255   0  47 175 255   0   0   0   0   0   0   0   0   0   0   0   0   0   0   0   0   0   0   0   0   0   0   0   0   0   0   0   0   0   0   0   0 
 64   0   0   0   0   0   0   0   0   0   0   0   0   0   0   0   0 255 159  31   0   0  31 159 255   0  31 159 255   0  31 159 255   0   0   0   0   0   0   0   0   0   0   0   0   0   0   0   0   0   0   0   0   0   0   0   0   0   0   0   0   0   0   0   0 
 64   0   0   0   0   0   0   0   0   0   0   0   0   0   0   0   0 255 143  15   0   0  15 143 255   0  15 143 255   0  15 143 255   0   0   0   0   0   0   0   0   0   0   0   0   0   0   0   0   0   0   0   0   0   0   0   0   0   0   0   0   0   0   0   0 
 64   0   0   0   0   0   0   0   0   0   0   0   0   0   0   0   0 255 127   0   0   0   0 127 255   0   0 127 255   0   0 127 255   0   0   0   0   0   0   0   0   0   0   0   0   0   0   0   0   0   0   0   0   0   0   0   0   0   0   0   0   0   0   0   0 
 64   0   0   0   0   0   0   0   0   0   0   0   0   0   0   0   0 255 111   0   0   0   0 111 255   0   0 111 255   0   0 111 255   0   0   0   0   0   0   0   0   0   0   0   0   0   0   0   0   0   0   0   0   0   0   0   0   0   0   0   0   0   0   0   0 
 64   0   0   0   0   0   0   0   0   0   0   0   0   0   0   0   0 223  95   0   0   0   0  95 223   0   0  95 223   0   0  95 223   0   0   0   0   0   0   0   0   0   0   0   0   0   0   0   0   0   0   0   0   0   0   0   0   0   0   0   0   0   0   0   0 
 64   0   0   0   0   0   0   0   0   0   0   0   0   0   0   0   0 207  79   0 159 159   0  79 207 159   0  79 207 159   0  79 207   0   0   0   0   0   0   0   0   0   0   0   0   0   0   0   0   0   0   0   0   0   0   0   0   0   0   0   0   0   0   0   0 
 64   0   0   0   0   0   0   0   0   0   0   0   0   0   0   0   0 191  63   0 255 255   0  63 191 255   0  63 191 255   0  63 191   0   0   0   0   0   0   0   0   0   0   0   0   0   0   0   0   0   0   0   0   0   0   0   0   0   0   0   0   0   0   0   0 
 64   0   0   0   0   0   0   0   0   0   0   0   0   0   0   0   0 175  47   0 255 255   0  47 175 255   0  47 175 255   0  47 175   0   0   0   0   0   0   0   0   0   0   0   0   0   0   0   0   0   0   0   0   0   0   0   0   0   0   0   0   0   0   0   0 
 64   0   0   0   0   0   0   0   0   0   0   0   0   0   0   0   0 159  31   0 255 255   0  31 159 255   0  31 159 255   0  31 159   0   0   0   0   0   0   0   0   0   0   0   0   0   0   0   0   0   0   0   0   0   0   0   0   0   0   0   0   0   0   0   0 
 64   0   0   0   0   0   0   0   0   0   0   0   0   0   0   0   0 143  15   0 255 255   0  15 143 255   0  15 143 255   0  15 143   0   0   0   0   0   0   0   0   0   0   0   0   0   0   0   0   0   0   0   0   0   0   0   0   0   0   0   0   0   0   0   0 
 64   0   0   0   0   0   0   0   0   0   0   0   0   0   0   0   0 127   0   0 255 255   0   0 127 255   0   0 127 255   0   0 127   0   0   0   0   0   0   0   0   0   0   0   0   0   0   0   0   0   0   0   0   0   0   0   0   0   0   0   0   0   0   0   0 
 64   0   0   0   0   0   0   0   0   0   0   0   0   0   0   0   0 111   0   0 255 255   0   0 111 255   0   0 111 255   0   0 111   0   0   0   0   0   0   0   0   0   0   0   0   0   0   0   0   0   0   0   0   0   0   0   0   0   0   0   0   0   0   0   0 
 64   0   0   0   0   0   0   0   0   0   0   0   0   0   0   0   0  95   0   0 223 223   0   0  95 223   0   0  95 223   0   0  95   0   0   0   0   0   0   0   0   0   0   0   0   0   0   0   0   0   0   0   0   0   0   0   0   0   0   0   0   0   0   0   0 
 64   0   0   0   0   0   0   0   0   0   0   0   0   0   0   0   0  79   0 159 207 207 159   0  79 207 159   0  79 207 159   0  79   0   0   0   0   0   0   0   0   0   0   0   0   0   0   0   0   0   0   0   0   0   0   0   0   0   0   0   0   0   0   0   0 
 64   0   0   0   0   0   0   0   0   0   0   0   0   0   0   0   0  63   0 255 191 191 255   0  63 191 255   0  63 191 255   0  63   0   0   0   0   0   0   0   0   0   0   0   0   0   0   0   0   0   0   0   0   0   0   0   0   0   0   0   0   0   0   0   0 
 64   0   0   0   0   0   0   0   0   0   0   0   0   0   0   0   0  47   0 255 175 175 255   0  47 175 255   0  47 175 255   0  47   0   0   0   0   0   0   0   0   0   0   0   0   0   0   0   0   0   0   0   0   0   0   0   0   0   0   0   0   0   0   0   0 
 64   0   0   0   0   0   0   0   0   0   0   0   0   0   0   0   0  31   0 255 159 159 255   0  31 159 255   0  31 159 255   0  31   0   0   0   0   0   0   0   0   0   0   0   0   0   0   0   0   0   0   0   0   0   0   0   0   0   0   0   0   0   0   0   0 
 64   0   0   0   0   0   0   0   0   0   0   0   0   0   0   0   0  15   0 255 143 143 255   0  15 143 255   0  15 143 255   0  15   0   0   0   0   0   0   0   0   0   0   0   0   0   0   0   0   0   0   0   0   0   0   0   0   0   0   0   0   0   0   0   0 
 64   0   0   0   0   0   0   0   0   0   0   0   0   0   0   0   0   0   0 255 127 127 255   0   0 127 255   0   0 127 255   0   0   0   0   0   0   0   0   0   0   0   0   0   0   0   0   0   0   0   0   0   0   0   0   0   0   0   0   0   0   0   0   0   0 
 64   0   0   0   0   0   0   0   0   0   0   0   0   0   0   0   0   0   0 255 111 111 255   0   0 111 255   0   0 111 255   0   0   0   0   0   0   0   0   0   0   0   0   0   0   0   0   0   0   0   0   0   0   0   0   0   0   0   0   0   0   0   0   0   0 
 64   0   0   0   0   0   0   0   0   0   0   0   0   0   0   0   0   0   0 223  95  95 223   0   0  95 223   0   0  95 223   0   0   0   0   0   0   0   0   0   0   0   0   0   0   0   0   0   0   0   0   0   0   0   0   0   0   0   0   0   0   0   0   0   0 
 64   0   0   0   0   0   0   0   0   0   0   0   0   0   0   0   0   0 159 207  79  79 207 159   0  79 207 159   0  79 207 159   0   0   0   0   0   0   0   0   0   0   0   0   0   0   0   0   0   0   0   0   0   0   0   0   0   0   0   0   0   0   0   0   0 
 64   0   0   0   0   0   0   0   0   0   0   0   0   0   0   0   0   0 255 191  63  63 191 255   0  63 191 255   0  63 191 255   0   0   0   0   0   0   0   0   0   0   0   0   0   0   0   0   0   0   0   0   0   0   0   0   0   0   0   0   0   0   0   0   0 
 64   0   0   0   0   0   0   0   0   0   0   0   0   0   0   0   0   0 255 175  47  47 175 255   0  47 175 255   0  47 175 255   0   0   0   0   0   0   0   0   0   0   0   0   0   0   0   0   0   0   0   0   0   0   0   0   0   0   0   0   0   0   0   0   0 
 64   0   0   0   0   0   0   0   0   0   0   0   0   0   0   0   0   0 255 159  31  31 159 255   0  31 159 255   0  31 159 255   0   0   0   0   0   0   0   0   0   0   0   0   0   0   0   0   0   0   0   0   0   0   0   0   0   0   0   0   0   0   0   0   0 
 64   0   0   0   0   0   0   0   0   0   0   0   0   0   0   0   0   0 255 143  15  15 143 255   0  15 143 255   0  15 143 255   0   0   0   0   0   0   0   0   0   0   0   0   0   0   0   0   0   0   0   0   0   0   0   0   0   0   0   0   0   0   0   0   0 
 64   0   0   0   0   0   0   0   0   0   0   0   0   0   0   0   0   0 255 127   0   0 127 255   0   0 127 255   0   0 127 255   0   0   0   0   0   0   0   0   0   0   0   0   0   0   0   0   0   0   0   0   0   0   0   0   0   0   0   0   0   0   0   0   0 
 64   0   0   0   0   0   0   0   0   0   0   0   0   0   0   0   0   0 255 111   0   0 111 255   0   0 111 255   0   0 111 255   0   0   0   0   0   0   0   0   0   0   0   0   0   0   0   0   0   0   0   0   0   0   0   0   0   0   0   0   0   0   0   0   0 
 64   0   0   0   0   0   0   0   0   0   0   0   0   0   0   0   0   0 223  95   0   0  95 223   0   0  95 223   0   0  95 223   0   0   0   0   0   0   0   0   0   0   0   0   0   0   0   0   0   0   0   0   0   0   0   0   0   0   0   0   0   0   0   0   0 
 64   0   0   0   0   0   0   0   0   0   0   0   0   0   0   0   0 159 207  79   0   0  79 207 159   0  79 207 159   0  79 207 159   0   0   0   0   0   0   0   0   0   0   0   0   0   0   0   0   0   0   0   0   0   0   0   0   0   0   0   0   0   0   0   0 
 64   0   0   0   0   0   0   0   0   0   0   0   0   0   0   0   0 255 191  63   0   0  63 191 255   0  63 191 255   0  63 191 255   0   0   0   0   0   0   0   0   0   0   0   0   0   0   0   0   0   0   0   0   0   0   0   0   0   0   0   0   0   0   0   0 
 64   0   0   0   0   0   0   0   0   0   0   0   0   0   0   0   0 255 175  47   0   0  47 175 255   0  47 175 255   0  47 175 255   0   0   0   0   0   0   0   0   0   0   0   0   0   0   0   0   0   0   0   0   0   0   0   0   0   0   0   0   0   0   0   0 
 64   0   0   0   0   0   0   0   0   0   0   0   0   0   0   0   0 255 159  31   0   0  31 159 255   0  31 159 255   0  31 159 255   0   0   0   0   0   0   0   0   0   0   0   0   0   0   0   0   0   0   0   0   0   0   0   0   0   0   0   0   0   0   0   0 
 64   0   0   0   0   0   0   0   0   0   0   0   0   0   0   0   0 255 143  15   0   0  15 143 255   0  15 143 255   0  15 143 255   0   0   0   0   0   0   0   0   0   0   0   0   0   0   0   0   0   0   0   0   0   0   0   0   0   0   0   0   0   0   0   0 
 64   0   0   0   0   0   0   0   0   0   0   0   0   0   0   0   0 255 127   0   0   0   0 127 255   0   0 127 255   0   0 127 255   0   0   0   0   0   0   0   0   0   0   0   0   0   0   0   0   0   0   0   0   0   0   0   0   0   0   0   0   0   0   0   0 
 64   0   0   0   0   0   0   0   0   0   0   0   0   0   0   0   0 255 111   0   0   0   0 111 255   0   0 111 255   0   0 111 255   0   0   0   0   0   0   0   0   0   0   0   0   0   0   0   0   0   0   0   0   0   0   0   0   0   0   0   0   0   0   0   0 
 64   0   0   0   0   0   0   0   0   0   0   0   0   0   0   0   0 223  95   0   0   0   0  95 223   0   0  95 223   0   0  95 223   0   0   0   0   0   0   0   0   0   0   0   0   0   0   0   0   0   0   0   0   0   0   0   0   0   0   0   0   0   0   0   0 
 64   0   0   0   0   0   0   0   0   0   0   0   0   0   0   0   0 207  79   0 159 159   0  79 207 159   0  79 207 159   0  79 207   0   0   0   0   0   0   0   0   0   0   0   0   0   0   0   0   0   0   0   0   0   0   0   0   0   0   0   0   0   0   0   0 
 64   0   0   0   0   0   0   0   0   0   0   0   0   0   0   0   0 191  63   0 255 255   0  63 191 255   0  63 191 255   0  63 191   0   0   0   0   0   0   0   0   0   0   0   0   0   0   0   0   0   0   0   0   0   0   0   0   0   0   0   0   0   0   0   0 
 64   0   0   0   0   0   0   0   0   0   0   0   0   0   0   0   0 175  47   0 255 255   0  47 175 255   0  47 175 255   0  47 175   0   0   0   0   0   0   0   0   0   0   0   0   0   0   0   0   0   0   0   0   0   0   0   0   0   0   0   0   0   0   0   0 
 64   0   0   0   0   0   0   0   0   0   0   0   0   0   0   0   0 159  31   0 255 255   0  31 159 255   0  31 159 255   0  31 159   0   0   0   0   0   0   0   0   0   0   0   0   0   0   0   0   0   0   0   0   0   0   0   0   0   0   0   0   0   0   0   0 
 64   0   0   0   0   0   0   0   0   0   0   0   0   0   0   0   0 143  15   0 255 255   0  15 143 255   0  15 143 255   0  15 143   0   0   0   0   0   0   0   0   0   0   0   0   0   0   0   0   0   0   0   0   0   0   0   0   0   0   0   0   0   0   0   0 
 64   0   0   0   0   0   0   0   0   0   0   0   0   0   0   0   0 127   0   0 255 255   0   0 127 255   0   0 127 255   0   0 127   0   0   0   0   0   0   0   0   0   0   0   0   0   0   0   0   0   0   0   0   0   0   0   0   0   0   0   0   0   0   0   0 
 64   0   0   0   0   0   0   0   0   0   0   0   0   0   0   0   0 111   0   0 255 255   0   0 111 255   0   0 111 255   0   0 111   0   0   0   0   0   0   0   0   0   0   0   0   0   0   0   0   0   0   0   0   0   0   0   0   0   0   0   0   0   0   0   0 
 64   0   0   0   0   0   0   0   0   0   0   0   0   0   0   0   0  95   0   0 223 223   0   0  95 223   0   0  95 223   0   0  95   0   0   0   0   0   0   0   0   0   0   0   0   0   0   0   0   0   0   0   0   0   0   0   0   0   0   0   0   0   0   0   0 
 64   0   0   0   0   0   0   0   0   0   0   0   0   0   0   0   0  79   0 159 207 207 159   0  79 207 159   0  79 207 159   0  79   0   0   0   0   0   0   0   0   0   0   0   0   0   0   0   0   0   0   0   0   0   0   0   0   0   0   0   0   0   0   0   0 
 64   0   0   0   0   0   0   0   0   0   0   0   0   0   0   0   0  63   0 255 191 191 255   0  63 191 255   0  63 191 255   0  63   0   0   0   0   0   0   0   0   0   0   0   0   0   0   0   0   0   0   0   0   0   0   0   0   0   0   0   0   0   0   0   0 
 64   0   0   0   0   0   0   0   0   0   0   0   0   0   0   0   0  47   0 255 175 175 255   0  47 175 255   0  47 175 255   0  47   0   0   0   0   0   0   0   0   0   0   0   0   0   0   0   0   0   0   0   0   0   0   0   0   0   0   0   0   0   0   0   0 
 64   0   0   0   0   0   0   0   0   0   0   0   0   0   0   0   0  31   0 255 159 159 255   0  31 159 255   0  31 159 255   0  31   0   0   0   0   0   0   0   0   0   0   0   0   0   0   0   0   0   0   0   0   0   0   0   0   0   0   0   0   0   0   0   0 
 64   0   0   0   0   0   0   0   0   0   0   0   0   0   0   0   0  15   0 255 143 143 255   0  15 143 255   0  15 143 255   0  15   0   0   0   0   0   0   0   0   0   0   0   0   0   0   0   0   0   0   0   0   0   0   0   0   0   0   0   0   0   0   0   0 
 64   0   0   0   0   0   0   0   0   0   0   0   0   0   0   0   0   0   0 255 127 127 255   0   0 127 255   0   0 127 255   0   0   0   0   0   0   0   0   0   0   0   0   0   0   0   0   0   0   0   0   0   0   0   0   0   0   0   0   0   0   0   0   0   0 
 64   0   0   0   0   0   0   0   0   0   0   0   0   0   0   0   0   0   0 255 111 111 255   0   0 111 255   0   0 111 255   0   0   0   0   0   0   0   0   0   0   0   0   0   0   0   0   0   0   0   0   0   0   0   0   0   0   0   0   0   0   0   0   0   0 
 64   0   0   0   0   0   0   0   0   0   0   0   0   0   0   0   0   0   0 223  95  95 223   0   0  95 223   0   0  95 223   0   0   0   0   0   0   0   0   0   0   0   0   0   0   0   0   0   0   0   0   0   0   0   0   0   0   0   0   0   0   0   0   0   0 
 64   0   0   0   0   0   0   0   0   0   0   0   0   0   0   0   0   0 159 207  79  79 207 159   0  79 207 159   0  79 207 159   0   0   0   0   0   0   0   0   0   0   0   0   0   0   0   0   0   0   0   0   0   0   0   0   0   0   0   0   0   0   0   0   0 
 64   0   0   0   0   0   0   0   0   0   0   0   0   0   0   0   0   0 255 191  63  63 191 255   0  63 191 255   0  63 191 255   0   0   0   0   0   0   0   0   0   0   0   0   0   0   0   0   0   0   0   0   0   0   0   0   0   0   0   0   0   0   0   0   0 
 64   0   0   0   0   0   0   0   0   0   0   0   0   0   0   0   0   0 255 175  47  47 175 255   0  47 175 255   0  47 175 255   0   0   0   0   0   0   0   0   0   0   0   0   0   0   0   0   0   0   0   0   0   0   0   0   0   0   0   0   0   0   0   0   0 
 64   0   0   0   0   0   0   0   0   0   0   0   0   0   0   0   0   0 255 159  31  31 159 255   0  31 159 255   0  31 159 255   0   0   0   0   0   0   0   0   0   0   0   0   0   0   0   0   0   0   0   0   0   0   0   0   0   0   0   0   0   0   0   0   0 
 64   0   0   0   0   0   0   0   0   0   0   0   0   0   0   0   0   0 255 143  15  15 143 255   0  15 143 255   0  15 143 255   0   0   0   0   0   0   0   0   0   0   0   0   0   0   0   0   0   0   0   0   0   0   0   0   0   0   0   0   0   0   0   0   0 
 64   0   0   0   0   0   0   0   0   0   0   0   0   0   0   0   0   0 255 127   0   0 127 255   0   0 127 255   0   0 127 255   0   0   0   0   0   0   0   0   0   0   0   0   0   0   0   0   0   0   0   0   0   0   0   0   0   0   0   0   0   0   0   0   0 
 64   0   0   0   0   0   0   0   0   0   0   0   0   0   0   0   0   0 255 111   0   0 111 255   0   0 111 255   0   0 111 255   0   0   0   0   0   0   0   0   0   0   0   0   0   0   0   0   0   0   0   0   0   0   0   0   0   0   0   0   0   0   0   0   0 
 64   0   0   0   0   0   0   0   0   0   0   0   0   0   0   0   0   0 223  95   0   0  95 223   0   0  95 223   0   0  95 223   0   0   0   0   0   0   0   0   0   0   0   0   0   0   0   0   0   0   0   0   0   0   0   0   0   0   0   0   0   0   0   0   0 
 64   0   0   0   0   0   0   0   0   0   0   0   0   0   0   0   0 159 207  79   0   0  79 207 159   0  79 207 159   0  79 207 159   0   0   0   0   0   0   0   0   0   0   0   0   0   0   0   0   0   0   0   0   0   0   0   0   0   0   0   0   0   0   0   0 
 64   0   0   0   0   0   0   0   0   0   0   0   0   0   0   0   0 255 191  63   0   0  63 191 255   0  63 191 255   0  63 191 255   0   0   0   0   0   0   0   0   0   0   0   0   0   0   0   0   0   0   0   0   0   0   0   0   0   0   0   0   0   0   0   0 
 64   0   0   0   0   0   0   0   0   0   0   0   0   0   0   0   0 255 175  47   0   0  47 175 255   0  47 175 255   0  47 175 255   0   0   0   0   0   0   0   0   0   0   0   0   0   0   0   0   0   0   0   0   0   0   0   0   0   0   0   0   0   0   0   0 
 64   0   0   0   0   0   0   0   0   0   0   0   0   0   0   0   0 255 159  31   0   0  31 159 255   0  31 159 255   0  31 159 255   0   0   0   0   0   0   0   0   0   0   0   0   0   0   0   0   0   0   0   0   0   0   0   0   0   0   0   0   0   0   0   0 
 64   0   0   0   0   0   0   0   0   0   0   0   0   0   0   0   0 255 143  15   0   0  15 143 255   0  15 143 255   0  15 143 255   0   0   0   0   0   0   0   0   0   0   0   0   0   0   0   0   0   0   0   0   0   0   0   0   0   0   0   0   0   0   0   0 
 64   0   0   0   0   0   0   0   0   0   0   0   0   0   0   0   0 255 127   0   0   0   0 127 255   0   0 127 255   0   0 127 255   0   0   0   0   0   0   0   0   0   0   0   0   0   0   0   0   0   0   0   0   0   0   0   0   0   0   0   0   0   0   0   0 
 64   0   0   0   0   0   0   0   0   0   0   0   0   0   0   0   0 255 111   0   0   0   0 111 255   0   0 111 255   0   0 111 255   0   0   0   0   0   0   0   0   0   0   0   0   0   0   0   0   0   0   0   0   0   0   0   0   0   0   0   0   0   0   0   0 
 64   0   0   0   0   0   0   0   0   0   0   0   0   0   0   0   0 223  95   0   0   0   0  95 223   0   0  95 223   0   0  95 223   0   0   0   0   0   0   0   0   0   0   0   0   0   0   0   0   0   0   0   0   0   0   0   0   0   0   0   0   0   0   0   0 
 64   0   0   0   0   0   0   0   0   0   0   0   0   0   0   0   0 207  79   0 159 159   0  79 207 159   0  79 207 159   0  79 207   0   0   0   0   0   0   0   0   0   0   0   0   0   0   0   0   0   0   0   0   0   0   0   0   0   0   0   0   0   0   0   0 
 64   0   0   0   0   0   0   0   0   0   0   0   0   0   0   0   0 191  63   0 255 255   0  63 191 255   0  63 191 255   0  63 191   0   0   0   0   0   0   0   0   0   0   0   0   0   0   0   0   0   0   0   0   0   0   0   0   0   0   0   0   0   0   0   0 
 64   0   0   0   0   0   0   0   0   0   0   0   0   0   0   0   0 175  47   0 255 255   0  47 175 255   0  47 175 255   0  47 175   0   0   0   0   0   0   0   0   0   0   0   0   0   0   0   0   0   0   0   0   0   0   0   0   0   0   0   0   0   0   0   0 
 64   0   0   0   0   0   0   0   0   0   0   0   0   0   0   0   0 159  31   0 255 255   0  31 159 255   0  31 159 255   0  31 159   0   0   0   0   0   0   0   0   0   0   0   0   0   0   0   0   0   0   0   0   0   0   0   0   0   0   0   0   0   0   0   0 
 64   0   0   0   0   0   0   0   0   0   0   0   0   0   0   0   0 143  15   0 255 255   0  15 143 255   0  15 143 255   0  15 143   0   0   0   0   0   0   0   0   0   0   0   0   0   0   0   0   0   0   0   0   0   0   0   0   0   0   0   0   0   0   0   0 
 64   0   0   0   0   0   0   0   0   0   0   0   0   0   0   0   0 127   0   0 255 255   0   0 127 255   0   0 127 255   0   0 127   0   0   0   0   0   0   0   0   0   0   0   0   0   0   0   0   0   0   0   0   0   0   0   0   0   0   0   0   0   0   0   0 
 64   0   0   0   0   0   0   0   0   0   0   0   0   0   0   0   0 111   0   0 255 255   0   0 111 255   0   0 111 255   0   0 111   0   0   0   0   0   0   0   0   0   0   0   0   0   0   0   0   0   0   0   0   0   0   0   0   0   0   0   0   0   0   0   0 
 64   0   0   0   0   0   0   0   0   0   0   0   0   0   0   0   0  95   0   0 223 223   0   0  95 223   0   0  95 223   0   0  95   0   0   0   0   0   0   0   0   0   0   0   0   0   0   0   0   0   0   0   0   0   0   0   0   0   0   0   0   0   0   0   0 
 64   0   0   0   0   0   0   0   0   0   0   0   0   0   0   0   0  79   0 159 207 207 159   0  79 207 159   0  79 207 159   0  79   0   0   0   0   0   0   0   0   0   0   0   0   0   0   0   0   0   0   0   0   0   0   0   0   0   0   0   0   0   0   0   0 
 64   0   0   0   0   0   0   0   0   0   0   0   0   0   0   0   0  63   0 255 191 191 255   0  63 191 255   0  63 191 255   0  63   0   0   0   0   0   0   0   0   0   0   0   0   0   0   0   0   0   0   0   0   0   0   0   0   0   0   0   0   0   0   0   0 
 64   0   0   0   0   0   0   0   0   0   0   0   0   0   0   0   0  47   0 255 175 175 255   0  47 175 255   0  47 175 255   0  47   0   0   0   0   0   0   0   0   0   0   0   0   0   0   0   0   0   0   0   0   0   0   0   0   0   0   0   0   0   0   0   0 
 64   0   0   0   0   0   0   0   0   0   0   0   0   0   0   0   0  31   0 255 159 159 255   0  31 159 255   0  31 159 255   0  31   0   0   0   0   0   0   0   0   0   0   0   0   0   0   0   0   0   0   0   0   0   0   0   0   0   0   0   0   0   0   0   0 
 64   0   0   0   0   0   0   0   0   0   0   0   0   0   0   0   0  15   0 255 143 143 255   0  15 143 255   0  15 143 255   0  15   0   0   0   0   0   0   0   0   0   0   0   0   0   0   0   0   0   0   0   0   0   0   0   0   0   0   0   0   0   0   0   0 
 64   0   0   0   0   0   0   0   0   0   0   0   0   0   0   0   0   0   0 255 127 127 255   0   0 127 255   0   0 127 255   0   0   0   0   0   0   0   0   0   0   0   0   0   0   0   0   0   0   0   0   0   0   0   0   0   0   0   0   0   0   0   0   0   0 
 64   0   0   0   0   0   0   0   0   0   0   0   0   0   0   0   0   0   0 255 111 111 255   0   0 111 255   0   0 111 255   0   0   0   0   0   0   0   0   0   0   0   0   0   0   0   0   0   0   0   0   0   0   0   0   0   0   0   0   0   0   0   0   0   0 
 64   0   0   0   0   0   0   0   0   0   0   0   0   0   0   0   0   0   0 223  95  95 223   0   0  95 223   0   0  95 223   0   0   0   0   0   0   0   0   0   0   0   0   0   0   0   0   0   0   0   0   0   0   0   0   0   0   0   0   0   0   0   0   0   0 
 64   0   0   0   0   0   0   0   0   0   0   0   0   0   0   0   0   0 159 207  79  79 207 159   0  79 207 159   0  79 207 159   0   0   0   0   0   0   0   0   0   0   0   0   0   0   0   0   0   0   0   0   0   0   0   0   0   0   0   0   0   0   0   0   0 
 64   0   0   0   0   0   0   0   0   0   0   0   0   0   0   0   0   0 255 191  63  63 191 255   0  63 191 255   0  63 191 255   0   0   0   0   0   0   0   0   0   0   0   0   0   0   0   0   0   0   0   0   0   0   0   0   0   0   0   0   0   0   0   0   0 
 64   0   0   0   0   0   0   0   0   0   0   0   0   0   0   0   0   0 255 175  47  47 175 255   0  47 175 255   0  47 175 255   0   0   0   0   0   0   0   0   0   0   0   0   0   0   0   0   0   0   0   0   0   0   0   0   0   0   0   0   0   0   0   0   0 
 64   0   0   0   0   0   0   0   0   0   0   0   0   0   0   0   0   0 255 159  31  31 159 255   0  31 159 255   0  31 159 255   0   0   0   0   0   0   0   0   0   0   0   0   0   0   0   0   0   0   0   0   0   0   0   0   0   0   0   0   0   0   0   0   0 
 64   0   0   0   0   0   0   0   0   0   0   0   0   0   0   0   0   0 255 143  15  15 143 255   0  15 143 255   0  15 143 255   0   0   0   0   0   0   0   0   0   0   0   0   0   0   0   0   0   0   0   0   0   0   0   0   0   0   0   0   0   0   0   0   0 
 64   0   0   0   0   0   0   0   0   0   0   0   0   0   0   0   0   0 255 127   0   0 127 255   0   0 127 255   0   0 127 255   0   0   0   0   0   0   0   0   0   0   0   0   0   0   0   0   0   0   0   0   0   0   0   0   0   0   0   0   0   0   0   0   0 
 64   0   0   0   0   0   0   0   0   0   0   0   0   0   0   0   0   0 255 111   0   0 111 255   0   0 111 255   0   0 111 255   0   0   0   0   0   0   0   0   0   0   0   0   0   0   0   0   0   0   0   0   0   0   0   0   0   0   0   0   0   0   0   0   0 
 64   0   0   0   0   0   0   0   0   0   0   0   0   0   0   0   0   0 223  95   0   0  95 223   0   0  95 223   0   0  95 223   0   0   0   0   0   0   0   0   0   0   0   0   0   0   0   0   0   0   0   0   0   0   0   0   0   0   0   0   0   0   0   0   0 
 64   0   0   0   0   0   0   0   0   0   0   0   0   0   0   0   0 159 207  79   0   0  79 207 159   0  79 207 159   0  79 207 159   0   0   0   0   0   0   0   0   0   0   0   0   0   0   0   0   0   0   0   0   0   0   0   0   0   0   0   0   0   0   0   0 
 64   0   0   0   0   0   0   0   0   0   0   0   0   0   0   0   0 255 191  63   0   0  63 191 255   0  63 191 255   0  63 191 255   0   0   0   0   0   0   0   0   0   0   0   0   0   0   0   0   0   0   0   0   0   0   0   0   0   0   0   0   0   0   0   0 
 64   0   0   0   0   0   0   0   0   0   0   0   0   0   0   0   0 255 175  47   0   0  47 175 255   0  47 175 255   0  47 175 255   0   0   0   0   0   0   0   0   0   0   0   0   0   0   0   0   0   0   0   0   0   0   0   0   0   0   0   0   0   0   0   0 
 64   0   0   0   0   0   0   0   0   0   0   0   0   0   0   0   0 255 159  31   0   0  31 159 255   0  31 159 255   0  31 159 255   0   0   0   0   0   0   0   0   0   0   0   0   0   0   0   0   0   0   0   0   0   0   0   0   0   0   0   0   0   0   0   0 
 64   0   0   0   0   0   0   0   0   0   0   0   0   0   0   0   0 255 143  15   0   0  15 143 255   0  15 143 255   0  15 143 255   0   0   0   0   0   0   0   0   0   0   0   0   0   0   0   0   0   0   0   0   0   0   0   0   0   0   0   0   0   0   0   0 
 64   0   0   0   0   0   0   0   0   0   0   0   0   0   0   0   0 255 127   0   0   0   0 127 255   0   0 127 255   0   0 127 255   0   0   0   0   0   0   0   0   0   0   0   0   0   0   0   0   0   0   0   0   0   0   0   0   0   0   0   0   0   0   0   0 
 64   0   0   0   0   0   0   0   0   0   0   0   0   0   0   0   0 255 111   0   0   0   0 111 255   0   0 111 255   0   0 111 255   0   0   0   0   0   0   0   0   0   0   0   0   0   0   0   0   0   0   0   0   0   0   0   0   0   0   0   0   0   0   0   0 
 64   0   0   0   0   0   0   0   0   0   0   0   0   0   0   0   0 223  95   0   0   0   0  95 223   0   0  95 223   0   0  95 223   0   0   0   0   0   0   0   0   0   0   0   0   0   0   0   0   0   0   0   0   0   0   0   0   0   0   0   0   0   0   0   0 
 64   0   0   0   0   0   0   0   0   0   0   0   0   0   0   0   0 207  79   0 159 159   0  79 207 159   0  79 207 159   0  79 207   0   0   0   0   0   0   0   0   0   0   0   0   0   0   0   0   0   0   0   0   0   0   0   0   0   0   0   0   0   0   0   0 
 64   0   0   0   0   0   0   0   0   0   0   0   0   0   0   0   0 191  63   0 255 255   0  63 191 255   0  63 191 255   0  63 191   0   0   0   0   0   0   0   0   0   0   0   0   0   0   0   0   0   0   0   0   0   0   0   0   0   0   0   0   0   0   0   0 
 64   0   0   0   0   0   0   0   0   0   0   0   0   0   0   0   0 175  47   0 255 255   0  47 175 255   0  47 175 255   0  47 175   0   0   0   0   0   0   0   0   0   0   0   0   0   0   0   0   0   0   0   0   0   0   0   0   0   0   0   0   0   0   0   0 
 64   0   0   0   0   0   0   0   0   0   0   0   0   0   0   0   0 159  31   0 255 255   0  31 159 255   0  31 159 255   0  31 159   0   0   0   0   0   0   0   0   0   0   0   0   0   0   0   0   0   0   0   0   0   0   0   0   0   0   0   0   0   0   0   0 
 64   0   0   0   0   0   0   0   0   0   0   0   0   0   0   0   0 143  15   0 255 255   0  15 143 255   0  15 143 255   0  15 143   0   0   0   0   0   0   0   0   0   0   0   0   0   0   0   0   0   0   0   0   0   0   0   0   0   0   0   0   0   0   0   0 
 64   0   0   0   0   0   0   0   0   0   0   0   0   0   0   0   0 127   0   0 255 255   0   0 127 255   0   0 127 255   0   0 127   0   0   0   0   0   0   0   0   0   0   0   0   0   0   0   0   0   0   0   0   0   0   0   0   0   0   0   0   0   0   0   0 
 64   0   0   0   0   0   0   0   0   0   0   0   0   0   0   0   0 111   0   0 255 255   0   0 111 255   0   0 111 255   0   0 111   0   0   0   0   0   0   0   0   0   0   0   0   0   0   0   0   0   0   0   0   0   0   0   0   0   0   0   0   0   0   0   0 
 64   0   0   0   0   0   0   0   0   0   0   0   0   0   0   0   0  95   0   0 223 223   0   0  95 223   0   0  95 223   0   0  95   0   0   0   0   0   0   0   0   0   0   0   0   0   0   0   0   0   0   0   0   0   0   0   0   0   0   0   0   0   0   0   0 
 64   0   0   0   0   0   0   0   0   0   0   0   0   0   0   0   0  79   0 159 207 207 159   0  79 207 159   0  79 207 159   0  79   0   0   0   0   0   0   0   0   0   0   0   0   0   0   0   0   0   0   0   0   0   0   0   0   0   0   0   0   0   0   0   0 
 64   0   0   0   0   0   0   0   0   0   0   0   0   0   0   0   0  63   0 255 191 191 255   0  63 191 255   0  63 191 255   0  63   0   0   0   0   0   0   0   0   0   0   0   0   0   0   0   0   0   0   0   0   0   0   0   0   0   0   0   0   0   0   0   0 
 64   0   0   0   0   0   0   0   0   0   0   0   0   0   0   0   0  47   0 255 175 175 255   0  47 175 255   0  47 175 255   0  47   0   0   0   0   0   0   0   0   0   0   0   0   0   0   0   0   0   0   0   0   0   0   0   0   0   0   0   0   0   0   0   0 
 64   0   0   0   0   0   0   0   0   0   0   0   0   0   0   0   0  31   0 255 159 159 255   0  31 159 255   0  31 159 255   0  31   0   0   0   0   0   0   0   0   0   0   0   0   0   0   0   0   0   0   0   0   0   0   0   0   0   0   0   0   0   0   0   0 
 64   0   0   0   0   0   0   0   0   0   0   0   0   0   0   0   0  15   0 255 143 143 255   0  15 143 255   0  15 143 255   0  15   0   0   0   0   0   0   0   0   0   0   0   0   0   0   0   0   0   0   0   0   0   0   0   0   0   0   0   0   0   0   0   0 
 64   0   0   0   0   0   0   0   0   0   0   0   0   0   0   0   0   0   0 255 127 127 255   0   0 127 255   0   0 127 255   0   0   0   0   0   0   0   0   0   0   0   0   0   0   0   0   0   0   0   0   0   0   0   0   0   0   0   0   0   0   0   0   0   0 
 64   0   0   0   0   0   0   0   0   0   0   0   0   0   0   0   0   0   0 255 111 111 255   0   0 111 255   0   0 111 255   0   0   0   0   0   0   0   0   0   0   0   0   0   0   0   0   0   0   0   0   0   0   0   0   0   0   0   0   0   0   0   0   0   0 
 64   0   0   0   0   0   0   0   0   0   0   0   0   0   0   0   0   0   0 223  95  95 223   0   0  95 223   0   0  95 223   0   0   0   0   0   0   0   0   0   0   0   0   0   0   0   0   0   0   0   0   0   0   0   0   0   0   0   0   0   0   0   0   0   0 
 64   0   0   0   0   0   0   0   0   0   0   0   0   0   0   0   0   0 159 207  79  79 207 159   0  79 207 159   0  79 207 159   0   0   0   0   0   0   0   0   0   0   0   0   0   0   0   0   0   0   0   0   0   0   0   0   0   0   0   0   0   0   0   0   0 
 64   0   0   0   0   0   0   0   0   0   0   0   0   0   0   0   0   0 255 191  63  63 191 255   0  63 191 255   0  63 191 255   0   0   0   0   0   0   0   0   0   0   0   0   0   0   0   0   0   0   0   0   0   0   0   0   0   0   0   0   0   0   0   0   0 
 64   0   0   0   0   0   0   0   0   0   0   0   0   0   0   0   0   0 255 175  47  47 175 255   0  47 175 255   0  47 175 255   0   0   0   0   0   0   0   0   0   0   0   0   0   0   0   0   0   0   0   0   0   0   0   0   0   0   0   0   0   0   0   0   0 
 64   0   0   0   0   0   0   0   0   0   0   0   0   0   0   0   0   0 255 159  31  31 159 255   0  31 159 255   0  31 159 255   0   0   0   0   0   0   0   0   0   0   0   0   0   0   0   0   0   0   0   0   0   0   0   0   0   0   0   0   0   0   0   0   0 
 64   0   0   0   0   0   0   0   0   0   0   0   0   0   0   0   0   0 255 143  15  15 143 255   0  15 143 255   0  15 143 255   0   0   0   0   0   0   0   0   0   0   0   0   0   0   0   0   0   0   0   0   0   0   0   0   0   0   0   0   0   0   0   0   0 
 64   0   0   0   0   0   0   0   0   0   0   0   0   0   0   0   0   0 255 127   0   0 127 255   0   0 127 255   0   0 127 255   0   0   0   0   0   0   0   0   0   0   0   0   0   0   0   0   0   0   0   0   0   0   0   0   0   0   0   0   0   0   0   0   0 
 64   0   0   0   0   0   0   0   0   0   0   0   0   0   0   0   0   0 255 111   0   0 111 255   0   0 111 255   0   0 111 255   0   0   0   0   0   0   0   0   0   0   0   0   0   0   0   0   0   0   0   0   0   0   0   0   0   0   0   0   0   0   0   0   0 
 64   0   0   0   0   0   0   0   0   0   0   0   0   0   0   0   0   0 223  95   0   0  95 223   0   0  95 223   0   0  95 223   0   0   0   0   0   0   0   0   0   0   0   0   0   0   0   0   0   0   0   0   0   0   0   0   0   0   0   0   0   0   0   0   0 
 64   0   0   0   0   0   0   0   0   0   0   0   0   0   0   0   0 159 207  79   0   0  79 207 159   0  79 207 159   0  79 207 159   0   0   0   0   0   0   0   0   0   0   0   0   0   0   0   0   0   0   0   0   0   0   0   0   0   0   0   0   0   0   0   0 
 64   0   0   0   0   0   0   0   0   0   0   0   0   0   0   0   0 255 191  63   0   0  63 191 255   0  63 191 255   0  63 191 255   0   0   0   0   0   0   0   0   0   0   0   0   0   0   0   0   0   0   0   0   0   0   0   0   0   0   0   0   0   0   0   0 
 64   0   0   0   0   0   0   0   0   0   0   0   0   0   0   0   0 255 175  47   0   0  47 175 255   0  47 175 255   0  47 175 255   0   0   0   0   0   0   0   0   0   0   0   0   0   0   0   0   0   0   0   0   0   0   0   0   0   0   0   0   0   0   0   0 
 64   0   0   0   0   0   0   0   0   0   0   0   0   0   0   0   0 255 159  31   0   0  31 159 255   0  31 159 255   0  31 159 255   0   0   0   0   0   0   0   0   0   0   0   0   0   0   0   0   0   0   0   0   0   0   0   0   0   0   0   0   0   0   0   0 
 64   0   0   0   0   0   0   0   0   0   0   0   0   0   0   0   0 255 143  15   0   0  15 143 255   0  15 143 255   0  15 143 255   0   0   0   0   0   0   0   0   0   0   0   0   0   0   0   0   0   0   0   0   0   0   0   0   0   0   0   0   0   0   0   0 
 64   0   0   0   0   0   0   0   0   0   0   0   0   0   0   0   0 255 127   0   0   0   0 127 255   0   0 127 255   0   0 127 255   0   0   0   0   0   0   0   0   0   0   0   0   0   0   0   0   0   0   0   0   0   0   0   0   0   0   0   0   0   0   0   0 
 64   0   0   0   0   0   0   0   0   0   0   0   0   0   0   0   0 255 111   0   0   0   0 111 255   0   0 111 255   0   0 111 255   0   0   0   0   0   0   0   0   0   0   0   0   0   0   0   0   0   0   0   0   0   0   0   0   0   0   0   0   0   0   0   0 
 64   0   0   0   0   0   0   0   0   0   0   0   0   0   0   0   0 223  95   0   0   0   0  95 223   0   0  95 223   0   0  95 223   0   0   0   0   0   0   0   0   0   0   0   0   0   0   0   0   0   0   0   0   0   0   0   0   0   0   0   0   0   0   0   0 
 64   0   0   0   0   0   0   0   0   0   0   0   0   0   0   0   0 207  79   0 159 159   0  79 207 159   0  79 207 159   0  79 207   0   0   0   0   0   0   0   0   0   0   0   0   0   0   0   0   0   0   0   0   0   0   0   0   0   0   0   0   0   0   0   0 
 64   0   0   0   0   0   0   0   0   0   0   0   0   0   0   0   0 191  63   0 255 255   0  63 191 255   0  63 191 255   0  63 191   0   0   0   0   0   0   0   0   0   0   0   0   0   0   0   0   0   0   0   0   0   0   0   0   0   0   0   0   0   0   0   0 
 64   0   0   0   0   0   0   0   0   0   0   0   0   0   0   0   0 175  47   0 255 255   0  47 175 255   0  47 175 255   0  47 175   0   0   0   0   0   0   0   0   0   0   0   0   0   0   0   0   0   0   0   0   0   0   0   0   0   0   0   0   0   0   0   0 
 64   0   0   0   0   0   0   0   0   0   0   0   0   0   0   0   0 159  31   0 255 255   0  31 159 255   0  31 159 255   0  31 159   0   0   0   0   0   0   0   0   0   0   0   0   0   0   0   0   0   0   0   0   0   0   0   0   0   0   0   0   0   0   0   0 
 64   0   0   0   0   0   0   0   0   0   0   0   0   0   0   0   0 143  15   0 255 255   0  15 143 255   0  15 143 255   0  15 143   0   0   0   0   0   0   0   0   0   0   0   0   0   0   0   0   0   0   0   0   0   0   0   0   0   0   0   0   0   0   0   0 
 64   0   0   0   0   0   0   0   0   0   0   0   0   0   0   0   0 127   0   0 255 255   0   0 127 255   0   0 127 255   0   0 127   0   0   0   0   0   0   0   0   0   0   0   0   0   0   0   0   0   0   0   0   0   0   0   0   0   0   0   0   0   0   0   0 
 64   0   0   0   0   0   0   0   0   0   0   0   0   0   0   0   0 111   0   0 255 255   0   0 111 255   0   0 111 255   0   0 111   0   0   0   0   0   0   0   0   0   0   0   0   0   0   0   0   0   0   0   0   0   0   0   0   0   0   0   0   0   0   0   0 
 64   0   0   0   0   0   0   0   0   0   0   0   0   0   0   0   0  95   0   0 223 223   0   0  95 223   0   0  95 223   0   0  95   0   0   0   0   0   0   0   0   0   0   0   0   0   0   0   0   0   0   0   0   0   0   0   0   0   0   0   0   0   0   0   0 
 64   0   0   0   0   0   0   0   0   0   0   0   0   0   0   0   0  79   0 159 207 207 159   0  79 207 159   0  79 207 159   0  79   0   0   0   0   0   0   0   0   0   0   0   0   0   0   0   0   0   0   0   0   0   0   0   0   0   0   0   0   0   0   0   0 
 64   0   0   0   0   0   0   0   0   0   0   0   0   0   0   0   0  63   0 255 191 191 255   0  63 191 255   0  63 191 255   0  63   0   0   0   0   0   0   0   0   0   0   0   0   0   0   0   0   0   0   0   0   0   0   0   0   0   0   0   0   0   0   0   0 
 64   0   0   0   0   0   0   0   0   0   0   0   0   0   0   0   0  47   0 255 175 175 255   0  47 175 255   0  47 175 255   0  47   0   0   0   0   0   0   0   0   0   0   0   0   0   0   0   0   0   0   0   0   0   0   0   0   0   0   0   0   0   0   0   0 
 64   0   0   0   0   0   0   0   0   0   0   0   0   0   0   0   0  31   0 255 159 159 255   0  31 159 255   0  31 159 255   0  31   0   0   0   0   0   0   0   0   0   0   0   0   0   0   0   0   0   0   0   0   0   0   0   0   0   0   0   0   0   0   0   0 
 64   0   0   0   0   0   0   0   0   0   0   0   0   0   0   0   0  15   0 255 143 143 255   0  15 143 255   0  15 143 255   0  15   0   0   0   0   0   0   0   0   0   0   0   0   0   0   0   0   0   0   0   0   0   0   0   0   0   0   0   0   0   0   0   0 
 64   0   0   0   0   0   0   0   0   0   0   0   0   0   0   0   0   0   0 255 127 127 255   0   0 127 255   0   0 127 255   0   0   0   0   0   0   0   0   0   0   0   0   0   0   0   0   0   0   0   0   0   0   0   0   0   0   0   0   0   0   0   0   0   0 
 64   0   0   0   0   0   0   0   0   0   0   0   0   0   0   0   0   0   0 255 111 111 255   0   0 111 255   0   0 111 255   0   0   0   0   0   0   0   0   0   0   0   0   0   0   0   0   0   0   0   0   0   0   0   0   0   0   0   0   0   0   0   0   0   0 
 64   0   0   0   0   0   0   0   0   0   0   0   0   0   0   0   0   0   0 223  95  95 223   0   0  95 223   0   0  95 223   0   0   0   0   0   0   0   0   0   0   0   0   0   0   0   0   0   0   0   0   0   0   0   0   0   0   0   0   0   0   0   0   0   0 
 64   0   0   0   0   0   0   0   0   0   0   0   0   0   0   0   0   0 159 207  79  79 207 159   0  79 207 159   0  79 207 159   0   0   0   0   0   0   0   0   0   0   0   0   0   0   0   0   0   0   0   0   0   0   0   0   0   0   0   0   0   0   0   0   0 
 64   0   0   0   0   0   0   0   0   0   0   0   0   0   0   0   0   0 255 191  63  63 191 255   0  63 191 255   0  63 191 255   0   0   0   0   0   0   0   0   0   0   0   0   0   0   0   0   0   0   0   0   0   0   0   0   0   0   0   0   0   0   0   0   0 
 64   0   0   0   0   0   0   0   0   0   0   0   0   0   0   0   0   0 255 175  47  47 175 255   0  47 175 255   0  47 175 255   0   0   0   0   0   0   0   0   0   0   0   0   0   0   0   0   0   0   0   0   0   0   0   0   0   0   0   0   0   0   0   0   0 
 64   0   0   0   0   0   0   0   0   0   0   0   0   0   0   0   0   0 255 159  31  31 159 255   0  31 159 255   0  31 159 255   0   0   0   0   0   0   0   0   0   0   0   0   0   0   0   0   0   0   0   0   0   0   0   0   0   0   0   0   0   0   0   0   0 
 64   0   0   0   0   0   0   0   0   0   0   0   0   0   0   0   0   0 255 143  15  15 143 255   0  15 143 255   0  15 143 255   0   0   0   0   0   0   0   0   0   0   0   0   0   0   0   0   0   0   0   0   0   0   0   0   0   0   0   0   0   0   0   0   0 
 64   0   0   0   0   0   0   0   0   0   0   0   0   0   0   0   0   0 255 127   0   0 127 255   0   0 127 255   0   0 127 255   0   0   0   0   0   0   0   0   0   0   0   0   0   0   0   0   0   0   0   0   0   0   0   0   0   0   0   0   0   0   0   0   0 
 64   0   0   0   0   0   0   0   0   0   0   0   0   0   0   0   0   0 255 111   0   0 111 255   0   0 111 255   0   0 111 255   0   0   0   0   0   0   0   0   0   0   0   0   0   0   0   0   0   0   0   0   0   0   0   0   0   0   0   0   0   0   0   0   0 
 64   0   0   0   0   0   0   0   0   0   0   0   0   0   0   0   0   0 223  95   0   0  95 223   0   0  95 223   0   0  95 223   0   0   0   0   0   0   0   0   0   0   0   0   0   0   0   0   0   0   0   0   0   0   0   0   0   0   0   0   0   0   0   0   0 
 64   0   0   0   0   0   0   0   0   0   0   0   0   0   0   0   0 159 207  79   0   0  79 207 159   0  79 207 159   0  79 207 159   0   0   0   0   0   0   0   0   0   0   0   0   0   0   0   0   0   0   0   0   0   0   0   0   0   0   0   0   0   0   0   0 
 64   0   0   0   0   0   0   0   0   0   0   0   0   0   0   0   0 255 191  63   0   0  63 191 255   0  63 191 255   0  63 191 255   0   0   0   0   0   0   0   0   0   0   0   0   0   0   0   0   0   0   0   0   0   0   0   0   0   0   0   0   0   0   0   0 
 64   0   0   0   0   0   0   0   0   0   0   0   0   0   0   0   0 255 175  47   0   0  47 175 255   0  47 175 255   0  47 175 255   0   0   0   0   0   0   0   0   0   0   0   0   0   0   0   0   0   0   0   0   0   0   0   0   0   0   0   0   0   0   0   0 
 64   0   0   0   0   0   0   0   0   0   0   0   0   0   0   0   0 255 159  31   0   0  31 159 255   0  31 159 255   0  31 159 255   0   0   0   0   0   0   0   0   0   0   0   0   0   0   0   0   0   0   0   0   0   0   0   0   0   0   0   0   0   0   0   0 
 64   0   0   0   0   0   0   0   0   0   0   0   0   0   0   0   0 255 143  15   0   0  15 143 255   0  15 143 255   0  15 143 255   0   0   0   0   0   0   0   0   0   0   0   0   0   0   0   0   0   0   0   0   0   0   0   0   0   0   0   0   0   0   0   0 
 64   0   0   0   0   0   0   0   0   0   0   0   0   0   0   0   0 255 127   0   0   0   0 127 255   0   0 127 255   0   0 127 255   0   0   0   0   0   0   0   0   0   0   0   0   0   0   0   0   0   0   0   0   0   0   0   0   0   0   0   0   0   0   0   0 
 64   0   0   0   0   0   0   0   0   0   0   0   0   0   0   0   0 255 111   0   0   0   0 111 255   0   0 111 255   0   0 111 255   0   0   0   0   0   0   0   0   0   0   0   0   0   0   0   0   0   0   0   0   0   0   0   0   0   0   0   0   0   0   0   0 
 64   0   0   0   0   0   0   0   0   0   0   0   0   0   0   0   0 223  95   0   0   0   0  95 223   0   0  95 223   0   0  95 223   0   0   0   0   0   0   0   0   0   0   0   0   0   0   0   0   0   0   0   0   0   0   0   0   0   0   0   0   0   0   0   0 
 64   0   0   0   0   0   0   0   0   0   0   0   0   0   0   0   0 207  79   0 159 159   0  79 207 159   0  79 207 159   0  79 207   0   0   0   0   0   0   0   0   0   0   0   0   0   0   0   0   0   0   0   0   0   0   0   0   0   0   0   0   0   0   0   0 
 64   0   0   0   0   0   0   0   0   0   0   0   0   0   0   0   0 191  63   0 255 255   0  63 191 255   0  63 191 255   0  63 191   0   0   0   0   0   0   0   0   0   0   0   0   0   0   0   0   0   0   0   0   0   0   0   0   0   0   0   0   0   0   0   0 
 64   0   0   0   0   0   0   0   0   0   0   0   0   0   0   0   0 175  47   0 255 255   0  47 175 255   0  47 175 255   0  47 175   0   0   0   0   0   0   0   0   0   0   0   0   0   0   0   0   0   0   0   0   0   0   0   0   0   0   0   0   0   0   0   0 
 64   0   0   0   0   0   0   0   0   0   0   0   0   0   0   0   0 159  31   0 255 255   0  31 159 255   0  31 159 255   0  31 159   0   0   0   0   0   0   0   0   0   0   0   0   0   0   0   0   0   0   0   0   0   0   0   0   0   0   0   0   0   0   0   0 
 64   0   0   0   0   0   0   0   0   0   0   0   0   0   0   0   0 143  15   0 255 255   0  15 143 255   0  15 143 255   0  15 143   0   0   0   0   0   0   0   0   0   0   0   0   0   0   0   0   0   0   0   0   0   0   0   0   0   0   0   0   0   0   0   0 
 64   0   0   0   0   0   0   0   0   0   0   0   0   0   0   0   0 127   0   0 255 255   0   0 127 255   0   0 127 255   0   0 127   0   0   0   0   0   0   0   0   0   0   0   0   0   0   0   0   0   0   0   0   0   0   0   0   0   0   0   0   0   0   0   0 
 64   0   0   0   0   0   0   0   0   0   0   0   0   0   0   0   0 111   0   0 255 255   0   0 111 255   0   0 111 255   0   0 111   0   0   0   0   0   0   0   0   0   0   0   0   0   0   0   0   0   0   0   0   0   0   0   0   0   0   0   0   0   0   0   0 
 64   0   0   0   0   0   0   0   0   0   0   0   0   0   0   0   0  95   0   0 223 223   0   0  95 223   0   0  95 223   0   0  95   0   0   0   0   0   0   0   0   0   0   0   0   0   0   0   0   0   0   0   0   0   0   0   0   0   0   0   0   0   0   0   0 
 64   0   0   0   0   0   0   0   0   0   0   0   0   0   0   0   0  79   0 159 207 207 159   0  79 207 159   0  79 207 159   0  79   0   0   0   0   0   0   0   0   0   0   0   0   0   0   0   0   0   0   0   0   0   0   0   0   0   0   0   0   0   0   0   0 
 64   0   0   0   0   0   0   0   0   0   0   0   0   0   0   0   0  63   0 255 191 191 255   0  63 191 255   0  63 191 255   0  63   0   0   0   0   0   0   0   0   0   0   0   0   0   0   0   0   0   0   0   0   0   0   0   0   0   0   0   0   0   0   0   0 
 64   0   0   0   0   0   0   0   0   0   0   0   0   0   0   0   0  47   0 255 175 175 255   0  47 175 255   0  47 175 255   0  47   0   0   0   0   0   0   0   0   0   0   0   0   0   0   0   0   0   0   0   0   0   0   0   0   0   0   0   0   0   0   0   0 
 64   0   0   0   0   0   0   0   0   0   0   0   0   0   0   0   0  31   0 255 159 159 255   0  31 159 255   0  31 159 255   0  31   0   0   0   0   0   0   0   0   0   0   0   0   0   0   0   0   0   0   0   0   0   0   0   0   0   0   0   0   0   0   0   0 
 64   0   0   0   0   0   0   0   0   0   0   0   0   0   0   0   0  15   0 255 143 143 255   0  15 143 255   0  15 143 255   0  15   0   0   0   0   0   0   0   0   0   0   0   0   0   0   0   0   0   0   0   0   0   0   0   0   0   0   0   0   0   0   0   0 
 64   0   0   0   0   0   0   0   0   0   0   0   0   0   0   0   0   0   0 255 127 127 255   0   0 127 255   0   0 127 255   0   0   0   0   0   0   0   0   0   0   0   0   0   0   0   0   0   0   0   0   0   0   0   0   0   0   0   0   0   0   0   0   0   0 
 64   0   0   0   0   0   0   0   0   0   0   0   0   0   0   0   0   0   0 255 111 111 255   0   0 111 255   0   0 111 255   0   0   0   0   0   0   0   0   0   0   0   0   0   0   0   0   0   0   0   0   0   0   0   0   0   0   0   0   0   0   0   0   0   0 
 64   0   0   0   0   0   0   0   0   0   0   0   0   0   0   0   0   0   0 223  95  95 223   0   0  95 223   0   0  95 223   0   0   0   0   0   0   0   0   0   0   0   0   0   0   0   0   0   0   0   0   0   0   0   0   0   0   0   0   0   0   0   0   0   0 
 64   0   0   0   0   0   0   0   0   0   0   0   0   0   0   0   0   0 159 207  79  79 207 159   0  79 207 159   0  79 207 159   0   0   0   0   0   0   0   0   0   0   0   0   0   0   0   0   0   0   0   0   0   0   0   0   0   0   0   0   0   0   0   0   0 
 64   0   0   0   0   0   0   0   0   0   0   0   0   0   0   0   0   0 255 191  63  63 191 255   0  63 191 255   0  63 191 255   0   0   0   0   0   0   0   0   0   0   0   0   0   0   0   0   0   0   0   0   0   0   0   0   0   0   0   0   0   0   0   0   0 
 64   0   0   0   0   0   0   0   0   0   0   0   0   0   0   0   0   0 255 175  47  47 175 255   0  47 175 255   0  47 175 255   0   0   0   0   0   0   0   0   0   0   0   0   0   0   0   0   0   0   0   0   0   0   0   0   0   0   0   0   0   0   0   0   0 
 64   0   0   0   0   0   0   0   0   0   0   0   0   0   0   0   0   0 255 159  31  31 159 255   0  31 159 255   0  31 159 255   0   0   0   0   0   0   0   0   0   0   0   0   0   0   0   0   0   0   0   0   0   0   0   0   0   0   0   0   0   0   0   0   0 
 64   0   0   0   0   0   0   0   0   0   0   0   0   0   0   0   0   0 255 143  15  15 143 255   0  15 143 255   0  15 143 255   0   0   0   0   0   0   0   0   0   0   0   0   0   0   0   0   0   0   0   0   0   0   0   0   0   0   0   0   0   0   0   0   0 
 64   0   0   0   0   0   0   0   0   0   0   0   0   0   0   0   0   0 255 127   0   0 127 255   0   0 127 255   0   0 127 255   0   0   0   0   0   0   0   0   0   0   0   0   0   0   0   0   0   0   0   0   0   0   0   0   0   0   0   0   0   0   0   0   0 
 64   0   0   0   0   0   0   0   0   0   0   0   0   0   0   0   0   0 255 111   0   0 111 255   0   0 111 255   0   0 111 255   0   0   0   0   0   0   0   0   0   0   0   0   0   0   0   0   0   0   0   0   0   0   0   0   0   0   0   0   0   0   0   0   0 
 64   0   0   0   0   0   0   0   0   0   0   0   0   0   0   0   0   0 223  95   0   0  95 223   0   0  95 223   0   0  95 223   0   0   0   0   0   0   0   0   0   0   0   0   0   0   0   0   0   0   0   0   0   0   0   0   0   0   0   0   0   0   0   0   0 
 64   0   0   0   0   0   0   0   0   0   0   0   0   0   0   0   0 159 207  79   0   0  79 207 159   0  79 207 159   0  79 207 159   0   0   0   0   0   0   0   0   0   0   0   0   0   0   0   0   0   0   0   0   0   0   0   0   0   0   0   0   0   0   0   0 
 64   0   0   0   0   0   0   0   0   0   0   0   0   0   0   0   0 255 191  63   0   0  63 191 255   0  63 191 255   0  63 191 255   0   0   0   0   0   0   0   0   0   0   0   0   0   0   0   0   0   0   0   0   0   0   0   0   0   0   0   0   0   0   0   0 
 64   0   0   0   0   0   0   0   0   0   0   0   0   0   0   0   0 255 175  47   0   0  47 175 255   0  47 175 255   0  47 175 255   0   0   0   0   0   0   0   0   0   0   0   0   0   0   0   0   0   0   0   0   0   0   0   0   0   0   0   0   0   0   0   0 
 64   0   0   0   0   0   0   0   0   0   0   0   0   0   0   0   0 255 159  31   0   0  31 159 255   0  31 159 255   0  31 159 255   0   0   0   0   0   0   0   0   0   0   0   0   0   0   0   0   0   0   0   0   0   0   0   0   0   0   0   0   0   0   0   0 
 64   0   0   0   0   0   0   0   0   0   0   0   0   0   0   0   0 255 143  15   0   0  15 143 255   0  15 143 255   0  15 143 255   0   0   0   0   0   0   0   0   0   0   0   0   0   0   0   0   0   0   0   0   0   0   0   0   0   0   0   0   0   0   0   0 
 64   0   0   0   0   0   0   0   0   0   0   0   0   0   0   0   0 255 127   0   0   0   0 127 255   0   0 127 255   0   0 127 255   0   0   0   0   0   0   0   0   0   0   0   0   0   0   0   0   0   0   0   0   0   0   0   0   0   0   0   0   0   0   0   0 
 64   0   0   0   0   0   0   0   0   0   0   0   0   0   0   0   0 255 111   0   0   0   0 111 255   0   0 111 255   0   0 111 255   0   0   0   0   0   0   0   0   0   0   0   0   0   0   0   0   0   0   0   0   0   0   0   0   0   0   0   0   0   0   0   0 
 64   0   0   0   0   0   0   0   0   0   0   0   0   0   0   0   0 223  95   0   0   0   0  95 223   0   0  95 223   0   0  95 223   0   0   0   0   0   0   0   0   0   0   0   0   0   0   0   0   0   0   0   0   0   0   0   0   0   0   0   0   0   0   0   0 
 64   0   0   0   0   0   0   0   0   0   0   0   0   0   0   0   0 207  79   0 159 159   0  79 207 159   0  79 207 159   0  79 207   0   0   0   0   0   0   0   0   0   0   0   0   0   0   0   0   0   0   0   0   0   0   0   0   0   0   0   0   0   0   0   0 
 64   0   0   0   0   0   0   0   0   0   0   0   0   0   0   0   0 191  63   0 255 255   0  63 191 255   0  63 191 255   0  63 191   0   0   0   0   0   0   0   0   0   0   0   0   0   0   0   0   0   0   0   0   0   0   0   0   0   0   0   0   0   0   0   0 
 64   0   0   0   0   0   0   0   0   0   0   0   0   0   0   0   0 175  47   0 255 255   0  47 175 255   0  47 175 255   0  47 175   0   0   0   0   0   0   0   0   0   0   0   0   0   0   0   0   0   0   0   0   0   0   0   0   0   0   0   0   0   0   0   0 
 64   0   0   0   0   0   0   0   0   0   0   0   0   0   0   0   0 159  31   0 255 255   0  31 159 255   0  31 159 255   0  31 159   0   0   0   0   0   0   0   0   0   0   0   0   0   0   0   0   0   0   0   0   0   0   0   0   0   0   0   0   0   0   0   0 
 64   0   0   0   0   0   0   0   0   0   0   0   0   0   0   0   0 143  15   0 255 255   0  15 143 255   0  15 143 255   0  15 143   0   0   0   0   0   0   0   0   0   0   0   0   0   0   0   0   0   0   0   0   0   0   0   0   0   0   0   0   0   0   0   0 
 64   0   0   0   0   0   0   0   0   0   0   0   0   0   0   0   0 127   0   0 255 255   0   0 127 255   0   0 127 255   0   0 127   0   0   0   0   0   0   0   0   0   0   0   0   0   0   0   0   0   0   0   0   0   0   0   0   0   0   0   0   0   0   0   0 
 64   0   0   0   0   0   0   0   0   0   0   0   0   0   0   0   0 111   0   0 255 255   0   0 111 255   0   0 111 255   0   0 111   0   0   0   0   0   0   0   0   0   0   0   0   0   0   0   0   0   0   0   0   0   0   0   0   0   0   0   0   0   0   0   0 
 64   0   0   0   0   0   0   0   0   0   0   0   0   0   0   0   0  95   0   0 223 223   0   0  95 223   0   0  95 223   0   0  95   0   0   0   0   0   0   0   0   0   0   0   0   0   0   0   0   0   0   0   0   0   0   0   0   0   0   0   0   0   0   0   0 
 64   0   0   0   0   0   0   0   0   0   0   0   0   0   0   0   0  79   0 159 207 207 159   0  79 207 159   0  79 207 159   0  79   0   0   0   0   0   0   0   0   0   0   0   0   0   0   0   0   0   0   0   0   0   0   0   0   0   0   0   0   0   0   0   0 
 64   0   0   0   0   0   0   0   0   0   0   0   0   0   0   0   0  63   0 255 191 191 255   0  63 191 255   0  63 191 255   0  63   0   0   0   0   0   0   0   0   0   0   0   0   0   0   0   0   0   0   0   0   0   0   0   0   0   0   0   0   0   0   0   0 
 64   0   0   0   0   0   0   0   0   0   0   0   0   0   0   0   0  47   0 255 175 175 255   0  47 175 255   0  47 175 255   0  47   0   0   0   0   0   0   0   0   0   0   0   0   0   0   0   0   0   0   0   0   0   0   0   0   0   0   0   0   0   0   0   0 
 64   0   0   0   0   0   0   0   0   0   0   0   0   0   0   0   0  31   0 255 159 159 255   0  31 159 255   0  31 159 255   0  31   0   0   0   0   0   0   0   0   0   0   0   0   0   0   0   0   0   0   0   0   0   0   0   0   0   0   0   0   0   0   0   0 
 64   0   0   0   0   0   0   0   0   0   0   0   0   0   0   0   0  15   0 255 143 143 255   0  15 143 255   0  15 143 255   0  15   0   0   0   0   0   0   0   0   0   0   0   0   0   0   0   0   0   0   0   0   0   0   0   0   0   0   0   0   0   0   0   0 
 64   0   0   0   0   0   0   0   0   0   0   0   0   0   0   0   0   0   0 255 127 127 255   0   0 127 255   0   0 127 255   0   0   0   0   0   0   0   0   0   0   0   0   0   0   0   0   0   0   0   0   0   0   0   0   0   0   0   0   0   0   0   0   0   0 
 64   0   0   0   0   0   0   0   0   0   0   0   0   0   0   0   0   0   0 255 111 111 255   0   0 111 255   0   0 111 255   0   0   0   0   0   0   0   0   0   0   0   0   0   0   0   0   0   0   0   0   0   0   0   0   0   0   0   0   0   0   0   0   0   0 
 64   0   0   0   0   0   0   0   0   0   0   0   0   0   0   0   0   0   0 223  95  95 223   0   0  95 223   0   0  95 223   0   0   0   0   0   0   0   0   0   0   0   0   0   0   0   0   0   0   0   0   0   0   0   0   0   0   0   0   0   0   0   0   0   0 
 64   0   0   0   0   0   0   0   0   0   0   0   0   0   0   0   0   0 159 207  79  79 207 159   0  79 207 159   0  79 207 159   0   0   0   0   0   0   0   0   0   0   0   0   0   0   0   0   0   0   0   0   0   0   0   0   0   0   0   0   0   0   0   0   0 
 64   0   0   0   0   0   0   0   0   0   0   0   0   0   0   0   0   0 255 191  63  63 191 255   0  63 191 255   0  63 191 255   0   0   0   0   0   0   0   0   0   0   0   0   0   0   0   0   0   0   0   0   0   0   0   0   0   0   0   0   0   0   0   0   0 
 64   0   0   0   0   0   0   0   0   0   0   0   0   0   0   0   0   0 255 175  47  47 175 255   0  47 175 255   0  47 175 255   0   0   0   0   0   0   0   0   0   0   0   0   0   0   0   0   0   0   0   0   0   0   0   0   0   0   0   0   0   0   0   0   0 
 64   0   0   0   0   0   0   0   0   0   0   0   0   0   0   0   0   0 255 159  31  31 159 255   0  31 159 255   0  31 159 255   0   0   0   0   0   0   0   0   0   0   0   0   0   0   0   0   0   0   0   0   0   0   0   0   0   0   0   0   0   0   0   0   0 
 64   0   0   0   0   0   0   0   0   0   0   0   0   0   0   0   0   0 255 143  15  15 143 255   0  15 143 255   0  15 143 255   0   0   0   0   0   0   0   0   0   0   0   0   0   0   0   0   0   0   0   0   0   0   0   0   0   0   0   0   0   0   0   0   0 
 64   0   0   0   0   0   0   0   0   0   0   0   0   0   0   0   0   0 255 127   0   0 127 255   0   0 127 255   0   0 127 255   0   0   0   0   0   0   0   0   0   0   0   0   0   0   0   0   0   0   0   0   0   0   0   0   0   0   0   0   0   0   0   0   0 
 64   0   0   0   0   0   0   0   0   0   0   0   0   0   0   0   0   0 255 111   0   0 111 255   0   0 111 255   0   0 111 255   0   0   0   0   0   0   0   0   0   0   0   0   0   0   0   0   0   0   0   0   0   0   0   0   0   0   0   0   0   0   0   0   0 
 64   0   0   0   0   0   0   0   0   0   0   0   0   0   0   0   0   0 223  95   0   0  95 223   0   0  95 223   0   0  95 223   0   0   0   0   0   0   0   0   0   0   0   0   0   0   0   0   0   0   0   0   0   0   0   0   0   0   0   0   0   0   0   0   0 
 64   0   0   0   0   0   0   0   0   0   0   0   0   0   0   0   0 159 207  79   0   0  79 207 159   0  79 207 159   0  79 207 159   0   0   0   0   0   0   0   0   0   0   0   0   0   0   0   0   0   0   0   0   0   0   0   0   0   0   0   0   0   0   0   0 
 64   0   0   0   0   0   0   0   0   0   0   0   0   0   0   0   0 255 191  63   0   0  63 191 255   0  63 191 255   0  63 191 255   0   0   0   0   0   0   0   0   0   0   0   0   0   0   0   0   0   0   0   0   0   0   0   0   0   0   0   0   0   0   0   0 
 64   0   0   0   0   0   0   0   0   0   0   0   0   0   0   0   0 255 175  47   0   0  47 175 255   0  47 175 255   0  47 175 255   0   0   0   0   0   0   0   0   0   0   0   0   0   0   0   0   0   0   0   0   0   0   0   0   0   0   0   0   0   0   0   0 
 64   0   0   0   0   0   0   0   0   0   0   0   0   0   0   0   0 255 159  31   0   0  31 159 255   0  31 159 255   0  31 159 255   0   0   0   0   0   0   0   0   0   0   0   0   0   0   0   0   0   0   0   0   0   0   0   0   0   0   0   0   0   0   0   0 
 64   0   0   0   0   0   0   0   0   0   0   0   0   0   0   0   0 255 143  15   0   0  15 143 255   0  15 143 255   0  15 143 255   0   0   0   0   0   0   0   0   0   0   0   0   0   0   0   0   0   0   0   0   0   0   0   0   0   0   0   0   0   0   0   0 
 64   0   0   0   0   0   0   0   0   0   0   0   0   0   0   0   0 255 127   0   0   0   0 127 255   0   0 127 255   0   0 127 255   0   0   0   0   0   0   0   0   0   0   0   0   0   0   0   0   0   0   0   0   0   0   0   0   0   0   0   0   0   0   0   0 
 64   0   0   0   0   0   0   0   0   0   0   0   0   0   0   0   0 255 111   0   0   0   0 111 255   0   0 111 255   0   0 111 255   0   0   0   0   0   0   0   0   0   0   0   0   0   0   0   0   0   0   0   0   0   0   0   0   0   0   0   0   0   0   0   0 
 64   0   0   0   0   0   0   0   0   0   0   0   0   0   0   0   0 223  95   0   0   0   0  95 223   0   0  95 223   0   0  95 223   0   0   0   0   0   0   0   0   0   0   0   0   0   0   0   0   0   0   0   0   0   0   0   0   0   0   0   0   0   0   0   0 
 64   0   0   0   0   0   0   0   0   0   0   0   0   0   0   0   0 207  79   0 159 159   0  79 207 159   0  79 207 159   0  79 207   0   0   0   0   0   0   0   0   0   0   0   0   0   0   0   0   0   0   0   0   0   0   0   0   0   0   0   0   0   0   0   0 
 64   0   0   0   0   0   0   0   0   0   0   0   0   0   0   0   0 191  63   0 255 255   0  63 191 255   0  63 191 255   0  63 191   0   0   0   0   0   0   0   0   0   0   0   0   0   0   0   0   0   0   0   0   0   0   0   0   0   0   0   0   0   0   0   0 
 64   0   0   0   0   0   0   0   0   0   0   0   0   0   0   0   0 175  47   0 255 255   0  47 175 255   0  47 175 255   0  47 175   0   0   0   0   0   0   0   0   0   0   0   0   0   0   0   0   0   0   0   0   0   0   0   0   0   0   0   0   0   0   0   0 
 64   0   0   0   0   0   0   0   0   0   0   0   0   0   0   0   0 159  31   0 255 255   0  31 159 255   0  31 159 255   0  31 159   0   0   0   0   0   0   0   0   0   0   0   0   0   0   0   0   0   0   0   0   0   0   0   0   0   0   0   0   0   0   0   0 
 64   0   0   0   0   0   0   0   0   0   0   0   0   0   0   0   0 143  15   0 255 255   0  15 143 255   0  15 143 255   0  15 143   0   0   0   0   0   0   0   0   0   0   0   0   0   0   0   0   0   0   0   0   0   0   0   0   0   0   0   0   0   0   0   0 
 64   0   0   0   0   0   0   0   0   0   0   0   0   0   0   0   0 127   0   0 255 255   0   0 127 255   0   0 127 255   0   0 127   0   0   0   0   0   0   0   0   0   0   0   0   0   0   0   0   0   0   0   0   0   0   0   0   0   0   0   0   0   0   0   0 
 64   0   0   0   0   0   0   0   0   0   0   0   0   0   0   0   0 111   0   0 255 255   0   0 111 255   0   0 111 255   0   0 111   0   0   0   0   0   0   0   0   0   0   0   0   0   0   0   0   0   0   0   0   0   0   0   0   0   0   0   0   0   0   0   0 
 64   0   0   0   0   0   0   0   0   0   0   0   0   0   0   0   0  95   0   0 223 223   0   0  95 223   0   0  95 223   0   0  95   0   0   0   0   0   0   0   0   0   0   0   0   0   0   0   0   0   0   0   0   0   0   0   0   0   0   0   0   0   0   0   0 
 64   0   0   0   0   0   0   0   0   0   0   0   0   0   0   0   0  79   0 159 207 207 159   0  79 207 159   0  79 207 159   0  79   0   0   0   0   0   0   0   0   0   0   0   0   0   0   0   0   0   0   0   0   0   0   0   0   0   0   0   0   0   0   0   0 
 64   0   0   0   0   0   0   0   0   0   0   0   0   0   0   0   0  63   0 255 191 191 255   0  63 191 255   0  63 191 255   0  63   0   0   0   0   0   0   0   0   0   0   0   0   0   0   0   0   0   0   0   0   0   0   0   0   0   0   0   0   0   0   0   0 
 64   0   0   0   0   0   0   0   0   0   0   0   0   0   0   0   0  47   0 255 175 175 255   0  47 175 255   0  47 175 255   0  47   0   0   0   0   0   0   0   0   0   0   0   0   0   0   0   0   0   0   0   0   0   0   0   0   0   0   0   0   0   0   0   0 
 64   0   0   0   0   0   0   0   0   0   0   0   0   0   0   0   0  31   0 255 159 159 255   0  31 159 255   0  31 159 255   0  31   0   0   0   0   0   0   0   0   0   0   0   0   0   0   0   0   0   0   0   0   0   0   0   0   0   0   0   0   0   0   0   0 
 64   0   0   0   0   0   0   0   0   0   0   0   0   0   0   0   0  15   0 255 143 143 255   0  15 143 255   0  15 143 255   0  15   0   0   0   0   0   0   0   0   0   0   0   0   0   0   0   0   0   0   0   0   0   0   0   0   0   0   0   0   0   0   0   0 
 64   0   0   0   0   0   0   0   0   0   0   0   0   0   0   0   0   0   0 255 127 127 255   0   0 127 255   0   0 127 255   0   0   0   0   0   0   0   0   0   0   0   0   0   0   0   0   0   0   0   0   0   0   0   0   0   0   0   0   0   0   0   0   0   0 
 64   0   0   0   0   0   0   0   0   0   0   0   0   0   0   0   0   0   0 255 111 111 255   0   0 111 255   0   0 111 255   0   0   0   0   0   0   0   0   0   0   0   0   0   0   0   0   0   0   0   0   0   0   0   0   0   0   0   0   0   0   0   0   0   0 
 64   0   0   0   0   0   0   0   0   0   0   0   0   0   0   0   0   0   0 223  95  95 223   0   0  95 223   0   0  95 223   0   0   0   0   0   0   0   0   0   0   0   0   0   0   0   0   0   0   0   0   0   0   0   0   0   0   0   0   0   0   0   0   0   0 
 64   0   0   0   0   0   0   0   0   0   0   0   0   0   0   0   0   0 159 207  79  79 207 159   0  79 207 159   0  79 207 159   0   0   0   0   0   0   0   0   0   0   0   0   0   0   0   0   0   0   0   0   0   0   0   0   0   0   0   0   0   0   0   0   0 
 64   0   0   0   0   0   0   0   0   0   0   0   0   0   0   0   0   0 255 191  63  63 191 255   0  63 191 255   0  63 191 255   0   0   0   0   0   0   0   0   0   0   0   0   0   0   0   0   0   0   0   0   0   0   0   0   0   0   0   0   0   0   0   0   0 
 64   0   0   0   0   0   0   0   0   0   0   0   0   0   0   0   0   0 255 175  47  47 175 255   0  47 175 255   0  47 175 255   0   0   0   0   0   0   0   0   0   0   0   0   0   0   0   0   0   0   0   0   0   0   0   0   0   0   0   0   0   0   0   0   0 
 64   0   0   0   0   0   0   0   0   0   0   0   0   0   0   0   0   0 255 159  31  31 159 255   0  31 159 255   0  31 159 255   0   0   0   0   0   0   0   0   0   0   0   0   0   0   0   0   0   0   0   0   0   0   0   0   0   0   0   0   0   0   0   0   0 
 64   0   0   0   0   0   0   0   0   0   0   0   0   0   0   0   0   0 255 143  15  15 143 255   0  15 143 255   0  15 143 255   0   0   0   0   0   0   0   0   0   0   0   0   0   0   0   0   0   0   0   0   0   0   0   0   0   0   0   0   0   0   0   0   0 
 64   0   0   0   0   0   0   0   0   0   0   0   0   0   0   0   0   0 255 127   0   0 127 255   0   0 127 255   0   0 127 255   0   0   0   0   0   0   0   0   0   0   0   0   0   0   0   0   0   0   0   0   0   0   0   0   0   0   0   0   0   0   0   0   0 
 64   0   0   0   0   0   0   0   0   0   0   0   0   0   0   0   0   0 255 111   0   0 111 255   0   0 111 255   0   0 111 255   0   0   0   0   0   0   0   0   0   0   0   0   0   0   0   0   0   0   0   0   0   0   0   0   0   0   0   0   0   0   0   0   0 
 64   0   0   0   0   0   0   0   0   0   0   0   0   0   0   0   0   0 223  95   0   0  95 223   0   0  95 223   0   0  95 223   0   0   0   0   0   0   0   0   0   0   0   0   0   0   0   0   0   0   0   0   0   0   0   0   0   0   0   0   0   0   0   0   0 
 64   0   0   0   0   0   0   0   0   0   0   0   0   0   0   0   0 159 207  79   0   0  79 207 159   0  79 207 159   0  79 207 159   0   0   0   0   0   0   0   0   0   0   0   0   0   0   0   0   0   0   0   0   0   0   0   0   0   0   0   0   0   0   0   0 
 64   0   0   0   0   0   0   0   0   0   0   0   0   0   0   0   0 255 191  63   0   0  63 191 255   0  63 191 255   0  63 191 255   0   0   0   0   0   0   0   0   0   0   0   0   0   0   0   0   0   0   0   0   0   0   0   0   0   0   0   0   0   0   0   0 
 64   0   0   0   0   0   0   0   0   0   0   0   0   0   0   0   0 255 175  47   0   0  47 175 255   0  47 175 255   0  47 175 255   0   0   0   0   0   0   0   0   0   0   0   0   0   0   0   0   0   0   0   0   0   0   0   0   0   0   0   0   0   0   0   0 
 64   0   0   0   0   0   0   0   0   0   0   0   0   0   0   0   0 255 159  31   0   0  31 159 255   0  31 159 255   0  31 159 255   0   0   0   0   0   0   0   0   0   0   0   0   0   0   0   0   0   0   0   0   0   0   0   0   0   0   0   0   0   0   0   0 
 64   0   0   0   0   0   0   0   0   0   0   0   0   0   0   0   0 255 143  15   0   0  15 143 255   0  15 143 255   0  15 143 255   0   0   0   0   0   0   0   0   0   0   0   0   0   0   0   0   0   0   0   0   0   0   0   0   0   0   0   0   0   0   0   0 
 64   0   0   0   0   0   0   0   0   0   0   0   0   0   0   0   0 255 127   0   0   0   0 127 255   0   0 127 255   0   0 127 255   0   0   0   0   0   0   0   0   0   0   0   0   0   0   0   0   0   0   0   0   0   0   0   0   0   0   0   0   0   0   0   0 
 64   0   0   0   0   0   0   0   0   0   0   0   0   0   0   0   0 255 111   0   0   0   0 111 255   0   0 111 255   0   0 111 255   0   0   0   0   0   0   0   0   0   0   0   0   0   0   0   0   0   0   0   0   0   0   0   0   0   0   0   0   0   0   0   0 
 64   0   0   0   0   0   0   0   0   0   0   0   0   0   0   0   0 223  95   0   0   0   0  95 223   0   0  95 223   0   0  95 223   0   0   0   0   0   0   0   0   0   0   0   0   0   0   0   0   0   0   0   0   0   0   0   0   0   0   0   0   0   0   0   0 
 64   0   0   0   0   0   0   0   0   0   0   0   0   0   0   0   0 207  79   0 159 159   0  79 207 159   0  79 207 159   0  79 207   0   0   0   0   0   0   0   0   0   0   0   0   0   0   0   0   0   0   0   0   0   0   0   0   0   0   0   0   0   0   0   0 
 64   0   0   0   0   0   0   0   0   0   0   0   0   0   0   0   0 191  63   0 255 255   0  63 191 255   0  63 191 255   0  63 191   0   0   0   0   0   0   0   0   0   0   0   0   0   0   0   0   0   0   0   0   0   0   0   0   0   0   0   0   0   0   0   0 
 64   0   0   0   0   0   0   0   0   0   0   0   0   0   0   0   0 175  47   0 255 255   0  47 175 255   0  47 175 255   0  47 175   0   0   0   0   0   0   0   0   0   0   0   0   0   0   0   0   0   0   0   0   0   0   0   0   0   0   0   0   0   0   0   0 
 64   0   0   0   0   0   0   0   0   0   0   0   0   0   0   0   0 159  31   0 255 255   0  31 159 255   0  31 159 255   0  31 159   0   0   0   0   0   0   0   0   0   0   0   0   0   0   0   0   0   0   0   0   0   0   0   0   0   0   0   0   0   0   0   0 
 64   0   0   0   0   0   0   0   0   0   0   0   0   0   0   0   0 143  15   0 255 255   0  15 143 255   0  15 143 255   0  15 143   0   0   0   0   0   0   0   0   0   0   0   0   0   0   0   0   0   0   0   0   0   0   0   0   0   0   0   0   0   0   0   0 
 64   0   0   0   0   0   0   0   0   0   0   0   0   0   0   0   0 127   0   0 255 255   0   0 127 255   0   0 127 255   0   0 127   0   0   0   0   0   0   0   0   0   0   0   0   0   0   0   0   0   0   0   0   0   0   0   0   0   0   0   0   0   0   0   0 
 64   0   0   0   0   0   0   0   0   0   0   0   0   0   0   0   0 111   0   0 255 255   0   0 111 255   0   0 111 255   0   0 111   0   0   0   0   0   0   0   0   0   0   0   0   0   0   0   0   0   0   0   0   0   0   0   0   0   0   0   0   0   0   0   0 
 64   0   0   0   0   0   0   0   0   0   0   0   0   0   0   0   0  95   0   0 223 223   0   0  95 223   0   0  95 223   0   0  95   0   0   0   0   0   0   0   0   0   0   0   0   0   0   0   0   0   0   0   0   0   0   0   0   0   0   0   0   0   0   0   0 
 64   0   0   0   0   0   0   0   0   0   0   0   0   0   0   0   0  79   0 159 207 207 159   0  79 207 159   0  79 207 159   0  79   0   0   0   0   0   0   0   0   0   0   0   0   0   0   0   0   0   0   0   0   0   0   0   0   0   0   0   0   0   0   0   0 
 64   0   0   0   0   0   0   0   0   0   0   0   0   0   0   0   0  63   0 255 191 191 255   0  63 191 255   0  63 191 255   0  63   0   0   0   0   0   0   0   0   0   0   0   0   0   0   0   0   0   0   0   0   0   0   0   0   0   0   0   0   0   0   0   0 
 64   0   0   0   0   0   0   0   0   0   0   0   0   0   0   0   0  47   0 255 175 175 255   0  47 175 255   0  47 175 255   0  47   0   0   0   0   0   0   0   0   0   0   0   0   0   0   0   0   0   0   0   0   0   0   0   0   0   0   0   0   0   0   0   0 
 64   0   0   0   0   0   0   0   0   0   0   0   0   0   0   0   0  31   0 255 159 159 255   0  31 159 255   0  31 159 255   0  31   0   0   0   0   0   0   0   0   0   0   0   0   0   0   0   0   0   0   0   0   0   0   0   0   0   0   0   0   0   0   0   0 
 64   0   0   0   0   0   0   0   0   0   0   0   0   0   0   0   0  15   0 255 143 143 255   0  15 143 255   0  15 143 255   0  15   0   0   0   0   0   0   0   0   0   0   0   0   0   0   0   0   0   0   0   0   0   0   0   0   0   0   0   0   0   0   0   0 
 64   0   0   0   0   0   0   0   0   0   0   0   0   0   0   0   0   0   0 255 127 127 255   0   0 127 255   0   0 127 255   0   0   0   0   0   0   0   0   0   0   0   0   0   0   0   0   0   0   0   0   0   0   0   0   0   0   0   0   0   0   0   0   0   0 
 64   0   0   0   0   0   0   0   0   0   0   0   0   0   0   0   0   0   0 255 111 111 255   0   0 111 255   0   0 111 255   0   0   0   0   0   0   0   0   0   0   0   0   0   0   0   0   0   0   0   0   0   0   0   0   0   0   0   0   0   0   0   0   0   0 
 64   0   0   0   0   0   0   0   0   0   0   0   0   0   0   0   0   0   0 223  95  95 223   0   0  95 223   0   0  95 223   0   0   0   0   0   0   0   0   0   0   0   0   0   0   0   0   0   0   0   0   0   0   0   0   0   0   0   0   0   0   0   0   0   0 
 64   0   0   0   0   0   0   0   0   0   0   0   0   0   0   0   0   0 159 207  79  79 207 159   0  79 207 159   0  79 207 159   0   0   0   0   0   0   0   0   0   0   0   0   0   0   0   0   0   0   0   0   0   0   0   0   0   0   0   0   0   0   0   0   0 
 64   0   0   0   0   0   0   0   0   0   0   0   0   0   0   0   0   0 255 191  63  63 191 255   0  63 191 255   0  63 191 255   0   0   0   0   0   0   0   0   0   0   0   0   0   0   0   0   0   0   0   0   0   0   0   0   0   0   0   0   0   0   0   0   0 
 64   0   0   0   0   0   0   0   0   0   0   0   0   0   0   0   0   0 255 175  47  47 175 255   0  47 175 255   0  47 175 255   0   0   0   0   0   0   0   0   0   0   0   0   0   0   0   0   0   0   0   0   0   0   0   0   0   0   0   0   0   0   0   0   0 
 64   0   0   0   0   0   0   0   0   0   0   0   0   0   0   0   0   0 255 159  31  31 159 255   0  31 159 255   0  31 159 255   0   0   0   0   0   0   0   0   0   0   0   0   0   0   0   0   0   0   0   0   0   0   0   0   0   0   0   0   0   0   0   0   0 
 64   0   0   0   0   0   0   0   0   0   0   0   0   0   0   0   0   0 255 143  15  15 143 255   0  15 143 255   0  15 143 255   0   0   0   0   0   0   0   0   0   0   0   0   0   0   0   0   0   0   0   0   0   0   0   0   0   0   0   0   0   0   0   0   0 
 64   0   0   0   0   0   0   0   0   0   0   0   0   0   0   0   0   0 255 127   0   0 127 255   0   0 127 255   0   0 127 255   0   0   0   0   0   0   0   0   0   0   0   0   0   0   0   0   0   0   0   0   0   0   0   0   0   0   0   0   0   0   0   0   0 
 64   0   0   0   0   0   0   0   0   0   0   0   0   0   0   0   0   0 255 111   0   0 111 255   0   0 111 255   0   0 111 255   0   0   0   0   0   0   0   0   0   0   0   0   0   0   0   0   0   0   0   0   0   0   0   0   0   0   0   0   0   0   0   0   0 
 64   0   0   0   0   0   0   0   0   0   0   0   0   0   0   0   0   0 223  95   0   0  95 223   0   0  95 223   0   0  95 223   0   0   0   0   0   0   0   0   0   0   0   0   0   0   0   0   0   0   0   0   0   0   0   0   0   0   0   0   0   0   0   0   0 
 64   0   0   0   0   0   0   0   0   0   0   0   0   0   0   0   0 159 207  79   0   0  79 207 159   0  79 207 159   0  79 207 159   0   0   0   0   0   0   0   0   0   0   0   0   0   0   0   0   0   0   0   0   0   0   0   0   0   0   0   0   0   0   0   0 
 64   0   0   0   0   0   0   0   0   0   0   0   0   0   0   0   0 255 191  63   0   0  63 191 255   0  63 191 255   0  63 191 255   0   0   0   0   0   0   0   0   0   0   0   0   0   0   0   0   0   0   0   0   0   0   0   0   0   0   0   0   0   0   0   0 
 64   0   0   0   0   0   0   0   0   0   0   0   0   0   0   0   0 255 175  47   0   0  47 175 255   0  47 175 255   0  47 175 255   0   0   0   0   0   0   0   0   0   0   0   0   0   0   0   0   0   0   0   0   0   0   0   0   0   0   0   0   0   0   0   0 
 64   0   0   0   0   0   0   0   0   0   0   0   0   0   0   0   0 255 159  31   0   0  31 159 255   0  31 159 255   0  31 159 255   0   0   0   0   0   0   0   0   0   0   0   0   0   0   0   0   0   0   0   0   0   0   0   0   0   0   0   0   0   0   0   0 
 64   0   0   0   0   0   0   0   0   0   0   0   0   0   0   0   0 255 143  15   0   0  15 143 255   0  15 143 255   0  15 143 255   0   0   0   0   0   0   0   0   0   0   0   0   0   0   0   0   0   0   0   0   0   0   0   0   0   0   0   0   0   0   0   0 
 64   0   0   0   0   0   0   0   0   0   0   0   0   0   0   0   0 255 127   0   0   0   0 127 255   0   0 127 255   0   0 127 255   0   0   0   0   0   0   0   0   0   0   0   0   0   0   0   0   0   0   0   0   0   0   0   0   0   0   0   0   0   0   0   0 
 64   0   0   0   0   0   0   0   0   0   0   0   0   0   0   0   0 255 111   0   0   0   0 111 255   0   0 111 255   0   0 111 255   0   0   0   0   0   0   0   0   0   0   0   0   0   0   0   0   0   0   0   0   0   0   0   0   0   0   0   0   0   0   0   0 
 64   0   0   0   0   0   0   0   0   0   0   0   0   0   0   0   0 223  95   0   0   0   0  95 223   0   0  95 223   0   0  95 223   0   0   0   0   0   0   0   0   0   0   0   0   0   0   0   0   0   0   0   0   0   0   0   0   0   0   0   0   0   0   0   0 
