 64 255 255 255 128 128 255 255 255 128 255 255 255   0 128 128   0 255 255 255 128 128 128 128 128 128 255 255 128 128   0 128 128 128 255 255 255 128 128 255 255   0 128   0 128   0 128 128 128   0   0 128 128 128 128 128   0 128 255 128 255   0   0   0 128 
 64 224 224 224 112 112 224 224 224 112 224 224 224   0 112 112   0 224 224 224 112 112 112 112 112 112 224 224 112 112   0 112 112 112 224 224 224 112 112 224 224   0 112   0 112   0 112 112 112   0   0 112 112 112 112 112   0 112 224 112 224   0   0   0 112 
 64 224 192 192  96  96 192 192 192  96 192 192 192   0  96  96   0 224 192 192  96  96  96 128  96  96 192 192  96  96   0  96  96  96 192 192 192  96  96 192 192   0 128   0  96   0  96  96  96   0 128  96  96  96  96  96   0  96 192  96 192   0   0   0  96 
 64 240 208 208 128  80 160 208 160  80 160 160 160 128 208 208 255 192 160 160  80  80  80 112  80  80 160 160  80 208 128 208 208  80 160 160 160  80  80 160 160   0 112   0  80   0  80  80  80   0 112  80  80  80  80  80   0  80 160  80 160   0   0   0  80 
 64 208 176 176 112  64 128 176 128  64 128 128 128 112 176 176 224 160 128 128  64  64  64  96  64  64 128 128  64 176 112 176 176  64 128 128 128  64  64 128 128   0  96   0  64   0  64  64  64   0  96  64  64  64  64  64 128  64 128  64 128   0   0   0  64 
 64 176 144 224  96  48  96 144  96  48  96  96  96  96 144 144 192 128  96  96  48  48  48  80  48  48  96  96  48 144  96 144 144  48  96  96  96  48  48  96  96   0  80   0  48   0  48  48  48   0  80  48  48  48  48  48 112 128 176 128 176   0   0   0  48 
 64 144 112 192  80  32  64 112  64  32  64 160  64  80 112 112 160  96  64  64  32  32  32  64  32  32  64  64  32 112  80 112 112  32  64  64  64  32  32  64  64   0  64   0  32   0  32  32  32   0  64  32  32  32  32  32  96 112 144 112 144   0   0   0  32 
 64 112  80 160  64  16  32  80  32  16  32 128  32 192  80  80 128  64  32  32 144  16  16 128  16  16  32  32  16  80  64  80  80  16  32  32  32  16  16  32 144 128 176 128 144   0 128  16  16   0  48  16  16  16  16  16 128  96 112  96 112   0   0   0  16 
 64  80  48 128  48 128   0  48   0   0   0  96   0 160  48  48  96  32   0   0 112   0   0 112   0   0   0   0   0  48  48  48  48   0   0   0   0 128   0   0 112 112 144 112 112   0 112   0   0   0  32   0   0   0   0   0 112  80  80  80  80   0   0   0   0 
 64  48  16  96  32  96   0  16   0   0   0  64   0 128  16  16  64   0   0   0  80   0   0  96   0   0   0   0   0  16  32  16 160   0 112   0   0  96   0   0  80  96 112  96  80   0  96   0   0   0  16   0   0   0   0   0  96  64  48  64  48   0   0   0   0 
 64  16   0  64  16  64   0   0   0   0   0  32   0  96   0   0  32   0   0   0  48   0 128  80   0   0   0   0   0   0  16   0 128 128 240  96  96  64   0   0  48  80  80  80  48   0  80   0   0   0   0   0   0   0   0   0  80  48  16  48  16   0   0   0   0 
 64   0   0  32   0  32   0   0   0 128  80 176  80  64   0   0   0   0   0   0  16   0 112  64   0   0   0   0   0   0   0   0  96 112 208  64  64  32   0   0  16  64  48  64  16   0  64   0   0   0   0   0 128   0   0   0  64  32   0  32   0   0   0   0   0 
 64   0   0   0   0   0   0   0   0 112  48 144  48  32   0   0   0   0   0   0   0   0  96  48   0   0   0   0   0   0 112   0  64  96 176  32  32   0   0   0   0  48  16  48   0   0  48   0   0 128   0   0 112   0   0   0  48  16   0  16   0   0   0   0   0 
 64  80 255 128 128   0   0   0   0  96  16 112 224   0   0   0   0   0   0   0   0   0  80  32   0   0   0   0   0   0  80   0  32  80 144   0   0   0   0   0   0  32   0  32   0   0  32   0   0 112   0   0  96   0   0 128  32   0   0   0   0   0   0   0   0 
 64  48 224  96 112   0   0   0   0  80   0  80 192 144  32  32  80   0   0   0   0   0  64  16   0   0   0   0   0   0  48   0   0  64 112   0   0   0  32   0   0  16   0  16   0   0  16   0   0  96   0   0  80   0   0 112  16   0   0   0   0   0   0   0   0 
 64  16 192  64  96   0   0   0   0  64   0  48 160 112   0   0  48   0   0   0   0   0  48   0   0   0   0   0   0   0  16   0   0  48  80   0   0   0   0   0   0   0   0   0   0   0   0   0   0  80   0   0  64   0   0  96   0   0   0   0   0   0   0   0   0 
 64   0 160  32  80   0   0   0   0  48   0  16 128  80   0   0  16   0   0   0   0   0  32   0   0   0   0   0   0   0   0   0   0  32  48   0   0   0   0   0   0   0   0   0   0   0   0   0   0  64   0   0  48   0   0  80   0   0   0   0   0   0   0   0   0 
 64   0 128   0  64   0   0   0   0  32   0   0  96  48   0   0   0   0   0   0   0   0  16   0   0   0   0   0   0   0   0   0   0  16  16   0   0   0   0   0   0   0   0   0   0   0   0   0   0  48   0   0  32   0   0  64   0   0   0   0   0   0   0   0   0 
 64   0  96   0  48   0   0   0   0 128   0  64 176  16   0   0   0   0   0   0   0   0   0   0   0   0   0   0   0   0   0   0   0   0   0   0   0   0   0   0   0   0   0   0   0   0 128   0   0  32   0   0  16   0   0  48   0   0   0   0   0   0   0   0   0 
 64   0  64   0  32  80   0   0   0 112   0  32 144   0 176   0   0   0   0   0 240   0   0   0   0   0   0   0   0   0   0   0   0   0   0   0   0   0   0   0   0  64   0   0   0   0 112   0   0  16   0   0   0   0   0  32   0   0   0   0   0   0   0   0   0 
 64   0 255  16 128  48   0   0   0  96   0   0 112   0 144   0   0   0   0   0 208   0   0   0   0   0   0   0   0   0   0   0   0   0   0   0   0   0   0   0   0  32   0   0   0   0 128   0   0   0   0   0   0   0   0  16   0   0   0   0   0   0   0   0   0 
 64   0 224   0 112  16   0   0   0  80   0 208  80   0 112   0   0   0   0   0 176   0   0   0   0   0   0   0   0   0   0   0   0   0   0   0   0   0   0   0   0   0   0   0   0   0 112   0   0   0   0   0   0   0   0   0   0   0   0   0   0 128 128 128   0 
 64   0 192   0  96   0   0   0   0  64   0 176  48   0  80   0   0   0   0   0 144   0   0   0   0   0   0   0   0   0   0   0   0   0   0   0   0   0   0   0   0   0   0   0   0   0  96   0   0   0   0   0   0   0   0   0   0   0   0   0   0 112 112 112   0 
 64   0 160   0  80   0   0   0   0  48   0 144 176   0  48   0 112   0   0   0 112   0   0   0   0   0   0   0   0   0   0   0   0   0   0   0   0   0   0   0   0   0   0   0   0 128  80   0   0   0   0   0   0   0   0   0   0   0   0   0   0  96  96  96   0 
 64   0 128   0  64   0   0   0   0  32   0 112 144   0  16   0  80   0   0   0  80   0 128   0   0   0   0   0   0 224  64   0  16   0   0   0   0   0   0   0   0   0   0   0   0 112  64   0 128   0   0   0   0   0   0   0   0   0   0   0   0  80  80  80   0 
 64   0  96   0 176   0   0   0   0  16   0  80 112   0   0   0  48   0 160   0  48   0 112   0   0 208   0   0 192 192  32   0   0   0   0   0   0   0   0   0   0   0   0   0   0  96  48   0 112   0   0   0   0   0   0   0   0   0   0   0   0  64  64  64   0 
 64   0  64   0 144   0   0   0   0   0   0  48  80   0   0   0  16   0 128   0  16   0  96   0   0 176   0   0 160 160   0   0   0   0   0   0   0   0   0   0   0   0   0   0   0  80 128   0  96 128   0   0   0   0   0   0   0   0   0   0   0  48  48  48   0 
 64   0  32   0 112   0   0   0   0   0   0  16  48   0   0   0   0   0  96   0   0   0 208   0   0 144   0   0 128 128   0   0   0   0   0   0   0   0   0   0   0   0   0   0   0  64 112   0  80 112   0   0   0   0   0   0   0 128   0 128   0  32  32  32   0 
 64 128   0   0  80   0   0   0   0   0   0   0  16   0   0   0   0   0  64   0   0   0 176   0   0 112   0 208  96  96   0   0   0   0   0   0   0   0  32 112   0   0   0   0   0  48  96   0  64  96   0 128   0   0   0   0   0 112   0 112   0  16  16  16   0 
 64  96   0   0  48   0   0   0  96   0   0   0   0   0   0   0   0   0  32  96   0   0 144   0   0  80   0 176  64  64   0   0   0   0   0   0   0   0   0  80   0   0   0   0   0  32  80   0  48  80   0 112 128   0   0   0   0  96   0  96   0   0   0   0   0 
 64  64   0   0  16   0   0   0  64   0   0   0   0   0   0   0   0   0   0  64   0   0 112   0   0  48   0 144  32  32   0   0   0   0   0   0   0   0   0  48   0   0   0   0   0  16  64   0  32  64   0  96 112   0   0   0   0  80   0  80   0   0   0   0   0 
 64  32   0   0   0   0   0   0  32   0   0   0   0   0   0   0   0   0   0  32   0   0  80   0   0  16   0 112 160 255   0   0   0   0   0   0   0   0   0  16   0   0   0   0   0   0  48   0  16  48   0  80  96 128   0   0 128  64   0  64   0   0   0   0   0 
 64   0   0   0   0   0   0   0   0   0   0   0   0   0   0   0   0   0   0   0   0   0  48   0   0   0   0  80 128 224   0   0   0   0   0   0   0   0   0   0   0   0   0   0   0   0  32   0   0  32   0  64  80 112   0   0 112  48   0  48   0   0   0   0   0 
 64   0   0   0   0   0   0   0   0   0   0   0   0   0   0   0   0   0   0   0   0   0  16   0   0   0   0  48  96 192   0   0   0   0   0   0   0   0   0   0   0   0   0   0   0   0  16   0   0  16   0  48  64  96   0   0  96  32   0  32   0   0   0   0   0 
 64   0   0   0   0   0   0   0   0   0   0   0   0   0   0   0   0   0   0   0   0   0   0   0   0   0   0  16  64 160   0   0   0   0   0   0   0   0   0   0   0   0   0   0   0   0   0   0   0   0   0  32  48  80   0   0  80  16 144  16   0 128 128 128   0 
 64   0  16   0   0   0   0   0   0   0   0   0   0   0   0   0 208   0   0   0   0   0   0   0   0   0   0   0  32 128   0   0   0   0   0   0   0   0   0   0   0   0   0   0   0   0   0   0   0   0   0  16  32  64   0   0  64   0 112   0   0 112 112 112   0 
 64   0   0   0   0   0   0   0   0   0   0   0   0   0   0   0 176   0   0   0   0   0   0   0 112   0   0   0   0  96   0   0   0   0   0   0   0 128   0   0   0   0   0   0   0 128   0   0   0   0   0   0  16  48   0   0  48   0  80   0   0  96  96  96   0 
 64   0   0   0   0   0   0   0   0   0   0   0   0   0   0   0 144   0   0   0   0   0   0   0  80   0   0   0   0  64   0   0   0   0   0   0   0  96   0   0   0   0   0   0   0 112   0   0   0   0   0   0   0  32   0   0  32   0  48   0   0  80  80  80   0 
 64   0   0   0   0   0   0   0   0   0   0   0   0   0   0   0 112   0   0   0   0   0   0  80  48   0   0   0   0  32   0   0   0   0   0   0   0  64   0   0   0   0   0   0   0  96   0   0   0   0   0   0   0  16   0   0  16   0  16   0   0  64  64  64   0 
 64   0   0   0   0   0   0   0   0   0   0   0   0   0   0   0  80   0   0   0   0   0   0  48  16   0   0   0   0 128   0   0   0   0   0   0   0  32   0   0   0   0   0   0   0  80   0   0   0   0   0   0   0   0   0   0   0   0   0   0   0  48  48  48   0 
 64   0   0   0   0   0   0   0   0   0   0   0   0   0   0   0  48   0   0   0   0   0   0  16   0   0   0   0   0  96   0   0   0   0   0   0   0   0   0   0   0   0   0   0   0  64   0   0   0   0   0   0 128   0 128   0   0   0   0   0   0  32  32  32   0 
 64  48 160 192   0   0   0   0   0   0   0   0   0   0   0   0 112   0   0   0   0   0   0   0   0   0   0   0   0  64   0   0   0   0   0   0   0   0   0   0   0   0   0   0   0  48   0   0 128   0   0   0 112   0 112   0   0  32   0   0   0  16  16  16   0 
 64  16 128 160   0   0   0   0   0   0   0   0   0   0   0   0  80   0   0   0   0   0   0  16   0   0   0   0   0  32   0   0   0   0   0   0   0   0   0   0   0   0   0   0   0  32   0 128 112   0   0   0  96  80 224   0  80   0   0   0   0   0   0   0   0 
 64   0  96 128   0   0   0   0   0   0   0   0   0   0   0   0  48   0   0   0   0   0   0   0   0   0   0   0   0   0   0   0   0   0   0   0   0   0   0   0   0   0   0   0   0  16   0 112  96   0   0   0  80  48 192   0  48   0   0   0   0   0   0   0   0 
 64   0  64  96   0   0   0   0   0   0   0   0   0   0   0   0  16   0   0   0   0   0   0   0   0   0   0   0   0   0   0   0   0   0   0   0   0   0   0   0   0   0   0   0   0   0   0  96  80   0   0   0 192  16 160   0  16   0   0   0   0   0   0  96   0 
 64   0  32  64   0   0   0   0   0   0   0   0   0   0   0   0   0   0   0   0   0   0   0   0   0   0   0   0   0   0   0   0   0   0   0   0   0   0   0   0   0   0   0   0   0   0   0  80  64   0   0   0 160   0 128   0   0   0   0   0   0   0   0  64   0 
 64   0   0  32   0   0   0   0   0   0   0   0   0   0   0   0   0   0   0   0   0   0   0   0   0   0   0   0   0   0   0   0   0   0   0   0   0   0   0   0   0   0   0   0   0   0   0  64  48   0   0   0 128   0  96   0   0   0   0   0   0   0   0  64   0 
 64   0   0   0   0   0   0   0   0   0   0   0   0   0   0   0   0   0   0   0   0   0   0   0   0   0   0   0   0   0   0   0   0   0   0   0   0   0   0   0   0   0   0   0   0   0   0  48  32   0   0   0  96   0  64   0   0   0   0   0   0   0   0  32   0 
 64   0   0   0   0   0   0   0   0   0   0   0   0   0   0   0   0   0   0   0   0   0   0   0   0   0   0   0   0   0   0   0   0   0   0   0   0   0   0   0   0   0   0   0   0   0   0  32  16   0   0   0  64   0  32   0   0   0   0   0   0   0   0   0   0 
 64   0   0   0   0   0   0   0   0   0   0   0   0   0   0   0   0   0   0   0   0   0   0   0   0   0   0   0   0   0   0   0   0   0   0   0   0   0   0   0   0   0   0   0   0   0   0  16   0   0   0   0  32   0   0   0   0   0   0   0   0   0   0   0   0 
 64   0   0   0   0   0   0   0   0   0   0   0   0   0   0   0   0   0   0   0   0   0   0   0   0   0   0   0   0   0   0   0   0   0   0   0   0   0   0   0   0   0   0   0   0   0   0   0   0   0   0   0   0   0   0   0   0   0   0   0   0   0   0   0   0 
 64   0   0   0   0   0   0   0   0   0   0   0   0   0   0   0   0   0   0   0   0 255 208 112  16   0   0   0   0   0   0   0   0   0   0   0   0   0   0   0   0   0   0   0   0   0   0   0   0   0   0   0   0   0   0   0   0   0   0   0   0   0   0   0   0 
 64   0   0   0   0   0   0   0   0   0   0   0   0   0   0   0   0   0   0   0   0 224 176  80   0   0   0   0   0   0   0   0   0   0   0   0   0   0   0   0   0   0   0   0   0   0   0   0   0 128   0   0   0   0   0   0   0  80   0 128   0   0   0   0   0 
 64   0   0   0   0   0   0   0   0   0   0   0   0   0   0   0   0   0   0   0   0 192 144  48   0   0   0   0   0   0   0   0   0   0   0   0   0   0   0   0   0   0   0   0   0   0   0   0   0  96   0   0   0   0   0   0   0  48   0 112   0   0   0   0   0 
 64   0   0   0   0   0   0   0   0   0   0   0   0   0   0   0   0   0   0   0   0 208 112  16   0   0   0 255   0   0   0   0   0   0   0   0   0   0   0   0   0   0   0   0   0   0   0   0   0  64   0   0   0   0   0   0   0  16   0  96   0   0   0   0   0 
 64   0   0   0   0   0   0   0   0   0   0   0   0   0   0   0   0   0   0   0   0 176  80   0   0   0   0 224   0   0   0   0   0   0   0   0   0   0   0   0   0   0   0   0   0   0   0   0   0  32   0   0   0   0   0   0   0 208   0  80   0   0   0   0   0 
 64   0   0   0   0   0   0   0   0   0   0   0   0   0   0   0   0   0   0   0   0 144  48   0   0   0   0 192   0   0   0   0   0   0   0   0   0   0   0   0   0   0   0   0   0   0   0   0   0   0   0   0   0   0   0   0   0 176   0  64   0 128 128 240   0 
 64   0   0   0   0   0   0   0   0   0   0   0   0   0   0   0   0   0   0   0   0 112  16 160   0   0   0 160   0   0   0   0   0   0   0   0   0   0   0   0   0   0   0   0   0   0   0   0   0   0   0   0   0   0   0   0   0 144   0  48   0 112 112 208   0 
 64   0   0   0   0   0   0   0   0   0   0   0   0   0   0   0   0   0   0   0   0  80   0 128   0   0   0 128   0   0   0   0   0   0   0   0   0   0   0   0   0   0   0   0   0 128   0   0   0   0   0   0   0   0   0   0   0 112   0  32   0  96  96 176   0 
 64   0   0   0   0   0   0   0   0   0   0   0   0   0   0   0   0   0   0   0   0  48   0  96   0   0   0  96   0   0   0   0   0   0   0   0   0 224 160  80   0   0   0   0   0 112   0   0   0   0   0   0   0   0   0   0   0  80   0  16   0  80  80 144   0 
 64   0   0   0   0   0   0   0   0   0   0   0   0   0   0   0   0 160   0   0   0  16   0  64   0   0   0  64   0   0   0   0   0   0   0   0   0 192 128  48   0   0   0   0   0  96   0 128   0   0   0   0   0   0   0   0   0  48   0   0   0  64  64 112   0 
 64   0   0   0   0   0   0   0   0   0   0   0   0   0   0   0   0 128   0   0   0   0   0  32   0   0   0  32   0   0   0   0   0   0   0   0 208 160  96  16   0   0   0   0   0  80   0 112   0   0   0   0   0   0   0   0   0  16   0   0   0  48  48  80   0 
 64   0   0   0   0   0   0   0   0   0   0   0   0   0   0   0   0  96   0   0   0   0   0   0   0   0   0 128   0   0   0   0   0   0   0   0 176 128  64   0   0   0   0   0   0  64   0  96   0   0   0   0   0   0   0   0   0   0   0   0   0  32  32  48   0 
 64   0   0   0   0   0   0   0   0   0   0   0   0   0   0   0   0  64   0   0   0   0   0   0   0   0   0  96   0   0   0   0   0   0   0   0 144  96  32   0   0   0   0   0   0  48   0  80   0   0   0   0   0   0   0   0   0   0   0   0   0  16  16  16   0 
 64   0   0   0   0   0   0   0   0   0   0   0   0   0   0   0   0  32   0   0   0   0   0   0   0   0   0  64   0   0   0   0   0   0   0   0 112  64   0   0   0   0   0   0   0  32   0  64   0   0   0   0   0   0   0   0   0   0   0   0   0 128 128 112   0 
 64   0   0   0   0   0   0   0   0   0   0   0   0   0   0   0   0   0   0   0   0   0   0   0   0   0   0  32   0   0   0   0   0   0   0   0  80  32   0   0   0   0   0   0   0 144   0 176   0   0   0   0   0   0   0   0   0   0   0   0   0 112 112  80   0 
 64   0   0   0   0   0   0   0   0   0   0   0   0   0   0   0   0   0   0   0   0  16   0   0   0   0   0   0   0   0   0   0   0   0   0   0  48   0   0   0   0   0   0   0   0 112   0 144   0   0   0   0   0   0   0   0   0   0   0   0  32  96  96  48   0 
 64   0   0   0   0   0   0   0   0   0   0   0   0   0   0   0   0   0   0   0   0   0   0   0   0   0   0   0   0   0   0   0   0   0   0   0  16   0   0   0   0   0   0   0   0  80   0 224   0  16 240 255   0   0   0   0   0   0   0   0   0  80  80  16   0 
 64   0   0   0   0   0   0   0   0   0   0   0   0   0   0   0   0 128   0   0   0   0   0   0   0   0   0   0   0   0   0   0   0   0   0   0   0   0   0   0   0   0   0   0   0  48   0 192   0   0 208 224   0   0   0   0   0   0   0   0   0  64  64   0   0 
 64   0   0   0   0   0   0   0   0   0   0   0   0   0   0   0   0  96   0   0   0 240   0 224   0   0   0   0   0   0   0   0   0   0   0   0   0   0   0   0   0   0   0   0   0  16 192 160   0   0 176 192   0   0   0   0   0   0   0   0   0  48  48   0   0 
 64   0   0   0   0   0   0   0   0   0   0   0   0   0   0   0   0  64   0   0   0 208   0 192   0   0   0   0   0   0   0   0   0   0   0   0   0   0   0   0   0   0   0   0   0   0 160 128   0   0 144 160   0   0   0   0   0   0   0   0   0 255 128  16   0 
 64   0   0   0   0   0   0   0   0   0   0   0   0   0   0   0   0  32   0   0   0 176   0 160   0   0   0   0   0   0   0   0   0   0   0   0   0   0   0   0   0   0   0   0   0   0 128  96   0   0 112 128 192   0   0   0   0   0   0   0   0 224 112   0   0 
 64   0   0   0   0   0   0   0   0   0   0   0   0   0   0   0   0   0   0   0   0 144   0 128   0   0   0   0  96   0   0   0   0   0   0   0   0   0   0  48   0   0   0   0   0   0  96  64   0   0  80  96 160   0   0   0   0   0   0 224 160 192  96   0   0 
 64   0   0   0   0   0   0   0   0   0   0   0   0   0   0   0   0   0   0   0   0 112   0  96   0   0   0   0  64   0   0   0   0  64   0   0   0   0   0  16   0   0   0   0   0  16 192 160   0   0  48  64 128   0   0   0   0   0   0 192 128 160  80   0   0 
 64   0   0   0   0   0   0   0   0   0   0   0   0   0   0   0   0   0   0   0   0  80 176  64   0   0   0   0  64   0   0   0   0  32   0   0   0   0   0   0   0   0   0   0   0   0 160 128   0   0  16  32  96   0   0   0   0   0   0 160  96 128  64   0   0 
 64   0   0   0   0   0   0   0   0   0   0   0   0   0   0   0   0   0   0   0   0  48 144  32   0   0   0   0  32   0   0   0   0   0   0   0   0   0   0   0   0   0   0   0   0   0 128  96   0   0   0   0  64   0   0   0   0   0   0 128  64  96  48   0   0 
 64   0   0   0   0   0   0   0   0   0   0   0   0   0   0   0   0   0   0   0   0  16 112   0   0   0   0   0   0   0   0   0   0  16   0   0   0   0   0   0   0   0   0   0   0 208  96 208   0   0   0   0  32   0   0   0   0   0   0  96  32  64  32   0   0 
 64   0   0   0   0   0   0   0   0   0   0   0   0   0   0   0   0   0   0   0   0   0 128   0   0   0   0   0   0   0   0   0   0   0   0   0   0   0   0   0   0   0   0   0   0 176  64 176   0   0   0   0   0   0   0   0   0   0   0  64   0 144  16   0   0 
 64   0   0   0   0   0   0   0   0   0   0   0   0   0   0   0   0   0  96   0   0   0  96   0   0   0   0   0   0   0   0   0   0   0   0   0   0   0   0   0   0   0   0   0   0 144  32 144   0   0   0   0   0   0   0   0   0   0   0  32   0 112   0   0   0 
 64   0   0   0   0   0   0   0   0   0   0   0   0   0   0   0   0  80  64   0   0   0  64   0   0   0   0   0   0   0   0   0   0   0   0   0   0   0   0   0   0   0   0   0   0 112   0 112   0   0   0   0   0  48 240  80   0   0   0   0   0  80   0   0   0 
 64   0   0   0   0   0   0   0   0   0   0   0   0   0   0   0   0  48  32   0   0   0  32   0   0   0   0   0   0   0   0   0   0   0   0   0   0 255 208 128   0   0   0   0   0  80   0  80   0   0   0   0  48  16 208  48   0   0   0   0   0  48   0   0   0 
 64   0   0   0   0   0   0   0   0 128  96   0   0   0   0   0   0  16   0   0   0   0   0   0   0   0   0   0   0   0   0   0 240   0   0   0   0 224 176  96 240   0   0   0   0  48   0  48   0   0   0   0  16   0 176  16   0   0   0   0   0  16   0   0   0 
 64   0   0   0   0   0   0   0   0 112  64   0   0   0   0   0   0   0   0   0   0   0   0   0   0   0   0   0   0   0   0   0 208   0   0   0   0 192 144  64 208   0   0   0   0  16   0  16   0   0   0   0   0   0 144   0   0   0   0   0   0   0   0   0  64 
 64   0   0   0   0   0   0   0   0 128  64   0   0   0   0   0   0   0   0   0   0   0   0   0   0   0   0   0   0   0   0   0 176   0   0   0   0 160 112  32 176   0   0   0   0   0   0   0   0   0   0   0   0   0 112   0   0   0   0   0   0   0   0   0  32 
 64   0   0   0   0   0   0  64   0 112  32   0 240   0   0   0   0 176 160   0   0   0   0   0   0   0   0   0   0   0 208   0 144   0   0   0   0 128  80   0 144   0   0   0   0   0   0   0   0   0   0   0   0   0  80   0   0   0   0   0   0   0   0   0   0 
 64   0   0   0   0   0   0  32   0  96   0   0 208   0   0   0   0 144 128   0   0   0   0   0   0   0   0   0   0   0 176   0 112   0   0   0   0 176  48   0 112   0   0   0   0 112   0 112   0   0   0   0   0   0  48 160   0   0   0   0   0 128 128   0 208 
 64   0   0   0   0   0   0   0   0  80   0   0 176   0   0   0   0 112  96   0   0   0   0   0   0   0   0   0   0   0 224   0 160   0   0   0   0 144  16   0  80   0   0   0   0  80   0  80   0   0   0   0   0   0  16 128   0   0   0   0   0  96 112 240 176 
 64   0   0   0   0   0   0   0   0  64   0   0 144   0   0   0   0  80  64   0   0   0   0   0   0   0   0   0   0   0 192   0 128   0   0   0   0 112   0   0  48   0   0   0   0  48   0 224   0   0   0   0 144   0   0  96   0   0   0   0   0  64  96 208 144 
 64   0   0   0   0   0   0   0   0  48   0   0 112   0   0   0   0  48  32   0   0   0   0   0   0   0   0   0   0   0 160   0  96   0   0   0   0  80   0   0  16   0   0   0   0  16   0 192   0   0   0   0 112   0   0  64   0   0   0   0   0  32  80 176 112 
 64   0   0   0   0   0   0   0   0  32   0   0  80   0   0   0   0  16   0   0   0   0   0   0   0   0   0   0   0   0 128   0  64   0   0   0   0  48   0   0   0   0   0   0   0   0   0 160   0   0   0   0  80  96   0  32   0   0   0   0   0   0  64 144  80 
 64   0   0   0   0   0   0   0   0  16   0   0  48   0   0   0   0   0   0   0   0   0   0   0   0   0   0   0   0   0  96   0  32   0   0   0   0  16   0   0   0   0   0   0   0   0   0 128   0   0   0   0  48 240  64 176   0   0   0   0   0   0  48 112  48 
 64   0   0   0   0   0   0   0   0   0   0   0 128   0   0   0   0   0   0   0   0   0   0   0   0   0   0   0   0   0  64   0   0   0   0   0   0   0   0   0   0   0   0   0   0   0   0  96   0   0   0   0  16 208  32 144   0   0   0   0   0   0  32  80  16 
 64   0   0   0   0   0   0   0   0   0   0   0  96   0   0   0   0   0   0   0   0   0   0   0   0   0   0   0   0   0  32   0   0   0   0   0   0   0   0   0   0   0   0   0   0   0   0  64   0   0   0   0   0 176   0 112   0   0   0   0   0 144  16  48   0 
 64   0   0   0   0   0 112   0   0   0   0   0  64   0   0   0   0   0   0   0   0   0   0   0   0   0   0   0   0   0   0   0   0   0   0   0   0   0   0   0   0   0   0   0   0   0   0  32   0   0   0   0   0 144   0  80   0   0   0   0   0 112   0  16   0 
 64 224   0 224   0   0  80   0  96   0   0   0  32   0   0   0   0   0   0   0   0   0   0   0   0   0   0   0   0   0   0   0   0   0   0   0   0   0   0   0   0   0   0   0   0   0   0   0   0   0   0   0   0 112   0  48   0   0   0   0   0  80   0   0   0 
 64 192   0 240   0   0  48  80  64   0   0   0   0   0   0   0   0   0   0   0   0   0   0   0   0   0   0   0   0   0   0   0   0   0   0   0   0   0   0   0   0   0   0   0   0   0   0   0   0   0   0   0   0  80   0  16   0   0   0   0   0  48   0   0   0 
 64 160   0 208   0   0  16  48  32   0   0   0   0   0   0   0   0   0   0   0   0   0   0   0   0   0   0   0   0   0   0   0   0   0   0   0   0   0   0   0   0   0   0   0   0   0  80   0   0   0   0   0   0  48   0   0   0   0   0   0   0  16   0   0   0 
 64 128   0 176   0   0   0  16   0   0   0   0   0   0   0   0   0   0   0   0   0   0   0   0   0   0   0   0   0   0   0   0   0   0   0   0   0   0   0   0   0   0   0   0   0   0  48   0   0   0   0   0   0  16   0   0   0   0   0   0   0   0   0   0   0 
 64  96   0 144   0   0   0   0   0   0   0   0   0   0   0   0   0   0   0   0   0   0   0 240   0   0   0   0   0   0   0   0   0   0   0   0   0   0   0   0   0   0   0   0   0   0  16   0   0   0   0   0  80   0   0   0   0   0  64   0   0   0   0   0   0 
 64  64   0 112   0   0   0   0   0   0   0   0   0   0   0   0   0   0   0  16   0   0   0 208   0   0   0   0   0   0   0   0   0   0   0   0   0   0   0   0   0   0   0   0   0   0   0   0   0   0   0   0  48   0   0   0   0   0  32   0   0   0   0   0   0 
 64  32   0  80   0   0   0   0   0   0   0   0   0   0   0   0   0   0   0   0   0 208   0 176   0   0   0   0   0   0   0   0   0   0   0   0   0   0   0   0   0   0   0   0   0   0   0   0   0   0   0   0  16   0   0   0   0   0   0   0   0   0   0   0   0 
 64   0   0  48   0   0   0   0   0   0   0   0   0   0   0   0   0   0   0   0   0 176   0 192   0   0   0   0   0   0   0  16   0   0   0   0   0   0   0   0   0   0   0   0   0   0   0   0   0   0   0   0   0   0   0   0   0   0   0   0   0   0   0   0   0 
 64   0   0  16   0   0   0   0   0   0   0   0   0   0   0   0   0   0   0   0   0 144   0 160   0   0   0   0   0   0   0   0   0   0   0   0   0   0   0   0   0   0   0   0   0   0   0   0   0   0   0   0   0   0   0   0   0   0   0   0   0   0   0   0   0 
 64   0   0   0   0   0  96 128 112   0   0   0   0   0   0   0   0   0   0   0   0 112   0 128   0   0   0   0   0   0   0   0   0   0   0   0   0   0   0   0   0   0   0   0   0   0   0   0   0   0   0   0   0   0   0   0   0   0   0   0   0   0   0   0   0 
 64   0   0   0   0   0  64  96  80   0   0   0   0   0   0   0   0   0   0   0   0  80   0  96   0   0   0   0   0   0   0   0   0   0   0   0   0   0   0   0   0   0   0   0   0   0   0   0   0   0   0   0   0  32   0   0   0   0   0   0   0   0   0   0   0 
 64   0   0   0   0   0  32  64  48   0   0   0   0   0   0   0   0   0   0   0   0  48   0  64   0   0   0   0   0   0   0 192   0   0   0   0   0   0   0   0   0   0   0   0   0   0   0   0   0   0   0   0   0   0   0   0   0   0   0   0   0   0   0   0   0 
 64   0   0   0   0   0   0  32  16   0   0   0   0   0   0   0   0   0   0   0   0  16   0  32   0   0   0   0   0   0   0 160   0   0   0   0   0   0   0   0   0   0   0   0   0   0   0   0   0   0   0   0   0   0   0   0   0   0   0   0   0   0   0   0   0 
 64   0   0   0   0   0   0   0   0   0   0   0   0   0   0   0   0   0   0   0   0   0   0   0   0   0   0   0   0   0   0 128   0   0   0   0   0   0   0   0   0   0   0   0   0   0   0   0   0   0   0   0   0   0   0   0   0   0   0   0   0   0   0   0   0 
 64   0   0   0   0   0   0   0   0   0   0   0   0   0   0   0   0   0   0   0   0   0   0   0   0   0   0   0   0   0   0  96   0   0   0   0   0   0   0   0   0   0   0   0   0   0   0   0   0   0   0   0   0   0   0   0   0   0   0   0   0   0   0   0   0 
 64   0   0   0   0   0   0   0   0   0   0   0   0   0   0   0   0   0   0   0   0   0   0   0   0   0   0   0   0   0   0  64   0   0   0   0   0   0   0   0   0   0   0   0   0   0   0   0   0   0   0   0   0   0   0   0   0   0   0   0   0   0   0   0   0 
 64   0   0   0   0   0   0   0   0   0   0   0   0   0   0   0   0   0   0   0   0   0   0   0   0   0   0   0   0   0   0  32   0   0   0   0   0   0   0   0   0   0   0   0   0   0   0   0   0   0   0   0   0   0   0   0   0   0   0   0   0   0   0   0   0 
 64   0   0   0   0   0   0   0   0   0   0   0   0   0   0  96   0   0   0   0   0  80   0  96   0   0   0   0   0   0   0   0   0   0   0   0   0   0   0   0   0   0   0   0   0   0   0   0   0   0   0   0   0   0   0   0   0   0   0   0   0   0   0   0   0 
 64   0   0   0   0   0   0   0   0   0   0   0   0   0   0  64   0   0   0   0   0  48   0  64   0   0   0   0   0   0   0   0   0   0   0   0   0   0   0   0   0   0   0   0   0   0   0   0   0   0   0   0   0   0   0   0   0   0   0   0   0   0   0   0   0 
 64   0   0   0   0  96   0   0   0   0   0   0   0   0   0 224   0   0   0   0   0  16   0  32   0   0   0   0   0   0   0   0   0   0   0   0   0   0   0   0   0   0   0   0   0   0   0   0   0   0   0   0   0   0   0   0   0   0   0   0   0   0   0   0   0 
 64   0   0   0   0  64   0   0   0   0   0   0   0   0   0 192   0   0   0   0   0   0   0   0   0   0   0   0   0   0   0   0   0   0   0   0   0   0   0   0   0   0   0   0   0   0   0   0   0   0   0   0   0   0   0   0   0   0   0   0   0   0   0   0   0 
 64   0   0   0   0  32   0   0   0   0   0   0   0   0   0 160   0   0   0   0   0   0   0   0   0   0   0   0   0   0  96   0   0   0   0   0   0   0   0   0   0   0   0   0   0   0   0   0   0   0   0   0   0   0   0   0   0   0   0   0   0   0   0   0   0 
 64   0   0   0   0   0   0   0   0   0   0   0   0   0   0 128   0   0   0   0   0   0   0  16   0   0   0   0   0   0  64   0   0   0   0   0   0   0   0   0   0   0   0   0   0   0   0   0   0   0   0   0   0   0   0   0   0   0   0   0   0   0   0   0   0 
 64   0   0   0   0   0   0   0   0   0   0   0   0   0   0  96   0   0   0   0   0   0   0   0   0   0   0   0   0   0  32   0   0   0   0   0   0   0   0   0   0   0   0   0   0   0   0   0   0   0   0   0   0   0   0   0   0   0   0   0   0   0   0   0   0 
 64   0   0   0   0 176   0   0   0   0   0   0   0   0   0  64 176   0   0   0   0   0   0   0   0   0   0   0   0   0   0   0   0   0   0   0   0   0   0   0   0   0   0   0   0   0   0   0   0   0   0   0   0   0   0   0   0   0   0   0   0   0   0   0   0 
 64   0   0   0   0 144   0   0   0   0   0   0   0   0   0  32 144   0   0   0   0   0   0   0   0   0   0   0   0   0   0   0   0   0   0   0   0   0   0   0   0   0   0   0   0   0   0   0   0   0   0   0   0   0   0   0   0   0   0   0   0   0   0   0   0 
 64   0   0   0   0 112   0   0   0   0   0   0   0   0   0   0 112   0   0   0   0   0   0 192 192   0   0   0   0   0   0   0   0   0   0   0   0   0   0   0   0   0   0   0   0   0   0   0   0   0   0   0   0   0   0   0   0   0   0   0   0   0   0   0   0 
 64   0   0   0   0  80 208   0   0   0   0   0   0   0   0  96 208   0   0   0   0   0   0 160 160   0   0   0   0   0   0   0   0   0   0   0   0   0   0   0   0   0   0   0   0   0   0   0   0   0   0   0   0   0   0   0   0   0   0   0   0   0   0   0   0 
 64   0   0   0   0  48 176   0   0   0   0   0   0   0   0  64 176   0   0   0   0   0   0 128 128   0   0   0   0   0   0   0   0   0   0   0   0   0   0   0   0   0   0   0   0   0   0   0   0   0   0   0   0   0   0   0   0   0   0   0   0   0   0   0   0 
 64   0   0   0   0  16 144   0   0   0   0   0   0   0   0  32 144   0   0   0   0 144 144  96  96   0   0   0   0   0   0   0   0   0   0   0   0   0   0   0   0   0   0   0   0   0   0   0   0   0   0   0   0   0   0   0   0   0   0   0   0   0   0   0   0 
 64   0   0   0   0   0 112   0   0   0   0   0   0   0   0   0 112   0   0   0   0 112 112  64  64   0   0   0   0   0   0   0   0   0   0   0   0   0   0   0   0   0   0   0   0   0   0   0   0   0   0   0   0   0   0   0   0   0   0   0   0   0   0   0   0 
 64   0   0   0   0   0  80   0   0   0   0   0   0   0   0   0  80   0   0   0   0  80  80  32 112   0   0   0   0   0   0   0   0   0   0   0   0   0   0   0   0   0   0   0   0   0   0   0   0   0   0   0   0   0   0   0   0   0   0   0   0   0   0   0   0 
 64   0   0   0   0   0  48   0   0   0   0   0   0   0   0  16 128   0   0   0   0  48  48   0  80   0   0   0   0   0   0   0   0   0   0   0   0   0   0   0   0   0   0   0   0   0   0   0   0   0   0   0   0   0   0   0   0   0   0   0   0   0   0   0   0 
 64   0   0   0   0  32 160   0   0   0   0   0   0   0   0   0  96   0   0   0   0  16  16   0  48   0   0   0   0   0   0   0   0   0   0   0   0   0   0   0   0   0   0   0   0   0   0   0   0   0   0   0   0   0   0   0   0   0   0   0   0   0   0   0   0 
 64   0   0   0   0   0 128   0   0   0   0   0   0   0   0   0  64   0   0   0   0   0   0   0  16   0   0   0   0   0   0   0   0   0   0   0   0   0   0   0   0   0   0   0   0   0   0   0   0   0   0   0   0   0   0   0   0   0   0   0   0   0   0   0   0 
 64   0   0   0   0   0  96   0   0   0   0   0   0   0   0   0  32   0   0   0   0   0   0   0   0   0   0   0   0   0   0   0   0   0   0   0   0   0   0   0   0   0   0   0   0   0   0   0 224   0   0   0   0   0   0   0   0   0   0   0   0   0   0   0   0 
 64   0   0   0   0   0  64   0   0   0   0   0   0   0   0   0   0   0   0   0   0   0   0   0   0   0   0   0   0   0   0   0   0   0   0   0   0   0   0   0   0   0   0   0   0   0   0   0 192   0   0   0   0   0   0   0   0   0   0   0   0   0   0   0   0 
 64   0   0   0   0   0  32   0   0   0   0   0   0   0   0   0   0   0   0   0   0   0   0   0   0   0   0   0   0   0   0   0   0   0   0   0   0   0   0   0   0   0   0   0   0   0   0   0 160   0   0   0   0   0   0   0   0   0   0   0   0   0   0   0   0 
 64   0   0   0   0   0   0   0   0   0   0   0   0   0   0   0   0   0   0   0   0   0   0   0   0   0   0   0   0   0   0   0   0   0   0   0   0   0   0   0   0   0   0   0   0   0   0   0 128   0   0   0 176   0   0   0   0   0   0   0   0   0   0   0   0 
 64   0   0   0   0   0   0   0   0   0   0   0   0   0   0   0   0   0   0   0   0   0   0   0   0   0   0   0   0   0   0   0   0   0   0   0   0   0   0   0   0   0   0   0   0   0   0   0  96   0   0   0 144   0   0   0   0   0   0   0   0   0   0   0   0 
 64   0   0   0   0   0   0   0   0   0   0   0   0   0   0   0   0   0   0   0   0   0   0   0   0   0   0   0   0   0   0   0   0   0   0   0   0   0   0   0   0   0   0   0   0   0   0   0  64   0   0   0 112   0   0   0   0   0   0   0   0   0   0   0   0 
 64   0   0   0   0   0   0   0   0   0   0   0   0   0   0   0   0   0   0   0   0   0   0   0   0   0   0   0   0   0   0   0   0   0   0   0   0   0   0   0   0   0   0   0   0   0   0   0  32   0   0   0  80   0   0   0   0   0   0   0   0   0   0   0   0 
 64   0   0   0   0   0   0   0   0   0   0   0   0   0   0   0   0   0   0   0   0   0   0   0   0   0   0   0   0   0   0   0   0   0   0   0   0   0   0   0   0   0   0   0   0   0   0   0   0   0   0   0  48   0   0   0   0   0   0   0   0   0   0   0   0 
 64   0   0   0   0   0   0   0  96   0   0   0   0   0   0   0   0   0   0   0   0   0   0   0   0   0   0   0   0   0   0   0   0   0   0   0   0   0   0   0   0   0   0   0   0   0   0   0   0   0   0   0  16   0   0   0   0   0   0   0   0   0   0   0   0 
 64   0   0   0   0   0   0   0 240   0   0   0   0   0   0   0   0   0   0   0   0   0   0   0   0   0   0   0   0   0   0   0   0   0 192   0   0   0   0   0   0   0   0   0   0   0   0   0   0   0   0   0   0   0   0   0   0   0   0   0   0   0   0   0   0 
 64   0   0   0   0   0   0   0 208   0   0   0   0   0   0  48   0   0 240   0  16   0   0   0   0   0   0   0   0   0   0   0   0   0 160   0   0   0   0   0   0   0   0   0   0   0   0   0   0   0   0   0 144   0   0   0   0   0   0   0   0   0   0   0   0 
 64  96   0   0 224   0   0   0 176   0   0   0   0   0   0  16   0   0 208   0   0   0   0   0   0   0   0   0   0   0   0   0   0   0 128   0   0   0   0   0   0   0   0   0   0   0   0  48   0   0   0   0 112   0   0   0   0   0   0   0   0   0   0   0   0 
 64  64   0   0 192   0   0   0 144   0   0   0   0   0   0   0   0   0 176   0   0   0   0   0   0   0   0   0   0   0   0   0   0   0  96   0   0   0   0   0   0   0   0   0   0   0   0  16   0   0   0   0  80   0   0   0   0   0   0   0   0   0   0   0   0 
 64  32   0   0 160   0   0   0 112   0   0   0   0   0   0 208   0   0 144   0   0   0   0   0   0   0   0   0   0   0   0   0   0   0  64   0   0   0   0   0   0   0   0   0   0   0   0   0   0   0   0   0  48   0   0   0   0   0   0   0   0   0   0   0   0 
 64   0   0   0 128   0   0   0  80   0   0   0   0   0   0 176   0   0 112   0   0   0   0   0   0   0   0   0   0   0   0   0   0   0  32   0   0   0   0   0   0   0   0   0   0   0   0   0   0   0   0   0  16   0   0   0   0   0   0   0   0   0   0   0   0 
 64   0   0   0  96   0   0   0  48   0   0   0   0   0   0 144   0   0  80   0   0   0   0   0   0   0   0   0   0   0   0   0   0   0   0   0   0   0   0   0   0   0   0   0   0   0   0   0   0   0   0   0   0   0   0   0   0   0   0   0   0   0   0   0   0 
 64   0   0   0  64   0   0   0  16   0   0   0   0   0   0 112   0   0  48   0   0   0   0   0   0   0   0   0   0   0   0   0   0   0   0   0   0   0   0   0   0   0   0   0   0   0   0   0   0   0   0  48   0   0   0   0   0   0   0   0   0   0   0   0   0 
 64   0   0   0  32   0   0   0 128   0   0   0   0   0   0  80   0   0  16   0   0   0   0   0   0   0   0   0   0   0   0   0   0   0   0   0   0   0   0   0   0   0   0   0   0   0   0   0   0   0   0  16   0   0   0   0   0   0   0 255   0   0   0   0   0 
 64   0   0   0   0   0   0   0  96   0   0   0   0   0   0 176   0   0   0   0   0   0   0   0   0   0   0   0   0   0   0   0   0   0   0   0   0   0   0   0   0   0   0   0   0   0   0   0   0   0   0   0  16   0   0   0   0   0   0 224   0   0  32   0   0 
 64   0   0   0   0   0   0   0  64   0   0   0   0   0   0 144   0   0   0   0   0   0   0   0   0   0   0   0   0   0   0   0   0   0   0   0   0   0   0   0   0   0   0   0   0   0   0   0   0   0   0   0   0   0   0   0   0   0   0 192   0   0   0   0   0 
 64   0   0 112   0   0   0   0  32   0   0   0   0   0   0 112   0   0   0   0   0   0   0   0   0   0   0   0   0   0   0   0   0   0   0   0   0   0   0   0   0   0   0   0   0   0   0   0   0   0   0   0   0   0   0   0   0   0   0 160   0   0   0   0   0 
 64   0   0  80   0   0   0   0   0   0   0   0   0   0   0  80   0   0   0   0   0   0   0   0   0   0   0   0   0   0   0   0   0   0   0   0   0   0   0   0   0   0   0   0   0   0   0   0   0   0   0   0   0   0   0   0   0   0   0 128   0   0   0   0   0 
 64   0   0  48   0   0   0   0   0   0   0   0   0   0   0  48   0   0   0   0   0   0   0   0   0   0   0   0   0   0   0   0   0   0   0   0   0   0   0   0   0   0   0   0   0   0   0   0   0   0   0   0   0   0   0   0   0   0   0  96   0   0   0   0   0 
 64   0   0  16   0   0   0   0   0   0   0   0   0   0   0  16   0   0   0   0   0   0   0   0   0   0   0   0   0   0   0   0   0   0   0   0   0   0   0   0   0   0   0   0   0   0   0   0   0   0   0   0   0   0   0   0   0   0   0  64 160   0   0   0   0 
 64   0   0   0   0   0   0   0   0   0   0   0   0   0   0   0   0   0   0   0   0   0   0   0   0   0   0   0   0   0   0   0   0   0   0   0   0   0   0   0   0   0   0   0   0   0   0   0   0   0   0   0   0   0   0   0   0   0   0  32 128   0   0   0 160 
 64   0   0   0   0   0   0   0   0   0   0   0   0   0   0   0   0   0   0   0   0   0   0   0   0   0   0   0   0   0   0   0   0   0   0   0   0 208   0   0   0   0   0   0   0   0   0   0   0   0   0   0   0   0   0   0   0   0   0   0  96   0   0   0 128 
 64   0   0   0   0   0   0   0   0   0   0   0   0  48   0   0   0   0   0   0   0   0   0   0   0   0   0   0   0   0   0   0   0   0   0   0   0 176   0   0   0   0   0   0   0   0   0   0   0   0   0   0   0   0   0   0   0   0   0   0 112   0   0   0  96 
 64   0   0   0   0   0   0   0   0   0   0   0   0  16   0   0   0   0   0   0   0   0   0   0   0   0   0   0   0   0   0   0   0   0   0   0   0 224   0   0   0   0   0   0   0   0   0   0   0   0   0   0   0   0   0   0   0   0   0   0  80   0   0   0  64 
 64   0   0   0   0   0   0   0   0   0   0   0   0   0   0   0   0   0   0   0   0   0   0   0   0   0   0   0   0   0   0   0   0   0   0   0   0 192   0   0   0   0   0   0   0   0   0   0   0   0   0   0   0   0   0   0   0   0   0   0  48   0   0   0  96 
 64   0   0   0   0   0   0   0   0   0   0   0   0   0   0   0   0   0   0   0   0   0 144   0 240   0   0   0   0   0   0   0   0   0   0   0   0 160   0   0   0   0   0   0   0   0   0   0   0 240   0  48 224   0   0   0   0   0   0   0  16   0   0   0 240 
 64   0   0   0   0   0   0   0   0   0   0   0   0   0   0   0   0   0   0   0   0   0 112   0 208   0   0   0   0   0   0   0   0   0   0   0   0 128   0   0   0   0   0   0   0   0   0   0   0 208   0  16 192   0   0   0   0   0   0   0   0   0   0   0 208 
 64   0   0   0   0   0   0   0   0   0   0   0   0   0   0   0   0   0   0   0   0   0  80   0 176   0   0   0   0   0   0   0   0   0   0   0   0  96   0   0   0   0   0   0   0   0   0   0   0 176   0   0 160   0   0   0   0   0   0   0  32   0   0   0 224 
 64   0   0   0   0   0   0   0   0   0   0   0   0   0   0   0   0   0   0   0   0   0  48   0 144   0   0   0   0   0   0   0   0   0   0   0   0  64   0   0   0   0   0   0   0   0   0   0   0 144   0   0 128   0   0   0   0   0   0   0   0   0   0   0 192 
 64   0   0   0   0   0   0   0   0   0   0   0   0   0   0   0   0   0   0   0   0   0  16   0 112   0   0   0   0   0   0   0   0   0   0   0   0  32   0   0   0   0   0   0   0   0   0   0   0 112   0   0  96   0   0   0   0   0   0   0   0   0   0   0 224 
 64   0   0   0   0   0   0   0   0   0   0   0   0   0   0   0   0   0   0   0   0 176   0   0  80   0   0   0   0   0   0   0   0   0   0   0   0 112   0   0   0   0   0   0   0   0   0   0   0  80   0   0  64   0   0   0   0   0   0   0   0   0   0   0 192 
 64   0   0   0   0   0   0   0   0   0   0   0   0   0   0   0   0   0   0   0   0 144   0   0  48   0   0   0   0   0   0   0   0   0   0   0   0  80  96   0   0   0   0   0   0   0   0   0   0  48   0   0  32   0   0   0   0   0   0   0   0   0   0   0 160 
 64   0   0   0   0   0   0   0   0   0   0   0   0 208   0   0 160   0   0   0   0 112   0   0  16   0   0   0   0   0   0   0   0   0   0   0   0  48  64   0   0   0   0   0   0   0   0   0   0  16   0   0   0   0   0   0   0   0   0   0   0   0   0   0 128 
 64   0   0   0   0   0   0   0   0   0   0   0   0 176   0   0 128   0   0   0   0 208  16   0 112   0   0   0   0   0   0   0   0   0   0   0   0  16  32   0   0   0   0   0   0   0   0   0   0   0   0   0   0   0   0   0   0   0   0   0   0   0   0   0  96 
 64   0   0   0   0   0   0   0   0   0   0   0   0 144   0   0  96   0   0   0   0 176   0   0  80   0   0   0   0   0   0   0   0   0   0   0   0   0  48   0   0   0   0   0   0   0   0   0   0   0   0   0   0   0   0   0   0   0   0 240 144   0   0   0  64 
 64   0   0   0   0   0   0   0   0   0   0   0   0 112   0   0  64   0   0   0   0 144   0   0  48   0   0   0   0 144   0   0   0   0   0   0   0   0  16   0   0   0   0   0   0   0   0   0   0   0   0   0   0   0   0   0   0   0   0 208 112   0   0   0  32 
 64   0   0   0   0   0   0   0   0   0   0   0   0  80   0   0 192   0   0   0   0 112   0   0  16   0   0   0   0 112   0   0   0   0   0   0   0   0   0   0   0   0   0   0   0   0   0   0   0   0   0   0   0   0   0   0   0   0   0 208 112   0 144   0   0 
 64   0   0   0   0   0   0   0   0   0   0   0   0  48   0   0 160   0   0   0   0  80   0   0   0   0   0   0   0  80   0   0   0   0   0   0   0   0   0   0   0   0   0   0   0   0   0   0   0   0   0   0   0   0   0   0   0   0   0 176 240   0 112   0   0 
 64   0   0   0   0 128   0 224 255   0   0   0   0  16   0   0 128   0   0   0   0  48   0   0   0   0   0   0   0  48   0   0   0   0   0   0   0   0   0   0   0   0   0   0   0   0   0   0   0   0   0   0   0   0   0   0   0   0   0 144 208   0  80   0   0 
 64   0   0   0   0  96   0 192 224   0   0   0   0  96   0   0 208   0   0   0   0  16   0   0   0   0   0   0   0  16   0   0   0   0   0   0   0   0   0   0   0   0   0   0   0   0   0   0   0   0   0   0   0   0   0   0   0   0   0 112 176   0  48   0   0 
 64   0   0   0   0  64 224 160 192   0   0   0   0  64   0   0 176   0   0   0   0   0   0   0   0   0   0   0   0   0   0   0   0   0   0   0   0   0   0   0   0   0   0   0   0   0   0   0   0   0   0   0   0   0   0   0   0   0   0  80 144   0  16   0   0 
 64   0   0   0   0  32 192 128 160   0   0   0   0  32   0   0 144   0   0   0   0   0   0   0   0   0   0 240  96   0   0   0   0   0   0   0   0   0   0   0   0   0   0   0   0   0   0   0   0   0   0   0   0   0   0   0   0   0   0  48 112   0   0   0   0 
 64   0   0   0   0   0 160  96 128   0   0   0   0   0   0   0 112   0   0   0   0   0   0   0   0   0   0 208  64   0   0 144   0   0   0   0   0   0   0   0   0   0   0   0   0   0   0   0   0   0   0   0   0   0   0   0   0   0   0  16  80   0   0   0   0 
 64   0   0   0   0   0 128  64  96   0   0   0   0   0   0   0  80   0   0   0   0   0   0   0   0   0   0 176  32   0   0 112   0   0   0   0   0  48 112   0   0   0   0   0   0   0   0   0   0   0   0   0   0   0   0   0   0   0   0   0  48   0   0   0   0 
 64   0   0   0   0   0  96  32  64   0   0   0   0   0   0   0  48   0   0   0   0   0   0   0   0   0   0 144   0   0   0  80   0   0   0   0   0  16  80   0   0  64  16   0   0   0   0   0   0   0   0   0   0   0   0   0   0   0   0   0  16   0   0   0   0 
 64   0   0   0   0   0 144   0  32 128   0   0 192   0   0   0  16   0   0   0   0   0   0   0   0   0   0 112   0   0   0  48   0   0   0   0   0   0  48   0   0  32   0   0   0   0   0   0   0   0   0   0   0   0   0   0   0   0   0   0   0   0   0   0   0 
 64   0   0   0   0   0 112   0   0  96   0   0 160   0   0   0   0   0   0   0   0   0   0   0   0   0   0  80   0   0   0 192   0   0   0   0   0   0  16   0   0   0   0   0   0   0   0   0   0   0   0   0   0   0   0   0   0   0   0   0   0   0   0   0   0 
 64   0   0   0   0   0  80   0   0  64   0   0 128   0   0   0   0   0   0   0   0   0   0   0   0   0   0  48   0   0   0 160   0   0   0   0   0   0   0   0   0   0   0   0   0   0   0   0   0   0   0   0   0   0   0   0   0   0   0   0   0   0   0   0   0 
 64   0   0   0   0   0  48   0   0  32   0   0  96   0 112   0   0   0   0   0   0   0   0   0   0   0   0  16   0   0   0 128   0   0   0   0   0   0   0   0   0   0   0   0   0   0   0   0   0   0   0   0   0   0   0   0   0   0   0   0   0   0   0   0   0 
 64   0   0   0   0   0  16   0   0   0 192   0  64   0  80   0   0   0   0   0   0   0   0   0   0   0   0   0   0   0   0  96   0   0   0   0   0   0   0   0   0   0   0   0   0   0   0   0   0   0   0   0   0   0   0   0   0   0   0   0   0   0   0   0   0 
 64   0   0   0   0   0   0   0   0   0 160   0  32   0  48   0   0   0   0   0   0   0   0   0   0   0   0   0   0   0   0  64   0   0   0   0   0   0   0   0   0   0   0   0   0   0   0   0   0   0   0   0   0   0   0   0   0   0   0   0   0   0   0   0   0 
 64   0   0   0   0   0 160  16  48   0 128 160   0   0  64   0   0   0   0   0   0   0   0   0   0   0   0  96   0   0   0 112   0   0   0   0   0   0   0   0   0   0   0   0   0   0   0   0   0   0   0   0   0   0   0   0   0   0   0   0   0   0   0   0   0 
 64   0   0   0   0   0 128   0  16   0  96 128   0   0  32   0   0   0   0   0   0   0   0   0   0   0   0  64   0 240   0  80   0   0   0   0   0   0   0   0 112   0   0   0   0   0   0   0   0   0   0   0   0   0   0   0   0   0   0   0   0   0   0   0   0 
 64   0   0   0   0   0  96   0   0 128  64  96   0   0   0   0   0   0   0   0   0   0   0   0   0   0   0  32   0 208   0  48   0   0   0   0   0   0   0   0  80   0   0   0   0   0   0   0   0   0   0   0   0   0   0   0   0   0   0   0   0   0   0   0   0 
 64   0   0   0   0   0  64   0   0  96  32  64   0   0   0   0   0   0   0   0   0   0   0   0   0   0   0   0   0 176   0  16   0   0   0   0   0   0   0   0  48   0   0   0   0   0   0   0   0   0   0   0   0   0   0   0   0   0   0   0   0   0   0   0   0 
 64   0   0   0   0   0  32   0   0  64   0  32   0   0   0   0   0   0   0   0   0   0   0   0   0   0   0   0   0 144   0   0   0   0   0   0   0   0   0   0  16   0   0   0   0   0   0   0   0   0   0   0   0   0   0   0   0   0   0   0   0   0   0   0   0 
 64   0   0   0   0   0   0   0   0  32   0   0   0   0   0   0   0   0   0   0   0   0   0   0   0   0   0   0   0 112   0   0   0   0   0   0   0   0   0   0   0   0   0   0   0   0   0   0   0   0   0   0   0   0   0   0   0   0   0   0   0   0   0   0   0 
 64   0   0   0   0   0   0   0   0   0   0   0   0   0   0   0   0   0 160   0 224   0   0   0   0   0   0   0   0  80   0   0   0   0   0   0   0   0   0   0   0   0   0   0   0   0   0   0   0   0   0   0   0   0   0   0   0   0   0   0   0   0   0   0   0 
 64   0   0   0   0   0   0   0   0   0   0   0   0   0   0   0   0 240 128 240 192   0   0   0   0   0   0   0   0  48   0   0   0   0   0   0   0   0   0   0   0   0   0   0   0   0   0   0   0   0   0   0   0   0   0   0   0   0   0   0   0   0   0   0   0 
 64   0   0   0   0   0   0   0   0   0   0   0   0   0   0   0   0 208  96 208 160   0   0   0   0   0   0   0   0  16   0   0   0   0   0   0   0   0   0   0   0   0   0   0   0   0   0   0   0   0   0   0   0   0   0   0   0   0   0   0   0  48   0   0   0 
 64   0   0   0   0   0   0   0   0   0   0   0  16   0   0   0   0 176 208 176 128   0   0   0   0   0   0   0   0   0   0   0   0   0   0   0   0   0   0   0   0   0   0   0   0   0   0   0   0   0   0   0   0   0   0   0   0   0   0   0   0  16   0   0   0 
 64   0   0   0   0   0   0   0   0   0   0   0   0   0   0   0   0 144 176 144  96   0   0   0   0   0   0   0   0  96   0   0   0   0   0   0   0   0   0   0   0   0   0   0   0   0   0   0   0   0   0   0   0   0   0  96 128   0   0   0   0   0   0   0   0 
 64   0   0   0   0   0   0   0   0   0   0   0   0   0   0   0   0 112 144 112  64   0   0   0   0   0   0   0   0  64   0   0   0   0   0   0   0   0   0   0   0   0   0   0   0   0   0   0   0   0   0   0   0   0   0  64 240   0   0   0   0   0   0   0   0 
 64   0   0   0   0   0   0   0   0  96  32  64 208   0   0   0   0  80 112  80  32   0   0   0   0   0   0   0   0  32   0   0   0   0   0   0   0   0   0   0   0   0   0   0   0   0   0   0   0   0   0   0   0   0   0  32 208   0   0   0   0   0   0   0   0 
 64   0   0   0   0   0   0   0   0  64   0  32 176   0   0   0   0  48  80  48   0   0   0   0   0   0   0   0   0 208   0   0   0   0   0   0   0   0   0   0   0   0   0   0   0   0   0   0   0   0   0   0   0   0   0   0 176   0   0   0   0   0   0   0   0 
 64   0   0   0   0   0   0   0   0  32   0   0 144   0   0   0   0  16  48  16   0   0   0   0   0   0   0   0   0 176   0   0   0   0   0   0   0   0   0   0   0   0   0   0   0   0   0   0   0   0   0   0   0   0   0   0 144   0   0   0   0   0   0   0   0 
 64   0   0   0   0   0   0   0   0   0   0   0 112   0   0   0   0   0  16   0   0   0   0   0   0   0   0   0   0 144   0   0   0   0   0   0   0   0   0   0   0   0   0   0   0   0   0   0   0   0   0   0   0   0   0   0 112   0   0   0   0   0   0   0   0 
 64   0   0   0   0   0   0   0   0   0   0   0  80   0   0   0   0   0   0   0   0   0   0   0   0   0   0   0   0 112   0   0   0   0   0   0   0   0   0   0   0   0   0   0   0   0   0   0   0   0   0   0   0   0   0 160  80   0   0   0   0   0   0 128   0 
 64   0   0   0   0   0   0   0   0   0   0   0  48   0   0   0   0   0   0   0   0   0   0   0   0   0   0   0   0  80   0   0   0   0   0   0   0   0   0   0   0   0   0   0   0   0   0   0   0   0   0   0   0   0   0 128  48   0   0   0   0   0   0  96   0 
 64   0   0   0   0   0   0   0   0   0   0   0  16   0   0   0   0   0   0   0   0   0   0   0   0   0   0   0   0  48   0   0   0   0   0   0   0   0   0   0   0   0   0   0   0   0   0   0   0   0   0   0   0 128   0  96  16   0   0   0   0   0   0  64   0 
 64   0   0   0   0   0   0   0   0   0   0   0   0   0   0   0   0   0   0   0   0   0   0   0   0   0   0   0   0  16   0   0   0   0   0   0   0   0   0   0   0   0   0   0   0   0   0   0   0   0   0   0   0  96   0  64   0   0   0   0   0   0   0  32   0 
 64   0   0   0   0   0   0   0   0   0   0   0   0   0   0   0   0  48  80  48   0   0   0   0   0   0   0   0   0   0   0   0   0   0   0   0   0   0   0   0   0   0   0   0   0   0   0   0   0   0   0   0   0  64   0  32   0 255   0   0 128   0   0   0   0 
 64   0   0   0   0   0   0   0   0   0   0   0   0   0 176  32   0  16 240  16   0   0   0   0   0   0   0   0   0   0   0   0   0   0   0   0   0   0   0   0   0   0   0   0   0   0   0   0   0   0   0   0   0  32   0   0   0 224   0   0  96   0   0   0   0 
 64   0   0   0   0   0   0   0   0   0   0   0   0   0 144   0   0   0 208   0   0   0   0   0   0   0   0   0   0   0   0   0   0   0   0   0   0   0   0   0   0   0   0   0   0   0   0   0   0   0   0   0   0   0   0   0   0 192   0   0  64   0   0   0   0 
 64   0   0   0   0   0   0   0   0   0   0   0   0   0 112   0   0   0 176   0   0   0   0   0   0   0   0   0   0   0   0   0   0   0   0   0   0   0   0   0   0   0   0   0   0   0   0   0   0   0   0   0   0   0   0   0   0 160   0   0  32   0   0   0   0 
 64 144   0   0   0   0   0   0   0   0   0   0   0   0  80   0   0   0 144   0   0   0   0   0   0   0   0   0   0   0   0   0   0   0   0   0   0   0   0   0   0   0   0   0   0   0   0   0   0   0   0   0   0   0   0   0   0 128   0   0   0   0   0   0   0 
 64 112   0   0   0   0   0   0   0   0   0   0   0   0  48   0 192   0 112   0   0   0   0   0   0   0   0   0   0   0   0   0   0   0   0   0   0   0   0   0   0   0   0   0   0   0   0   0   0   0   0   0   0   0   0   0   0  96   0   0   0   0   0   0   0 
 64  80   0   0   0   0   0   0   0   0   0   0   0   0  16   0 160   0  80   0   0   0   0   0   0   0   0   0   0   0   0   0   0   0   0   0   0   0   0   0   0   0   0   0   0   0   0   0   0   0   0   0   0   0   0   0   0  64   0   0   0   0   0   0   0 
 64  48   0   0   0   0   0   0   0   0  16   0   0   0   0   0 128   0  48   0   0   0   0   0   0   0   0   0   0   0   0   0   0   0   0   0   0   0   0   0   0   0   0   0   0   0   0   0   0   0   0   0   0   0   0   0   0  32 144   0   0   0   0   0   0 
 64  16   0   0  80   0   0   0   0   0   0   0   0   0   0   0  96   0  16   0   0   0   0   0   0   0   0   0   0   0   0   0   0   0   0   0   0   0   0   0   0   0   0   0   0   0   0   0   0   0   0   0   0   0   0   0   0   0 112   0   0   0   0   0   0 
 64   0   0   0  48   0   0   0   0   0   0   0   0   0   0 128  64   0   0   0   0   0   0   0   0   0   0   0   0   0   0   0   0   0   0   0   0   0   0   0   0   0   0   0   0   0   0   0   0   0   0   0   0   0   0   0   0   0  80   0   0   0   0   0   0 
 64   0   0   0  16   0   0   0   0   0   0   0   0   0   0  96  32   0   0   0   0   0   0   0   0   0   0   0   0   0   0   0   0   0   0   0   0   0   0   0   0   0   0   0   0   0   0   0   0   0   0   0   0   0   0   0   0   0  48   0   0   0   0   0   0 
 64   0   0   0   0   0   0   0   0   0   0   0   0   0   0  64   0   0   0   0   0   0   0   0   0   0   0   0   0   0   0   0   0   0   0   0   0   0   0   0   0   0   0   0   0 160   0   0   0   0   0   0   0   0   0   0   0   0  16   0   0   0   0   0   0 
 64   0   0   0   0   0   0   0   0   0   0   0   0   0   0  32   0   0   0   0   0   0   0   0   0   0   0   0   0   0   0   0   0   0   0   0   0   0   0   0   0   0   0   0   0 128   0   0   0   0   0   0   0   0   0   0   0   0   0   0   0   0   0   0   0 
 64   0   0   0   0   0   0   0   0   0   0   0   0   0   0  64   0   0   0   0   0   0   0   0   0   0   0   0   0   0   0   0   0   0   0   0   0   0   0   0   0   0   0   0   0  96   0   0   0   0   0   0   0   0   0   0   0   0   0   0   0   0   0   0   0 
 64   0   0   0   0   0   0   0   0   0   0   0   0   0   0  32   0   0   0   0   0   0   0   0   0   0   0   0   0   0   0   0   0   0   0   0   0   0   0   0   0   0   0   0   0  64   0   0   0   0   0   0   0   0   0   0   0  32 144   0   0   0   0   0   0 
 64   0   0   0   0   0   0   0   0   0   0   0   0   0   0   0   0   0   0   0   0   0   0   0   0   0   0   0   0   0   0   0   0   0   0   0   0   0   0   0   0   0   0   0   0  32   0   0   0   0   0   0   0   0   0   0   0   0 112   0   0   0   0   0   0 
 64   0   0   0   0   0   0   0   0   0   0   0   0   0   0   0   0   0   0   0   0   0   0   0   0   0   0   0   0   0   0   0   0   0   0   0   0   0   0   0   0   0   0   0   0   0   0   0   0   0   0   0   0   0   0   0   0   0  80 224   0   0   0   0   0 
 64   0   0   0   0   0   0   0   0   0   0   0   0   0   0   0   0   0   0   0   0   0   0   0   0   0   0   0   0   0   0   0   0   0   0   0   0   0   0   0   0   0   0   0   0   0   0   0   0   0   0   0   0   0   0   0   0   0  48 192   0   0   0   0   0 
 64   0   0   0   0   0   0   0   0   0   0   0   0   0   0   0   0   0   0   0   0   0   0   0   0   0   0   0   0   0   0   0   0   0   0   0   0   0   0   0   0   0   0   0   0   0   0   0   0   0   0   0   0   0   0   0   0   0  16 160   0   0   0   0   0 
 64   0   0   0   0   0   0   0   0   0   0   0   0   0   0   0   0   0   0   0   0   0   0   0   0   0   0   0   0   0   0   0   0   0   0   0   0   0   0   0   0   0   0   0   0   0   0   0   0   0   0   0   0   0   0   0   0   0   0 128   0   0   0   0   0 
 64   0   0   0   0   0   0   0   0   0   0   0   0   0   0   0   0   0   0   0   0   0   0   0   0   0   0   0   0   0   0   0   0   0   0   0   0   0   0   0   0   0   0   0   0   0   0   0   0   0   0   0   0 240   0   0   0   0   0  96   0   0   0   0   0 
 64   0   0   0   0   0   0   0   0   0   0   0   0   0   0   0   0   0   0   0   0   0   0   0   0   0   0   0   0   0   0   0   0   0   0   0   0   0   0   0   0   0   0   0   0   0   0   0   0   0   0   0   0 208   0   0   0 144   0  64   0   0   0   0   0 
 64   0   0   0   0   0   0   0   0   0   0   0   0   0   0   0   0   0   0   0   0   0   0   0   0   0   0   0   0   0   0 240   0   0   0   0   0   0   0   0   0   0   0   0   0   0   0   0   0   0   0   0   0 176   0   0   0 112   0  32   0   0   0   0   0 
 64   0   0   0   0   0   0   0   0   0   0   0   0   0   0   0   0   0   0   0   0   0   0   0   0   0   0   0   0   0   0 208   0   0   0   0   0   0   0   0   0   0   0   0   0   0   0   0   0   0   0   0   0 144   0   0   0  80   0   0   0 224 208   0  16 
 64   0   0   0   0   0   0   0   0   0   0   0   0   0   0  80   0   0   0   0   0   0   0   0   0   0   0   0   0   0   0 176   0   0   0   0   0   0   0   0   0   0   0   0   0   0   0   0   0   0   0  64 144 112   0   0   0  48   0   0   0 192 176   0   0 
 64   0   0   0   0   0   0   0   0   0   0   0   0   0   0  48   0   0   0   0   0   0   0   0   0   0   0   0   0   0   0 144   0   0   0   0   0   0   0   0   0   0   0   0   0   0   0   0   0   0   0  32 112  80   0   0   0  16   0   0   0 160 144   0   0 
 64   0   0   0   0   0   0   0   0   0   0   0   0   0   0  16   0   0   0   0   0   0   0   0   0   0   0   0   0   0   0 112   0   0   0   0   0   0   0   0   0   0   0   0   0   0   0   0   0   0   0   0  80  48   0   0   0   0   0   0   0 128 112   0 208 
 64   0   0   0   0   0   0   0   0   0   0   0   0   0   0   0   0   0   0   0   0   0   0   0   0   0   0   0   0   0   0  80   0   0   0   0   0   0   0   0   0   0   0   0   0   0   0   0   0   0   0   0  48 128   0   0   0   0   0   0   0  96  80   0 176 
 64   0   0   0   0   0   0   0   0   0   0   0   0   0   0   0   0   0   0   0   0   0   0   0   0   0   0   0   0   0   0  48   0   0   0   0   0   0   0   0   0   0   0   0   0   0   0   0   0 192   0   0  16  96   0   0   0   0   0   0   0 176  48   0 144 
 64   0   0   0   0   0   0   0   0   0   0   0   0   0   0   0   0   0   0   0   0   0   0   0   0   0   0   0   0   0   0  16   0   0   0   0   0   0   0   0   0   0   0   0   0   0   0   0   0 160   0   0   0  64   0   0 224   0   0   0   0 144  16   0 112 
 64   0   0   0   0   0   0   0   0   0   0   0   0   0   0   0   0   0   0   0   0   0   0   0   0   0   0   0   0   0   0   0   0   0   0   0   0   0   0   0   0   0   0   0   0   0   0   0   0 128   0   0   0  32   0   0 192   0   0   0   0 112   0   0  80 
 64   0   0   0   0   0   0   0   0   0   0   0   0   0   0   0   0   0   0   0   0   0   0   0   0   0  32   0   0   0   0   0   0   0   0   0   0   0   0   0   0   0   0   0   0   0   0   0   0  96   0   0   0   0   0   0 160   0   0   0   0  80   0   0  48 
 64   0   0   0   0   0   0   0   0   0   0   0   0   0   0   0   0   0   0   0   0   0   0   0   0   0   0   0   0   0  96   0   0   0   0   0   0   0   0   0   0   0   0   0   0   0   0   0   0  64   0   0   0   0   0   0 128   0   0   0   0 192  64   0 160 
 64   0   0   0   0   0   0   0   0   0   0   0   0   0   0   0   0   0   0   0   0   0   0   0   0   0   0   0   0   0  64   0   0   0   0   0   0   0   0   0   0   0   0   0   0   0   0   0   0  32   0   0   0   0   0   0 160   0   0   0   0 160  32 240 128 
 64   0   0   0   0   0   0   0   0   0   0   0   0   0   0   0   0   0   0   0   0   0   0   0   0   0   0   0   0   0  32   0   0   0   0   0   0   0   0   0   0   0   0   0   0   0   0   0   0   0   0   0   0   0   0   0 128   0   0   0   0 128   0 208  96 
 64   0   0   0   0   0   0   0   0   0   0   0   0   0   0   0   0   0   0   0   0   0   0   0   0   0   0   0   0   0   0   0   0   0   0   0   0   0   0   0   0   0   0   0   0   0   0   0   0   0   0   0   0   0   0   0  96   0   0   0   0  96   0 176 208 
 64   0   0   0   0   0   0   0   0   0   0   0   0   0   0   0   0   0   0   0   0   0   0   0   0   0   0 176   0   0   0   0   0   0   0   0   0   0   0   0   0   0   0   0   0   0   0   0   0   0   0   0   0   0   0   0  64   0   0   0   0  64   0 144 176 
 64   0   0   0   0   0   0   0   0   0   0   0   0   0   0   0   0   0   0   0   0   0   0   0   0   0   0 144   0   0   0   0   0   0   0   0   0   0   0   0   0   0   0   0   0   0   0   0   0   0   0   0   0   0   0   0  32   0   0   0   0  32   0 112 144 
 64   0   0   0   0   0   0   0   0   0   0   0   0   0   0   0   0   0   0   0   0   0   0   0   0   0   0 112   0   0   0   0   0   0   0   0   0   0   0   0   0   0   0   0   0   0   0   0   0   0   0   0   0   0   0   0   0   0   0   0   0   0   0  80 112 
 64   0   0   0   0   0   0   0   0   0   0   0   0   0   0   0   0   0   0   0   0 160   0   0   0   0   0  80   0   0   0   0   0   0   0   0   0   0   0   0   0   0   0   0   0   0   0   0   0   0   0   0   0   0   0   0   0   0   0   0   0   0   0  48  80 
 64   0   0   0   0   0   0   0   0   0   0   0   0   0   0   0   0   0   0   0   0 128   0   0   0   0   0  48   0   0   0   0   0   0   0   0   0   0   0   0   0   0   0   0   0   0   0   0   0   0   0   0   0   0   0   0   0   0   0   0   0   0   0  16  48 
 64   0   0   0   0 224   0   0 255   0   0   0   0   0   0   0   0   0   0   0   0  96   0   0   0   0   0 176   0   0   0   0   0   0   0   0   0   0   0   0   0   0   0   0   0   0   0   0   0   0   0   0   0   0   0   0   0   0   0   0   0   0   0   0  16 
 64   0   0   0   0 192   0 240 224   0   0   0   0   0   0   0   0   0   0   0   0  64   0   0   0   0   0 144   0   0   0   0   0   0   0   0   0   0   0   0   0   0   0   0   0   0   0   0   0   0   0   0   0   0   0   0   0   0   0   0   0   0   0   0   0 
 64   0   0   0   0 160   0 208 192   0   0   0   0   0   0   0   0   0   0   0   0  32   0   0   0   0   0 112   0   0   0   0   0   0   0   0   0   0   0   0   0   0   0   0   0   0   0   0   0   0   0   0   0   0   0   0   0   0   0   0   0 255   0  96 128 
 64   0   0   0   0 128   0 176 160   0   0   0   0   0   0   0   0   0   0   0   0   0   0   0   0   0   0  80   0   0   0   0   0   0   0   0   0   0   0   0   0   0   0   0   0   0   0   0   0   0   0   0   0   0   0   0   0   0   0   0   0 224   0  64  96 
 64   0   0   0   0  96   0 144 128   0   0   0   0   0   0   0   0   0   0   0   0   0   0   0   0   0   0  48   0   0   0   0   0   0   0   0   0   0   0   0   0   0   0   0   0   0   0   0   0   0   0   0   0   0   0   0   0   0   0   0   0 192   0  32  64 
 64   0   0   0   0  64   0 112  96   0   0   0   0   0   0   0   0   0   0   0   0   0   0   0   0   0   0  16   0   0   0   0   0   0   0   0   0   0   0   0   0   0   0   0   0   0   0   0   0   0   0   0   0   0   0   0  48   0   0   0   0 160   0   0  32 
 64   0   0   0   0  32   0  80  64   0   0   0   0   0   0   0   0   0   0   0   0   0   0   0   0   0   0   0   0   0   0   0   0   0   0   0   0   0   0   0   0   0   0   0   0   0   0   0   0   0   0   0   0   0   0   0  16   0   0   0   0 128   0   0   0 
 64   0   0   0   0   0   0  48  32   0   0   0   0   0   0   0   0   0   0   0   0   0   0   0   0   0   0   0   0   0   0   0   0   0   0   0   0   0   0 192 224   0   0   0   0   0   0   0   0   0   0   0   0   0   0   0   0   0   0   0   0  96   0   0   0 
 64   0   0   0   0   0   0  16   0   0   0   0   0   0   0   0   0   0   0   0   0   0   0   0   0   0   0   0   0   0   0   0   0   0   0   0   0   0 240 160 192   0   0   0   0   0   0   0   0 255 192   0 255   0   0   0   0   0   0   0   0  64   0   0   0 
 64   0   0   0   0   0   0   0   0  64   0   0  32   0   0   0   0   0   0   0   0   0   0   0   0   0   0   0   0   0   0   0   0   0   0   0   0   0 208 128 160   0   0   0   0   0   0   0   0 224 160   0 224   0   0   0   0   0   0   0   0  32   0   0   0 
 64   0   0   0   0   0   0   0   0  32   0 240   0   0   0   0   0   0   0   0   0   0   0   0   0   0   0   0  96   0   0   0   0   0   0   0   0   0 176  96 128   0   0   0   0   0   0   0   0 192 128   0 192   0   0   0   0   0   0   0   0   0   0   0   0 
 64   0   0   0   0   0   0   0   0  32   0 240   0   0   0   0   0   0   0   0   0   0   0   0   0   0   0   0  64   0   0   0   0   0   0   0   0   0 144  64  96   0   0   0   0   0   0   0   0 160  96   0 160 160   0   0   0   0   0   0   0   0   0   0   0 
 64   0   0   0   0   0   0   0   0   0   0 208   0   0   0   0   0   0   0   0   0   0   0   0   0   0   0   0  32   0   0   0   0   0   0   0   0   0 112  32  64   0   0   0   0   0   0   0   0 128  64   0 128 240   0   0   0   0   0   0   0   0   0   0   0 
 64   0   0   0   0   0   0   0   0   0   0 176   0   0   0   0   0   0   0   0   0   0   0   0   0   0   0   0   0   0   0   0   0   0   0   0   0   0  80   0  32   0   0   0   0   0   0   0   0  96  32   0  96 208   0   0   0   0   0   0   0   0   0   0   0 
 64   0   0   0   0   0   0   0   0   0   0 144   0   0   0   0   0   0   0   0   0   0   0   0   0   0   0   0   0   0   0   0   0   0   0   0   0   0  48   0   0   0   0   0   0   0   0   0   0  64   0   0  64 176   0   0 224   0   0   0   0   0   0   0   0 
 64   0   0   0   0   0   0   0   0   0   0 112   0   0   0   0   0   0   0   0   0   0   0   0   0   0   0   0   0   0   0   0   0   0   0   0   0   0  16   0   0   0   0   0   0   0   0   0   0  32   0   0  32 144   0   0 192  96   0 255   0   0   0   0   0 
 64   0   0   0   0   0   0   0   0   0   0  80   0   0   0   0   0   0   0   0   0   0   0   0   0   0   0   0   0   0   0   0   0   0   0   0   0   0   0   0   0   0   0   0   0   0   0   0   0 128   0   0   0 112   0   0 160  64   0 224   0   0   0   0   0 
 64   0   0   0   0   0   0   0   0   0 160  48   0   0   0   0   0   0   0   0   0   0   0   0   0   0   0   0   0   0   0   0   0   0   0   0   0   0   0   0   0   0   0   0   0   0   0   0   0  96   0   0   0  80   0   0 128  32   0 192   0   0   0   0   0 
 64   0   0   0   0   0   0   0   0   0 128 144   0   0   0   0   0   0   0   0   0   0   0   0   0   0   0   0   0   0   0   0   0   0   0   0   0   0   0   0   0   0   0   0   0   0   0   0   0  64   0   0   0  48 160   0  96   0   0 160   0   0   0   0   0 
 64   0   0   0   0   0   0   0   0   0  96 112   0   0   0   0   0   0   0   0   0   0   0   0   0   0   0   0   0   0   0   0   0   0   0   0   0   0   0   0   0   0   0   0   0   0   0   0   0  32   0   0   0  16 128   0  64   0   0 128   0   0   0   0   0 
 64   0   0   0   0   0   0   0   0   0  64  80   0   0   0   0   0   0   0   0   0   0   0   0   0   0   0   0   0   0   0   0   0   0   0   0   0   0   0   0   0   0   0   0   0   0   0   0   0   0   0   0   0   0  96   0  32   0   0  96   0   0   0   0   0 
 64   0   0   0   0   0   0   0   0   0  32  48   0   0   0   0   0   0   0   0   0   0   0   0   0   0   0   0   0   0   0   0   0   0   0   0   0   0   0   0   0   0   0   0   0   0   0   0   0   0   0   0   0   0  64   0   0   0   0  64   0   0   0   0   0 
 64   0   0   0   0   0   0   0   0  80   0  16   0   0   0   0   0   0   0   0   0   0   0   0   0   0   0   0   0   0   0   0   0   0   0   0   0   0   0   0   0   0   0   0   0   0   0   0   0   0   0   0   0   0  32   0   0   0   0  32   0   0   0 240   0 
 64   0   0   0   0   0   0   0   0  48   0  64   0   0   0   0   0   0   0   0   0   0  96   0   0   0   0   0   0   0   0   0   0   0   0   0   0   0   0   0   0   0   0   0   0   0   0   0   0   0   0   0   0   0   0   0   0 128   0   0   0   0   0 208   0 
 64   0   0   0   0   0   0   0   0  16   0  32   0   0   0   0   0   0   0   0   0   0  64   0   0   0   0   0   0   0   0   0   0   0   0   0   0   0   0   0   0   0   0   0   0   0   0   0   0   0   0   0   0   0   0   0   0  96   0   0   0   0   0 176   0 
 64   0   0   0   0   0   0   0   0   0   0   0   0   0   0   0   0   0   0   0   0   0  32   0   0   0   0   0   0   0   0   0   0   0   0   0   0   0   0   0   0   0   0   0   0   0   0   0   0   0   0   0   0  32 144   0  80  64   0   0   0   0   0 144   0 
 64   0   0   0   0   0   0   0   0   0   0   0   0   0   0   0   0   0   0   0   0   0   0   0   0   0   0   0   0   0   0   0   0   0   0   0   0   0   0   0   0   0   0   0   0   0   0   0   0   0   0   0   0   0 112   0  48  32   0   0   0   0   0 112   0 
 64   0   0   0   0   0   0   0   0   0   0   0   0   0   0   0   0   0   0   0   0   0   0   0   0   0   0   0   0   0   0   0   0   0   0   0   0   0   0   0   0   0   0   0   0   0   0   0   0   0   0   0   0   0  80   0  16   0   0   0   0   0   0  80   0 
 64   0   0   0   0   0   0   0   0   0   0   0   0   0   0   0   0 176   0   0  64   0   0   0   0   0   0   0   0   0   0   0   0   0   0   0   0   0   0   0   0   0   0   0   0   0   0   0   0  64   0   0   0   0  48   0   0   0   0   0   0   0   0  48   0 
 64   0   0 160   0   0   0   0   0   0   0   0   0   0   0   0   0 144   0   0  32   0   0   0   0   0   0   0   0   0   0   0   0   0   0   0   0   0   0   0   0   0   0   0   0   0   0   0   0  32   0   0   0   0  16   0 192   0   0   0   0   0   0 144   0 
 64   0   0 128   0   0   0   0   0   0   0   0   0   0   0   0   0 112   0   0   0   0   0   0   0   0   0   0   0   0   0   0   0   0   0   0   0   0   0   0   0   0   0   0   0   0 255 144   0   0   0   0   0   0   0   0 160   0   0   0   0   0   0 112   0 
 64   0   0  96   0   0   0   0   0   0   0   0   0   0   0   0   0  80   0   0   0   0   0   0   0   0   0   0   0   0   0   0   0   0   0   0   0   0   0   0   0   0   0   0   0   0 224 112   0   0   0   0   0 160   0   0 128   0   0   0   0   0   0  80   0 
 64   0   0  64   0   0   0   0   0   0   0   0   0   0   0   0   0  48   0   0   0   0   0   0   0   0   0   0   0   0   0   0   0   0   0   0   0   0   0   0   0   0   0   0   0   0 192  80   0   0   0   0   0 128   0   0  96   0   0   0   0   0   0  48   0 
 64   0   0  32   0   0   0   0   0   0   0   0   0   0   0   0   0  16   0   0   0   0   0   0   0   0   0   0   0   0   0   0   0   0   0   0   0   0   0   0   0   0   0   0   0   0 160  48   0   0   0   0   0  96   0   0  64   0   0   0   0   0   0  16   0 
 64   0   0   0   0   0   0   0   0   0   0   0   0   0   0   0   0   0   0   0   0   0   0   0   0   0   0   0   0 128   0  80   0   0   0   0   0   0   0   0   0   0   0   0   0   0 128  16   0   0   0   0 160  64   0   0  32   0   0   0   0   0   0   0   0 
 64 255   0 160   0   0   0   0   0   0   0   0   0   0   0   0   0   0   0   0   0   0   0   0   0   0   0   0   0  96   0  48   0   0   0   0   0   0   0   0   0   0   0   0   0   0  96   0   0   0   0   0 128  32   0   0   0   0   0   0   0   0   0   0   0 
 64 224   0 128 240   0   0   0   0   0   0   0   0   0   0   0   0   0   0   0   0   0   0   0   0   0   0   0   0  64   0  16   0   0   0   0   0   0   0   0   0   0   0   0   0   0  64   0   0   0   0   0  96   0   0   0   0   0   0   0   0   0   0   0   0 
 64 192   0  96 208   0   0   0   0   0   0   0   0   0   0   0   0   0   0   0 112   0   0   0   0   0   0   0   0  32   0   0   0   0   0   0   0   0   0   0   0   0   0   0   0   0  32   0   0   0   0   0  64   0   0   0   0   0   0   0   0   0   0   0   0 
 64 160   0 208 176   0   0   0   0   0   0   0   0   0   0   0   0   0   0   0  80   0   0   0   0   0   0   0   0   0   0   0   0   0   0   0   0   0   0   0   0   0   0   0   0   0   0   0   0   0   0   0  32   0   0   0   0   0   0   0   0   0   0   0   0 
 64 128   0 176 144   0   0   0   0   0   0   0   0   0   0   0   0   0   0   0  48   0   0   0   0   0   0   0   0   0   0   0   0   0   0   0   0   0   0   0   0   0   0   0   0   0   0 112   0   0   0   0   0   0   0   0   0   0   0   0   0   0   0   0   0 
 64  96   0 144 112   0   0   0   0   0   0   0   0   0   0   0   0   0   0   0  16   0   0   0   0   0   0   0   0   0   0   0   0   0   0   0   0   0   0   0   0   0   0   0   0   0   0  80   0   0   0   0   0   0   0   0   0   0   0   0   0   0 255  80   0 
 64  64   0 112  80   0   0   0   0   0   0   0   0   0   0   0   0   0   0   0   0   0   0   0   0   0   0   0   0   0   0   0   0   0   0   0   0   0   0   0   0   0   0   0   0   0   0  48   0   0   0   0   0   0   0   0   0   0   0   0   0   0 224  48   0 
 64  32   0  80  48   0   0   0   0   0   0   0   0   0   0   0   0   0   0   0   0   0   0   0   0   0   0   0   0   0   0   0   0   0   0   0   0   0   0   0   0   0   0   0   0   0   0  16   0   0   0   0   0   0   0   0   0   0   0   0   0   0 192  16   0 
 64   0   0  48  16   0   0   0   0   0   0   0   0   0   0   0   0   0   0   0   0   0   0   0   0   0   0   0   0   0   0   0   0   0   0   0   0   0   0   0   0   0   0   0   0   0   0   0   0   0   0   0   0   0   0   0   0  80   0   0   0   0 160   0   0 
 64   0   0  16   0   0   0   0   0   0   0   0   0   0   0   0   0   0   0   0   0   0   0   0   0   0   0   0   0   0   0   0   0   0   0   0   0   0   0   0   0   0   0   0   0   0   0   0   0   0   0   0   0   0   0   0   0  48   0   0   0   0 128   0   0 
 64  96   0 144 112   0   0   0   0   0   0   0   0   0   0   0   0   0   0   0   0   0   0   0   0   0   0   0   0  80   0   0   0   0   0   0   0   0   0   0   0   0   0   0   0   0   0   0  16   0   0   0   0   0   0   0   0  16   0   0   0   0  96   0   0 
 64  64   0 112  80   0   0   0   0   0   0   0   0   0   0   0   0   0   0   0   0   0   0   0   0   0   0   0   0  48   0   0   0   0   0   0   0   0   0   0   0   0   0   0   0   0   0   0   0   0   0   0   0   0   0   0   0   0   0   0   0   0  64   0   0 
 64  32   0  80  48   0   0   0   0   0   0   0   0   0   0   0   0   0   0   0   0   0   0   0   0   0   0   0   0  16   0   0   0   0   0   0   0   0   0   0   0   0   0   0   0   0   0   0   0   0   0   0   0   0   0   0   0   0   0   0   0   0  32   0   0 
 64   0   0  48  16   0   0   0   0   0   0   0   0   0   0   0   0   0   0   0   0   0   0   0   0   0   0   0   0   0   0   0   0   0   0   0   0   0   0   0   0   0   0   0   0   0   0   0   0   0   0   0   0   0   0   0   0   0   0   0   0   0   0   0   0 
 64   0   0  16   0   0   0   0   0   0   0   0   0   0   0   0   0   0   0   0   0   0   0   0   0   0   0   0   0   0   0   0   0   0   0   0   0   0   0   0   0   0   0   0   0   0   0   0   0   0   0   0   0   0   0   0   0   0   0   0   0   0   0   0 112 
 64   0   0   0   0   0   0   0   0   0   0   0   0   0   0   0   0   0   0   0   0   0   0   0   0   0   0   0   0   0   0   0   0   0   0   0   0   0   0   0   0   0   0   0   0   0   0   0   0   0   0   0   0   0   0   0   0   0   0   0   0   0   0   0  80 
 64   0   0   0   0   0   0   0   0   0   0   0   0   0   0   0   0   0   0   0   0   0   0   0   0   0   0   0   0   0   0   0   0   0   0   0   0   0   0   0   0   0   0   0   0   0   0   0   0   0   0   0   0   0   0   0   0   0   0   0   0   0   0   0  48 
 64   0   0   0   0   0   0   0   0   0   0   0   0   0   0   0   0   0   0   0   0   0   0   0   0   0   0   0   0   0   0   0   0   0   0   0   0   0   0   0   0   0   0   0   0   0   0   0   0   0   0   0   0   0   0   0   0   0 240   0 240   0   0   0  64 
 64   0   0   0   0   0   0   0   0   0   0   0   0   0   0   0   0   0   0   0   0   0   0   0   0   0   0   0   0   0   0   0   0   0   0   0   0   0   0   0   0   0   0   0   0   0   0   0   0   0 160   0   0   0   0   0   0   0 208   0 208   0   0   0  32 
 64   0   0   0   0   0   0   0   0   0   0   0   0   0   0   0   0   0   0   0   0   0   0   0   0   0   0   0   0   0   0   0   0   0   0   0   0   0   0   0   0   0   0   0   0   0   0   0   0   0 128   0   0   0   0   0   0   0 176   0 176   0   0   0   0 
 64   0   0   0  96   0   0   0   0   0   0   0   0   0   0   0   0   0   0   0   0   0   0   0   0   0   0   0   0   0   0   0   0   0   0   0   0   0   0   0   0   0   0   0   0   0   0   0   0   0  96   0   0   0   0   0   0   0 144   0 144   0   0   0   0 
 64   0   0   0  64   0   0   0   0   0   0   0   0   0   0   0   0   0   0   0   0   0   0   0   0   0   0   0   0   0   0   0   0   0   0   0   0   0   0   0   0   0   0   0   0   0   0   0   0   0  64   0   0   0   0   0   0   0 112   0 112   0   0   0   0 
 64   0   0   0  32   0   0   0   0   0   0   0   0   0   0   0   0   0   0   0   0   0   0   0   0   0   0   0   0   0   0   0   0   0   0   0   0   0   0   0   0   0   0   0   0   0   0   0   0   0  32   0   0   0   0   0   0   0  80   0  80   0   0   0   0 
 64  48   0   0   0   0   0   0   0   0   0   0   0   0   0   0   0   0   0   0   0   0   0   0   0   0   0   0   0   0   0   0   0   0   0   0   0   0   0   0   0   0   0   0   0   0   0   0   0   0   0   0   0   0   0   0   0   0  48   0  48   0   0   0   0 
 64  16   0   0   0   0   0   0   0   0   0   0   0   0   0   0   0   0   0   0   0   0   0   0   0   0   0   0   0   0   0   0   0   0   0   0   0   0   0   0   0   0   0   0   0   0   0   0   0   0   0   0   0   0   0   0   0   0  16   0  16   0   0   0   0 
 64   0   0   0   0   0   0   0   0   0   0   0   0   0   0   0   0   0   0   0   0   0   0   0   0   0   0   0   0   0   0   0   0   0   0   0   0   0   0   0   0   0   0   0   0   0   0   0   0   0   0   0   0   0   0   0   0   0   0   0   0   0   0   0   0 
 64   0   0   0   0   0   0   0   0   0   0   0   0   0   0   0   0   0   0   0   0   0   0   0   0   0   0   0   0   0   0   0   0   0   0   0   0   0   0   0   0   0   0   0   0   0   0   0   0   0   0   0   0   0   0   0   0   0   0   0   0   0   0   0   0 
 64   0   0   0   0   0   0   0   0   0   0   0   0   0   0   0   0   0   0   0   0   0   0   0   0   0   0   0   0   0   0   0   0   0   0   0   0   0   0   0   0   0   0   0   0   0   0   0   0 112   0   0   0   0   0   0   0   0   0   0   0   0   0   0   0 
 64   0   0   0   0   0   0   0   0   0   0   0   0   0   0   0   0   0   0   0   0   0   0   0   0   0   0   0   0   0   0   0   0   0   0   0   0   0   0   0   0   0   0   0   0   0   0   0   0  80   0   0   0   0   0   0   0   0   0   0   0   0   0   0   0 
 64   0   0   0   0   0   0   0   0   0   0   0   0   0   0   0   0   0   0   0   0   0   0   0   0   0   0   0   0   0   0   0   0   0   0   0   0   0   0   0   0   0   0   0   0   0   0   0   0  48   0   0   0   0   0   0   0   0   0   0   0   0   0   0   0 
 64   0   0   0   0   0   0   0   0   0   0   0   0   0   0   0   0   0   0   0   0   0   0   0   0   0   0   0   0   0   0   0   0   0   0   0   0   0   0   0 240   0   0   0   0   0   0   0   0  16   0   0   0   0   0   0   0   0   0   0   0   0   0   0   0 
 64   0   0   0   0   0   0   0   0   0   0   0   0   0   0   0   0 192   0 192  32   0   0   0   0   0   0   0   0   0   0   0   0   0   0   0   0   0   0   0 208   0   0   0   0   0   0   0   0   0   0   0   0   0   0   0   0   0   0   0   0   0   0   0   0 
 64   0   0   0   0   0   0   0   0   0   0   0   0   0   0   0   0 160   0 160   0   0   0   0   0   0   0   0   0   0   0   0   0   0   0  16 208   0   0 208 176   0   0   0   0   0   0   0   0   0   0   0   0   0   0   0   0   0   0   0   0   0   0   0   0 
 64   0   0   0   0   0   0   0   0   0   0   0   0   0   0   0   0 128   0 128   0   0   0   0   0   0   0   0   0   0   0   0   0   0   0   0 176   0   0 176 144   0   0   0   0   0   0   0   0   0   0   0   0   0   0   0   0   0   0   0   0   0   0   0   0 
 64   0   0   0   0   0   0   0   0   0   0   0   0   0   0  16  32  96   0  96   0   0   0   0   0   0   0   0   0   0   0   0   0   0   0   0 144   0   0 144 112   0   0   0   0   0   0   0   0   0   0   0   0   0   0   0   0   0   0   0   0   0   0   0   0 
 64   0   0   0   0   0   0   0   0   0   0   0   0   0   0   0   0  64   0  64   0   0   0   0   0   0 208 128   0   0   0   0   0   0   0   0 112   0   0 112  80   0   0   0   0   0   0   0   0   0   0   0   0   0   0   0   0   0   0   0   0   0   0   0   0 
 64   0   0   0   0   0   0   0   0   0   0   0   0   0   0   0   0  32   0  32   0   0   0   0   0   0 176  96   0   0   0   0   0 192   0   0  80   0   0  80  48   0   0   0   0   0   0   0   0   0   0   0   0   0   0   0   0   0   0   0   0   0   0   0   0 
 64   0   0   0   0   0   0   0   0   0   0   0   0   0   0 208   0   0   0   0   0   0   0   0   0   0 144  64   0   0   0   0   0 160   0   0  48   0   0  48  16   0   0   0   0   0   0   0   0   0   0   0   0   0   0   0   0   0   0   0   0   0   0   0   0 
 64   0   0   0   0   0   0   0   0   0   0   0   0   0   0 176   0   0   0   0   0   0   0   0   0   0 112  32   0   0   0   0   0 128   0   0  16   0   0  16   0   0   0   0   0   0   0   0   0   0   0   0   0   0   0   0   0   0   0   0   0   0   0   0   0 
 64   0   0   0   0   0   0   0   0   0   0   0   0   0   0 176   0   0   0   0   0   0   0   0   0   0  80   0   0   0   0   0   0  96   0   0   0   0   0   0   0   0   0   0   0   0   0   0   0   0   0   0   0   0   0  64   0   0   0   0   0   0   0   0   0 
